time="2024-01-29 21:59:09" level=info func=new_demo/middleware.Logger.func1 file="F:/new_demo/middleware/logger.go:86" ClientIp="::1" DataSize=44 HostName=DESKTOP-HIPHS03 Method=POST Path=/login SpendTime="22 ms" StatusCode=200 UserAgent=axios/1.6.5
time="2024-01-29 21:59:09" level=info func=new_demo/middleware.Logger.func1 file="F:/new_demo/middleware/logger.go:86" ClientIp="::1" DataSize=44 HostName=DESKTOP-HIPHS03 Method=POST Path=/login SpendTime="0 ms" StatusCode=200 UserAgent=axios/1.6.5
time="2024-01-29 21:59:09" level=info func=new_demo/middleware.Logger.func1 file="F:/new_demo/middleware/logger.go:86" ClientIp="::1" DataSize=44 HostName=DESKTOP-HIPHS03 Method=POST Path=/login SpendTime="0 ms" StatusCode=200 UserAgent=axios/1.6.5
time="2024-01-29 21:59:09" level=info func=new_demo/middleware.Logger.func1 file="F:/new_demo/middleware/logger.go:86" ClientIp="::1" DataSize=44 HostName=DESKTOP-HIPHS03 Method=POST Path=/login SpendTime="0 ms" StatusCode=200 UserAgent=axios/1.6.5
time="2024-01-29 21:59:09" level=info func=new_demo/middleware.Logger.func1 file="F:/new_demo/middleware/logger.go:86" ClientIp="::1" DataSize=44 HostName=DESKTOP-HIPHS03 Method=POST Path=/login SpendTime="0 ms" StatusCode=200 UserAgent=axios/1.6.5
time="2024-01-29 22:02:10" level=info func=new_demo/middleware.Logger.func1 file="F:/new_demo/middleware/logger.go:86" ClientIp="::1" DataSize=44 HostName=DESKTOP-HIPHS03 Method=POST Path=/login SpendTime="0 ms" StatusCode=200 UserAgent=axios/1.6.5
time="2024-01-29 22:02:10" level=info func=new_demo/middleware.Logger.func1 file="F:/new_demo/middleware/logger.go:86" ClientIp="::1" DataSize=186 HostName=DESKTOP-HIPHS03 Method=POST Path=/login SpendTime="17 ms" StatusCode=200 UserAgent=axios/1.6.5
time="2024-01-29 22:03:10" level=info func=new_demo/middleware.Logger.func1 file="F:/new_demo/middleware/logger.go:86" ClientIp="::1" DataSize=37 HostName=DESKTOP-HIPHS03 Method=GET Path=/api/v1/article/cateArt SpendTime="4 ms" StatusCode=200 UserAgent=axios/1.6.5
time="2024-01-29 22:03:10" level=info func=new_demo/middleware.Logger.func1 file="F:/new_demo/middleware/logger.go:86" ClientIp="::1" DataSize=37 HostName=DESKTOP-HIPHS03 Method=GET Path=/api/v1/article/cateArt SpendTime="1 ms" StatusCode=200 UserAgent=axios/1.6.5
time="2024-01-29 22:03:10" level=info func=new_demo/middleware.Logger.func1 file="F:/new_demo/middleware/logger.go:86" ClientIp="::1" DataSize=3506 HostName=DESKTOP-HIPHS03 Method=GET Path=/api/v1/article/detail SpendTime="3 ms" StatusCode=200 UserAgent=axios/1.6.5
time="2024-01-29 22:03:10" level=info func=new_demo/middleware.Logger.func1 file="F:/new_demo/middleware/logger.go:86" ClientIp="::1" DataSize=1967 HostName=DESKTOP-HIPHS03 Method=GET Path="/api/v1/article/detail?pageSize=6&pageNum=1" SpendTime="1 ms" StatusCode=200 UserAgent=axios/1.6.5
time="2024-01-29 22:03:10" level=info func=new_demo/middleware.Logger.func1 file="F:/new_demo/middleware/logger.go:86" ClientIp="::1" DataSize=424 HostName=DESKTOP-HIPHS03 Method=GET Path=/api/v1/category/detail SpendTime="0 ms" StatusCode=200 UserAgent=axios/1.6.5
time="2024-01-29 22:03:10" level=info func=new_demo/middleware.Logger.func1 file="F:/new_demo/middleware/logger.go:86" ClientIp="::1" DataSize=37 HostName=DESKTOP-HIPHS03 Method=GET Path=/api/v1/article/cateArt SpendTime="0 ms" StatusCode=200 UserAgent=axios/1.6.5
time="2024-01-29 22:03:10" level=info func=new_demo/middleware.Logger.func1 file="F:/new_demo/middleware/logger.go:86" ClientIp="::1" DataSize=37 HostName=DESKTOP-HIPHS03 Method=GET Path=/api/v1/article/cateArt SpendTime="0 ms" StatusCode=200 UserAgent=axios/1.6.5
time="2024-01-29 22:03:10" level=info func=new_demo/middleware.Logger.func1 file="F:/new_demo/middleware/logger.go:86" ClientIp="::1" DataSize=3506 HostName=DESKTOP-HIPHS03 Method=GET Path=/api/v1/article/detail SpendTime="1 ms" StatusCode=200 UserAgent=axios/1.6.5
time="2024-01-29 22:03:10" level=info func=new_demo/middleware.Logger.func1 file="F:/new_demo/middleware/logger.go:86" ClientIp="::1" DataSize=1967 HostName=DESKTOP-HIPHS03 Method=GET Path="/api/v1/article/detail?pageSize=6&pageNum=1" SpendTime="1 ms" StatusCode=200 UserAgent=axios/1.6.5
time="2024-01-29 22:03:10" level=info func=new_demo/middleware.Logger.func1 file="F:/new_demo/middleware/logger.go:86" ClientIp="::1" DataSize=424 HostName=DESKTOP-HIPHS03 Method=GET Path=/api/v1/category/detail SpendTime="0 ms" StatusCode=200 UserAgent=axios/1.6.5
time="2024-01-29 22:03:10" level=info func=new_demo/middleware.Logger.func1 file="F:/new_demo/middleware/logger.go:86" ClientIp="::1" DataSize=186 HostName=DESKTOP-HIPHS03 Method=POST Path=/login SpendTime="0 ms" StatusCode=200 UserAgent=axios/1.6.5
time="2024-01-29 22:03:10" level=info func=new_demo/middleware.Logger.func1 file="F:/new_demo/middleware/logger.go:86" ClientIp="::1" DataSize=37 HostName=DESKTOP-HIPHS03 Method=GET Path=/api/v1/article/cateArt SpendTime="0 ms" StatusCode=200 UserAgent=axios/1.6.5
time="2024-01-29 22:03:10" level=info func=new_demo/middleware.Logger.func1 file="F:/new_demo/middleware/logger.go:86" ClientIp="::1" DataSize=37 HostName=DESKTOP-HIPHS03 Method=GET Path=/api/v1/article/cateArt SpendTime="0 ms" StatusCode=200 UserAgent=axios/1.6.5
time="2024-01-29 22:03:10" level=info func=new_demo/middleware.Logger.func1 file="F:/new_demo/middleware/logger.go:86" ClientIp="::1" DataSize=3506 HostName=DESKTOP-HIPHS03 Method=GET Path=/api/v1/article/detail SpendTime="1 ms" StatusCode=200 UserAgent=axios/1.6.5
time="2024-01-29 22:03:10" level=info func=new_demo/middleware.Logger.func1 file="F:/new_demo/middleware/logger.go:86" ClientIp="::1" DataSize=1967 HostName=DESKTOP-HIPHS03 Method=GET Path="/api/v1/article/detail?pageSize=6&pageNum=1" SpendTime="0 ms" StatusCode=200 UserAgent=axios/1.6.5
time="2024-01-29 22:03:10" level=info func=new_demo/middleware.Logger.func1 file="F:/new_demo/middleware/logger.go:86" ClientIp="::1" DataSize=424 HostName=DESKTOP-HIPHS03 Method=GET Path=/api/v1/category/detail SpendTime="0 ms" StatusCode=200 UserAgent=axios/1.6.5
time="2024-01-29 22:03:10" level=info func=new_demo/middleware.Logger.func1 file="F:/new_demo/middleware/logger.go:86" ClientIp="::1" DataSize=37 HostName=DESKTOP-HIPHS03 Method=GET Path=/api/v1/article/cateArt SpendTime="0 ms" StatusCode=200 UserAgent=axios/1.6.5
time="2024-01-29 22:03:10" level=info func=new_demo/middleware.Logger.func1 file="F:/new_demo/middleware/logger.go:86" ClientIp="::1" DataSize=37 HostName=DESKTOP-HIPHS03 Method=GET Path=/api/v1/article/cateArt SpendTime="0 ms" StatusCode=200 UserAgent=axios/1.6.5
time="2024-01-29 22:03:10" level=info func=new_demo/middleware.Logger.func1 file="F:/new_demo/middleware/logger.go:86" ClientIp="::1" DataSize=3506 HostName=DESKTOP-HIPHS03 Method=GET Path=/api/v1/article/detail SpendTime="1 ms" StatusCode=200 UserAgent=axios/1.6.5
time="2024-01-29 22:03:10" level=info func=new_demo/middleware.Logger.func1 file="F:/new_demo/middleware/logger.go:86" ClientIp="::1" DataSize=1967 HostName=DESKTOP-HIPHS03 Method=GET Path="/api/v1/article/detail?pageSize=6&pageNum=1" SpendTime="1 ms" StatusCode=200 UserAgent=axios/1.6.5
time="2024-01-29 22:03:10" level=info func=new_demo/middleware.Logger.func1 file="F:/new_demo/middleware/logger.go:86" ClientIp="::1" DataSize=424 HostName=DESKTOP-HIPHS03 Method=GET Path=/api/v1/category/detail SpendTime="0 ms" StatusCode=200 UserAgent=axios/1.6.5
time="2024-01-29 22:03:10" level=info func=new_demo/middleware.Logger.func1 file="F:/new_demo/middleware/logger.go:86" ClientIp="::1" DataSize=1763 HostName=DESKTOP-HIPHS03 Method=GET Path=/api/v1/manager/ SpendTime="2 ms" StatusCode=200 UserAgent=axios/1.6.5
time="2024-01-29 22:03:10" level=info func=new_demo/middleware.Logger.func1 file="F:/new_demo/middleware/logger.go:86" ClientIp="::1" DataSize=302 HostName=DESKTOP-HIPHS03 Method=GET Path=/api/v1/role/ SpendTime="0 ms" StatusCode=200 UserAgent=axios/1.6.5
time="2024-01-29 22:03:10" level=info func=new_demo/middleware.Logger.func1 file="F:/new_demo/middleware/logger.go:86" ClientIp="::1" DataSize=332 HostName=DESKTOP-HIPHS03 Method=GET Path=/api/v1/manager/7 SpendTime="0 ms" StatusCode=200 UserAgent=axios/1.6.5
time="2024-01-29 22:04:10" level=info func=new_demo/middleware.Logger.func1 file="F:/new_demo/middleware/logger.go:86" ClientIp="::1" DataSize=302 HostName=DESKTOP-HIPHS03 Method=GET Path=/api/v1/role/ SpendTime="1 ms" StatusCode=200 UserAgent=axios/1.6.5
time="2024-01-29 22:04:10" level=info func=new_demo/middleware.Logger.func1 file="F:/new_demo/middleware/logger.go:86" ClientIp="::1" DataSize=332 HostName=DESKTOP-HIPHS03 Method=GET Path=/api/v1/manager/7 SpendTime="2 ms" StatusCode=200 UserAgent=axios/1.6.5
time="2024-01-29 22:04:10" level=info func=new_demo/middleware.Logger.func1 file="F:/new_demo/middleware/logger.go:86" ClientIp="::1" DataSize=302 HostName=DESKTOP-HIPHS03 Method=GET Path=/api/v1/role/ SpendTime="0 ms" StatusCode=200 UserAgent=axios/1.6.5
time="2024-01-29 22:04:10" level=info func=new_demo/middleware.Logger.func1 file="F:/new_demo/middleware/logger.go:86" ClientIp="::1" DataSize=332 HostName=DESKTOP-HIPHS03 Method=GET Path=/api/v1/manager/7 SpendTime="0 ms" StatusCode=200 UserAgent=axios/1.6.5
time="2024-01-29 22:04:10" level=info func=new_demo/middleware.Logger.func1 file="F:/new_demo/middleware/logger.go:86" ClientIp="::1" DataSize=1763 HostName=DESKTOP-HIPHS03 Method=GET Path=/api/v1/manager/ SpendTime="1 ms" StatusCode=200 UserAgent=axios/1.6.5
time="2024-01-29 22:04:10" level=info func=new_demo/middleware.Logger.func1 file="F:/new_demo/middleware/logger.go:86" ClientIp="::1" DataSize=1763 HostName=DESKTOP-HIPHS03 Method=GET Path=/api/v1/manager/ SpendTime="1 ms" StatusCode=200 UserAgent=axios/1.6.5
time="2024-01-29 22:07:10" level=info func=new_demo/middleware.Logger.func1 file="F:/new_demo/middleware/logger.go:86" ClientIp="::1" DataSize=302 HostName=DESKTOP-HIPHS03 Method=GET Path=/api/v1/role/ SpendTime="0 ms" StatusCode=200 UserAgent=axios/1.6.5
time="2024-01-29 22:07:10" level=info func=new_demo/middleware.Logger.func1 file="F:/new_demo/middleware/logger.go:86" ClientIp="::1" DataSize=332 HostName=DESKTOP-HIPHS03 Method=GET Path=/api/v1/manager/7 SpendTime="0 ms" StatusCode=200 UserAgent=axios/1.6.5
time="2024-01-29 22:08:10" level=info func=new_demo/middleware.Logger.func1 file="F:/new_demo/middleware/logger.go:86" ClientIp="::1" DataSize=302 HostName=DESKTOP-HIPHS03 Method=GET Path=/api/v1/role/ SpendTime="0 ms" StatusCode=200 UserAgent=axios/1.6.5
time="2024-01-29 22:08:10" level=info func=new_demo/middleware.Logger.func1 file="F:/new_demo/middleware/logger.go:86" ClientIp="::1" DataSize=332 HostName=DESKTOP-HIPHS03 Method=GET Path=/api/v1/manager/7 SpendTime="0 ms" StatusCode=200 UserAgent=axios/1.6.5
time="2024-01-29 22:08:10" level=info func=new_demo/middleware.Logger.func1 file="F:/new_demo/middleware/logger.go:86" ClientIp="::1" DataSize=302 HostName=DESKTOP-HIPHS03 Method=GET Path=/api/v1/role/ SpendTime="0 ms" StatusCode=200 UserAgent=axios/1.6.5
time="2024-01-29 22:08:10" level=info func=new_demo/middleware.Logger.func1 file="F:/new_demo/middleware/logger.go:86" ClientIp="::1" DataSize=332 HostName=DESKTOP-HIPHS03 Method=GET Path=/api/v1/manager/7 SpendTime="1 ms" StatusCode=200 UserAgent=axios/1.6.5
time="2024-01-29 22:08:10" level=info func=new_demo/middleware.Logger.func1 file="F:/new_demo/middleware/logger.go:86" ClientIp="::1" DataSize=302 HostName=DESKTOP-HIPHS03 Method=GET Path=/api/v1/role/ SpendTime="0 ms" StatusCode=200 UserAgent=axios/1.6.5
time="2024-01-29 22:08:10" level=info func=new_demo/middleware.Logger.func1 file="F:/new_demo/middleware/logger.go:86" ClientIp="::1" DataSize=332 HostName=DESKTOP-HIPHS03 Method=GET Path=/api/v1/manager/7 SpendTime="0 ms" StatusCode=200 UserAgent=axios/1.6.5
time="2024-01-29 22:08:10" level=info func=new_demo/middleware.Logger.func1 file="F:/new_demo/middleware/logger.go:86" ClientIp="::1" DataSize=302 HostName=DESKTOP-HIPHS03 Method=GET Path=/api/v1/role/ SpendTime="0 ms" StatusCode=200 UserAgent=axios/1.6.5
time="2024-01-29 22:08:10" level=info func=new_demo/middleware.Logger.func1 file="F:/new_demo/middleware/logger.go:86" ClientIp="::1" DataSize=332 HostName=DESKTOP-HIPHS03 Method=GET Path=/api/v1/manager/7 SpendTime="0 ms" StatusCode=200 UserAgent=axios/1.6.5
time="2024-01-29 22:09:10" level=info func=new_demo/middleware.Logger.func1 file="F:/new_demo/middleware/logger.go:86" ClientIp="::1" DataSize=302 HostName=DESKTOP-HIPHS03 Method=GET Path=/api/v1/role/ SpendTime="0 ms" StatusCode=200 UserAgent=axios/1.6.5
time="2024-01-29 22:09:10" level=info func=new_demo/middleware.Logger.func1 file="F:/new_demo/middleware/logger.go:86" ClientIp="::1" DataSize=332 HostName=DESKTOP-HIPHS03 Method=GET Path=/api/v1/manager/7 SpendTime="0 ms" StatusCode=200 UserAgent=axios/1.6.5
time="2024-01-29 22:09:10" level=info func=new_demo/middleware.Logger.func1 file="F:/new_demo/middleware/logger.go:86" ClientIp="::1" DataSize=302 HostName=DESKTOP-HIPHS03 Method=GET Path=/api/v1/role/ SpendTime="0 ms" StatusCode=200 UserAgent=axios/1.6.5
time="2024-01-29 22:09:10" level=info func=new_demo/middleware.Logger.func1 file="F:/new_demo/middleware/logger.go:86" ClientIp="::1" DataSize=332 HostName=DESKTOP-HIPHS03 Method=GET Path=/api/v1/manager/7 SpendTime="1 ms" StatusCode=200 UserAgent=axios/1.6.5
time="2024-01-29 22:09:10" level=info func=new_demo/middleware.Logger.func1 file="F:/new_demo/middleware/logger.go:86" ClientIp="::1" DataSize=302 HostName=DESKTOP-HIPHS03 Method=GET Path=/api/v1/role/ SpendTime="0 ms" StatusCode=200 UserAgent=axios/1.6.5
time="2024-01-29 22:09:10" level=info func=new_demo/middleware.Logger.func1 file="F:/new_demo/middleware/logger.go:86" ClientIp="::1" DataSize=332 HostName=DESKTOP-HIPHS03 Method=GET Path=/api/v1/manager/7 SpendTime="0 ms" StatusCode=200 UserAgent=axios/1.6.5
time="2024-01-29 22:09:10" level=info func=new_demo/middleware.Logger.func1 file="F:/new_demo/middleware/logger.go:86" ClientIp="::1" DataSize=302 HostName=DESKTOP-HIPHS03 Method=GET Path=/api/v1/role/ SpendTime="0 ms" StatusCode=200 UserAgent=axios/1.6.5
time="2024-01-29 22:09:10" level=info func=new_demo/middleware.Logger.func1 file="F:/new_demo/middleware/logger.go:86" ClientIp="::1" DataSize=332 HostName=DESKTOP-HIPHS03 Method=GET Path=/api/v1/manager/7 SpendTime="0 ms" StatusCode=200 UserAgent=axios/1.6.5
time="2024-01-29 22:10:10" level=info func=new_demo/middleware.Logger.func1 file="F:/new_demo/middleware/logger.go:86" ClientIp="::1" DataSize=302 HostName=DESKTOP-HIPHS03 Method=GET Path=/api/v1/role/ SpendTime="0 ms" StatusCode=200 UserAgent=axios/1.6.5
time="2024-01-29 22:10:10" level=info func=new_demo/middleware.Logger.func1 file="F:/new_demo/middleware/logger.go:86" ClientIp="::1" DataSize=332 HostName=DESKTOP-HIPHS03 Method=GET Path=/api/v1/manager/7 SpendTime="0 ms" StatusCode=200 UserAgent=axios/1.6.5
time="2024-01-29 22:11:10" level=info func=new_demo/middleware.Logger.func1 file="F:/new_demo/middleware/logger.go:86" ClientIp="::1" DataSize=302 HostName=DESKTOP-HIPHS03 Method=GET Path=/api/v1/role/ SpendTime="0 ms" StatusCode=200 UserAgent=axios/1.6.5
time="2024-01-29 22:11:10" level=info func=new_demo/middleware.Logger.func1 file="F:/new_demo/middleware/logger.go:86" ClientIp="::1" DataSize=332 HostName=DESKTOP-HIPHS03 Method=GET Path=/api/v1/manager/7 SpendTime="0 ms" StatusCode=200 UserAgent=axios/1.6.5
time="2024-01-29 22:11:10" level=info func=new_demo/middleware.Logger.func1 file="F:/new_demo/middleware/logger.go:86" ClientIp="::1" DataSize=302 HostName=DESKTOP-HIPHS03 Method=GET Path=/api/v1/role/ SpendTime="0 ms" StatusCode=200 UserAgent=axios/1.6.5
time="2024-01-29 22:11:10" level=info func=new_demo/middleware.Logger.func1 file="F:/new_demo/middleware/logger.go:86" ClientIp="::1" DataSize=332 HostName=DESKTOP-HIPHS03 Method=GET Path=/api/v1/manager/7 SpendTime="0 ms" StatusCode=200 UserAgent=axios/1.6.5
time="2024-01-29 22:11:10" level=info func=new_demo/middleware.Logger.func1 file="F:/new_demo/middleware/logger.go:86" ClientIp="::1" DataSize=302 HostName=DESKTOP-HIPHS03 Method=GET Path=/api/v1/role/ SpendTime="0 ms" StatusCode=200 UserAgent=axios/1.6.5
time="2024-01-29 22:11:10" level=info func=new_demo/middleware.Logger.func1 file="F:/new_demo/middleware/logger.go:86" ClientIp="::1" DataSize=332 HostName=DESKTOP-HIPHS03 Method=GET Path=/api/v1/manager/7 SpendTime="0 ms" StatusCode=200 UserAgent=axios/1.6.5
time="2024-01-29 22:14:10" level=info func=new_demo/middleware.Logger.func1 file="F:/new_demo/middleware/logger.go:86" ClientIp="::1" DataSize=302 HostName=DESKTOP-HIPHS03 Method=GET Path=/api/v1/role/ SpendTime="0 ms" StatusCode=200 UserAgent=axios/1.6.5
time="2024-01-29 22:14:10" level=info func=new_demo/middleware.Logger.func1 file="F:/new_demo/middleware/logger.go:86" ClientIp="::1" DataSize=332 HostName=DESKTOP-HIPHS03 Method=GET Path=/api/v1/manager/7 SpendTime="0 ms" StatusCode=200 UserAgent=axios/1.6.5
time="2024-01-29 22:15:10" level=info func=new_demo/middleware.Logger.func1 file="F:/new_demo/middleware/logger.go:86" ClientIp="::1" DataSize=302 HostName=DESKTOP-HIPHS03 Method=GET Path=/api/v1/role/ SpendTime="0 ms" StatusCode=200 UserAgent=axios/1.6.5
time="2024-01-29 22:15:10" level=info func=new_demo/middleware.Logger.func1 file="F:/new_demo/middleware/logger.go:86" ClientIp="::1" DataSize=332 HostName=DESKTOP-HIPHS03 Method=GET Path=/api/v1/manager/7 SpendTime="0 ms" StatusCode=200 UserAgent=axios/1.6.5
time="2024-01-29 22:15:10" level=info func=new_demo/middleware.Logger.func1 file="F:/new_demo/middleware/logger.go:86" ClientIp="::1" DataSize=302 HostName=DESKTOP-HIPHS03 Method=GET Path=/api/v1/role/ SpendTime="6 ms" StatusCode=200 UserAgent=axios/1.6.5
time="2024-01-29 22:15:10" level=info func=new_demo/middleware.Logger.func1 file="F:/new_demo/middleware/logger.go:86" ClientIp="::1" DataSize=332 HostName=DESKTOP-HIPHS03 Method=GET Path=/api/v1/manager/7 SpendTime="0 ms" StatusCode=200 UserAgent=axios/1.6.5
time="2024-01-29 22:15:10" level=info func=new_demo/middleware.Logger.func1 file="F:/new_demo/middleware/logger.go:86" ClientIp="::1" DataSize=302 HostName=DESKTOP-HIPHS03 Method=GET Path=/api/v1/role/ SpendTime="0 ms" StatusCode=200 UserAgent=axios/1.6.5
time="2024-01-29 22:15:10" level=info func=new_demo/middleware.Logger.func1 file="F:/new_demo/middleware/logger.go:86" ClientIp="::1" DataSize=332 HostName=DESKTOP-HIPHS03 Method=GET Path=/api/v1/manager/7 SpendTime="0 ms" StatusCode=200 UserAgent=axios/1.6.5
time="2024-01-29 22:15:10" level=info func=new_demo/middleware.Logger.func1 file="F:/new_demo/middleware/logger.go:86" ClientIp="::1" DataSize=302 HostName=DESKTOP-HIPHS03 Method=GET Path=/api/v1/role/ SpendTime="0 ms" StatusCode=200 UserAgent=axios/1.6.5
time="2024-01-29 22:15:10" level=info func=new_demo/middleware.Logger.func1 file="F:/new_demo/middleware/logger.go:86" ClientIp="::1" DataSize=332 HostName=DESKTOP-HIPHS03 Method=GET Path=/api/v1/manager/7 SpendTime="0 ms" StatusCode=200 UserAgent=axios/1.6.5
time="2024-01-29 22:15:10" level=info func=new_demo/middleware.Logger.func1 file="F:/new_demo/middleware/logger.go:86" ClientIp="::1" DataSize=1763 HostName=DESKTOP-HIPHS03 Method=GET Path=/api/v1/manager/ SpendTime="1 ms" StatusCode=200 UserAgent=axios/1.6.5
time="2024-01-29 22:16:10" level=info func=new_demo/middleware.Logger.func1 file="F:/new_demo/middleware/logger.go:86" ClientIp="::1" DataSize=302 HostName=DESKTOP-HIPHS03 Method=GET Path=/api/v1/role/ SpendTime="0 ms" StatusCode=200 UserAgent=axios/1.6.5
time="2024-01-29 22:16:10" level=info func=new_demo/middleware.Logger.func1 file="F:/new_demo/middleware/logger.go:86" ClientIp="::1" DataSize=332 HostName=DESKTOP-HIPHS03 Method=GET Path=/api/v1/manager/7 SpendTime="1 ms" StatusCode=200 UserAgent=axios/1.6.5
time="2024-01-29 22:17:10" level=info func=new_demo/middleware.Logger.func1 file="F:/new_demo/middleware/logger.go:86" ClientIp="::1" DataSize=302 HostName=DESKTOP-HIPHS03 Method=GET Path=/api/v1/role/ SpendTime="0 ms" StatusCode=200 UserAgent=axios/1.6.5
time="2024-01-29 22:17:10" level=info func=new_demo/middleware.Logger.func1 file="F:/new_demo/middleware/logger.go:86" ClientIp="::1" DataSize=332 HostName=DESKTOP-HIPHS03 Method=GET Path=/api/v1/manager/7 SpendTime="0 ms" StatusCode=200 UserAgent=axios/1.6.5
time="2024-01-29 22:17:10" level=info func=new_demo/middleware.Logger.func1 file="F:/new_demo/middleware/logger.go:86" ClientIp="::1" DataSize=1763 HostName=DESKTOP-HIPHS03 Method=GET Path=/api/v1/manager/ SpendTime="0 ms" StatusCode=200 UserAgent=axios/1.6.5
time="2024-01-29 22:17:10" level=info func=new_demo/middleware.Logger.func1 file="F:/new_demo/middleware/logger.go:86" ClientIp="::1" DataSize=302 HostName=DESKTOP-HIPHS03 Method=GET Path=/api/v1/role/ SpendTime="0 ms" StatusCode=200 UserAgent=axios/1.6.5
time="2024-01-29 22:17:10" level=info func=new_demo/middleware.Logger.func1 file="F:/new_demo/middleware/logger.go:86" ClientIp="::1" DataSize=344 HostName=DESKTOP-HIPHS03 Method=GET Path=/api/v1/manager/8 SpendTime="0 ms" StatusCode=200 UserAgent=axios/1.6.5
time="2024-01-29 22:17:10" level=info func=new_demo/middleware.Logger.func1 file="F:/new_demo/middleware/logger.go:86" ClientIp="::1" DataSize=302 HostName=DESKTOP-HIPHS03 Method=GET Path=/api/v1/role/ SpendTime="0 ms" StatusCode=200 UserAgent=axios/1.6.5
time="2024-01-29 22:17:10" level=info func=new_demo/middleware.Logger.func1 file="F:/new_demo/middleware/logger.go:86" ClientIp="::1" DataSize=332 HostName=DESKTOP-HIPHS03 Method=GET Path=/api/v1/manager/7 SpendTime="0 ms" StatusCode=200 UserAgent=axios/1.6.5
time="2024-01-29 22:18:10" level=info func=new_demo/middleware.Logger.func1 file="F:/new_demo/middleware/logger.go:86" ClientIp="::1" DataSize=302 HostName=DESKTOP-HIPHS03 Method=GET Path=/api/v1/role/ SpendTime="0 ms" StatusCode=200 UserAgent=axios/1.6.5
time="2024-01-29 22:18:10" level=info func=new_demo/middleware.Logger.func1 file="F:/new_demo/middleware/logger.go:86" ClientIp="::1" DataSize=332 HostName=DESKTOP-HIPHS03 Method=GET Path=/api/v1/manager/7 SpendTime="0 ms" StatusCode=200 UserAgent=axios/1.6.5
time="2024-01-29 22:18:10" level=info func=new_demo/middleware.Logger.func1 file="F:/new_demo/middleware/logger.go:86" ClientIp="::1" DataSize=302 HostName=DESKTOP-HIPHS03 Method=GET Path=/api/v1/role/ SpendTime="1 ms" StatusCode=200 UserAgent=axios/1.6.5
time="2024-01-29 22:18:10" level=info func=new_demo/middleware.Logger.func1 file="F:/new_demo/middleware/logger.go:86" ClientIp="::1" DataSize=332 HostName=DESKTOP-HIPHS03 Method=GET Path=/api/v1/manager/7 SpendTime="0 ms" StatusCode=200 UserAgent=axios/1.6.5
time="2024-01-29 22:18:10" level=info func=new_demo/middleware.Logger.func1 file="F:/new_demo/middleware/logger.go:86" ClientIp="::1" DataSize=302 HostName=DESKTOP-HIPHS03 Method=GET Path=/api/v1/role/ SpendTime="0 ms" StatusCode=200 UserAgent=axios/1.6.5
time="2024-01-29 22:18:10" level=info func=new_demo/middleware.Logger.func1 file="F:/new_demo/middleware/logger.go:86" ClientIp="::1" DataSize=332 HostName=DESKTOP-HIPHS03 Method=GET Path=/api/v1/manager/7 SpendTime="0 ms" StatusCode=200 UserAgent=axios/1.6.5
time="2024-01-29 22:18:10" level=info func=new_demo/middleware.Logger.func1 file="F:/new_demo/middleware/logger.go:86" ClientIp="::1" DataSize=302 HostName=DESKTOP-HIPHS03 Method=GET Path=/api/v1/role/ SpendTime="0 ms" StatusCode=200 UserAgent=axios/1.6.5
time="2024-01-29 22:18:10" level=info func=new_demo/middleware.Logger.func1 file="F:/new_demo/middleware/logger.go:86" ClientIp="::1" DataSize=332 HostName=DESKTOP-HIPHS03 Method=GET Path=/api/v1/manager/7 SpendTime="1 ms" StatusCode=200 UserAgent=axios/1.6.5
time="2024-01-29 22:19:10" level=info func=new_demo/middleware.Logger.func1 file="F:/new_demo/middleware/logger.go:86" ClientIp="::1" DataSize=302 HostName=DESKTOP-HIPHS03 Method=GET Path=/api/v1/role/ SpendTime="18 ms" StatusCode=200 UserAgent=axios/1.6.5
time="2024-01-29 22:19:10" level=info func=new_demo/middleware.Logger.func1 file="F:/new_demo/middleware/logger.go:86" ClientIp="::1" DataSize=377 HostName=DESKTOP-HIPHS03 Method=GET Path=/api/v1/manager/7 SpendTime="1 ms" StatusCode=200 UserAgent=axios/1.6.5
time="2024-01-29 22:19:10" level=info func=new_demo/middleware.Logger.func1 file="F:/new_demo/middleware/logger.go:86" ClientIp="::1" DataSize=1763 HostName=DESKTOP-HIPHS03 Method=GET Path=/api/v1/manager/ SpendTime="0 ms" StatusCode=200 UserAgent=axios/1.6.5
time="2024-01-29 22:20:10" level=info func=new_demo/middleware.Logger.func1 file="F:/new_demo/middleware/logger.go:86" ClientIp="::1" DataSize=302 HostName=DESKTOP-HIPHS03 Method=GET Path=/api/v1/role/ SpendTime="0 ms" StatusCode=200 UserAgent=axios/1.6.5
time="2024-01-29 22:20:10" level=info func=new_demo/middleware.Logger.func1 file="F:/new_demo/middleware/logger.go:86" ClientIp="::1" DataSize=377 HostName=DESKTOP-HIPHS03 Method=GET Path=/api/v1/manager/7 SpendTime="0 ms" StatusCode=200 UserAgent=axios/1.6.5
time="2024-01-29 22:20:10" level=info func=new_demo/middleware.Logger.func1 file="F:/new_demo/middleware/logger.go:86" ClientIp="::1" DataSize=302 HostName=DESKTOP-HIPHS03 Method=GET Path=/api/v1/role/ SpendTime="0 ms" StatusCode=200 UserAgent=axios/1.6.5
time="2024-01-29 22:20:10" level=info func=new_demo/middleware.Logger.func1 file="F:/new_demo/middleware/logger.go:86" ClientIp="::1" DataSize=372 HostName=DESKTOP-HIPHS03 Method=GET Path=/api/v1/manager/9 SpendTime="1 ms" StatusCode=200 UserAgent=axios/1.6.5
time="2024-01-29 22:21:10" level=info func=new_demo/middleware.Logger.func1 file="F:/new_demo/middleware/logger.go:86" ClientIp="::1" DataSize=302 HostName=DESKTOP-HIPHS03 Method=GET Path=/api/v1/role/ SpendTime="0 ms" StatusCode=200 UserAgent=axios/1.6.5
time="2024-01-29 22:21:10" level=info func=new_demo/middleware.Logger.func1 file="F:/new_demo/middleware/logger.go:86" ClientIp="::1" DataSize=372 HostName=DESKTOP-HIPHS03 Method=GET Path=/api/v1/manager/9 SpendTime="0 ms" StatusCode=200 UserAgent=axios/1.6.5
time="2024-01-29 22:22:10" level=info func=new_demo/middleware.Logger.func1 file="F:/new_demo/middleware/logger.go:86" ClientIp="::1" DataSize=302 HostName=DESKTOP-HIPHS03 Method=GET Path=/api/v1/role/ SpendTime="0 ms" StatusCode=200 UserAgent=axios/1.6.5
time="2024-01-29 22:22:10" level=info func=new_demo/middleware.Logger.func1 file="F:/new_demo/middleware/logger.go:86" ClientIp="::1" DataSize=372 HostName=DESKTOP-HIPHS03 Method=GET Path=/api/v1/manager/9 SpendTime="1 ms" StatusCode=200 UserAgent=axios/1.6.5
time="2024-01-29 22:22:10" level=info func=new_demo/middleware.Logger.func1 file="F:/new_demo/middleware/logger.go:86" ClientIp="::1" DataSize=302 HostName=DESKTOP-HIPHS03 Method=GET Path=/api/v1/role/ SpendTime="0 ms" StatusCode=200 UserAgent=axios/1.6.5
time="2024-01-29 22:22:10" level=info func=new_demo/middleware.Logger.func1 file="F:/new_demo/middleware/logger.go:86" ClientIp="::1" DataSize=372 HostName=DESKTOP-HIPHS03 Method=GET Path=/api/v1/manager/9 SpendTime="1 ms" StatusCode=200 UserAgent=axios/1.6.5
time="2024-01-29 22:23:10" level=info func=new_demo/middleware.Logger.func1 file="F:/new_demo/middleware/logger.go:86" ClientIp="::1" DataSize=302 HostName=DESKTOP-HIPHS03 Method=GET Path=/api/v1/role/ SpendTime="1 ms" StatusCode=200 UserAgent=axios/1.6.5
time="2024-01-29 22:23:10" level=info func=new_demo/middleware.Logger.func1 file="F:/new_demo/middleware/logger.go:86" ClientIp="::1" DataSize=372 HostName=DESKTOP-HIPHS03 Method=GET Path=/api/v1/manager/9 SpendTime="0 ms" StatusCode=200 UserAgent=axios/1.6.5
time="2024-01-29 22:23:10" level=info func=new_demo/middleware.Logger.func1 file="F:/new_demo/middleware/logger.go:86" ClientIp="::1" DataSize=302 HostName=DESKTOP-HIPHS03 Method=GET Path=/api/v1/role/ SpendTime="0 ms" StatusCode=200 UserAgent=axios/1.6.5
time="2024-01-29 22:23:10" level=info func=new_demo/middleware.Logger.func1 file="F:/new_demo/middleware/logger.go:86" ClientIp="::1" DataSize=372 HostName=DESKTOP-HIPHS03 Method=GET Path=/api/v1/manager/9 SpendTime="1 ms" StatusCode=200 UserAgent=axios/1.6.5
time="2024-01-29 22:23:10" level=warning func=new_demo/middleware.Logger.func1 file="F:/new_demo/middleware/logger.go:84" ClientIp="::1" DataSize=0 HostName=DESKTOP-HIPHS03 Method=PUT Path=/api/v1/manager/9 SpendTime="0 ms" StatusCode=404 UserAgent=axios/1.6.5
time="2024-01-29 22:24:10" level=info func=new_demo/middleware.Logger.func1 file="F:/new_demo/middleware/logger.go:86" ClientIp="::1" DataSize=302 HostName=DESKTOP-HIPHS03 Method=GET Path=/api/v1/role/ SpendTime="20 ms" StatusCode=200 UserAgent=axios/1.6.5
time="2024-01-29 22:24:10" level=info func=new_demo/middleware.Logger.func1 file="F:/new_demo/middleware/logger.go:86" ClientIp="::1" DataSize=372 HostName=DESKTOP-HIPHS03 Method=GET Path=/api/v1/manager/9 SpendTime="1 ms" StatusCode=200 UserAgent=axios/1.6.5
time="2024-01-29 22:24:10" level=info func=new_demo/middleware.Logger.func1 file="F:/new_demo/middleware/logger.go:86" ClientIp="::1" DataSize=280 HostName=DESKTOP-HIPHS03 Method=PUT Path=/api/v1/manager/9 SpendTime="2 ms" StatusCode=200 UserAgent=axios/1.6.5
time="2024-01-29 22:26:10" level=info func=new_demo/middleware.Logger.func1 file="F:/new_demo/middleware/logger.go:86" ClientIp="::1" DataSize=302 HostName=DESKTOP-HIPHS03 Method=GET Path=/api/v1/role/ SpendTime="0 ms" StatusCode=200 UserAgent=axios/1.6.5
time="2024-01-29 22:26:10" level=info func=new_demo/middleware.Logger.func1 file="F:/new_demo/middleware/logger.go:86" ClientIp="::1" DataSize=372 HostName=DESKTOP-HIPHS03 Method=GET Path=/api/v1/manager/9 SpendTime="0 ms" StatusCode=200 UserAgent=axios/1.6.5
time="2024-01-29 22:26:10" level=info func=new_demo/middleware.Logger.func1 file="F:/new_demo/middleware/logger.go:86" ClientIp="::1" DataSize=302 HostName=DESKTOP-HIPHS03 Method=GET Path=/api/v1/role/ SpendTime="0 ms" StatusCode=200 UserAgent=axios/1.6.5
time="2024-01-29 22:26:10" level=info func=new_demo/middleware.Logger.func1 file="F:/new_demo/middleware/logger.go:86" ClientIp="::1" DataSize=372 HostName=DESKTOP-HIPHS03 Method=GET Path=/api/v1/manager/9 SpendTime="0 ms" StatusCode=200 UserAgent=axios/1.6.5
time="2024-01-29 22:27:10" level=info func=new_demo/middleware.Logger.func1 file="F:/new_demo/middleware/logger.go:86" ClientIp="::1" DataSize=302 HostName=DESKTOP-HIPHS03 Method=PUT Path=/api/v1/manager/9 SpendTime="1 ms" StatusCode=200 UserAgent=axios/1.6.5
time="2024-01-29 22:29:10" level=info func=new_demo/middleware.Logger.func1 file="F:/new_demo/middleware/logger.go:86" ClientIp="::1" DataSize=302 HostName=DESKTOP-HIPHS03 Method=GET Path=/api/v1/role/ SpendTime="24 ms" StatusCode=200 UserAgent=axios/1.6.5
time="2024-01-29 22:29:10" level=info func=new_demo/middleware.Logger.func1 file="F:/new_demo/middleware/logger.go:86" ClientIp="::1" DataSize=371 HostName=DESKTOP-HIPHS03 Method=GET Path=/api/v1/manager/9 SpendTime="1 ms" StatusCode=200 UserAgent=axios/1.6.5
time="2024-01-29 22:29:10" level=info func=new_demo/middleware.Logger.func1 file="F:/new_demo/middleware/logger.go:86" ClientIp="::1" DataSize=302 HostName=DESKTOP-HIPHS03 Method=PUT Path=/api/v1/manager/9 SpendTime="2 ms" StatusCode=200 UserAgent=axios/1.6.5
time="2024-01-29 22:31:10" level=info func=new_demo/middleware.Logger.func1 file="F:/new_demo/middleware/logger.go:86" ClientIp="::1" DataSize=302 HostName=DESKTOP-HIPHS03 Method=GET Path=/api/v1/role/ SpendTime="19 ms" StatusCode=200 UserAgent=axios/1.6.5
time="2024-01-29 22:31:10" level=info func=new_demo/middleware.Logger.func1 file="F:/new_demo/middleware/logger.go:86" ClientIp="::1" DataSize=371 HostName=DESKTOP-HIPHS03 Method=GET Path=/api/v1/manager/9 SpendTime="1 ms" StatusCode=200 UserAgent=axios/1.6.5
time="2024-01-29 22:32:10" level=info func=new_demo/middleware.Logger.func1 file="F:/new_demo/middleware/logger.go:86" ClientIp="::1" DataSize=302 HostName=DESKTOP-HIPHS03 Method=GET Path=/api/v1/role/ SpendTime="0 ms" StatusCode=200 UserAgent=axios/1.6.5
time="2024-01-29 22:32:10" level=info func=new_demo/middleware.Logger.func1 file="F:/new_demo/middleware/logger.go:86" ClientIp="::1" DataSize=371 HostName=DESKTOP-HIPHS03 Method=GET Path=/api/v1/manager/9 SpendTime="1 ms" StatusCode=200 UserAgent=axios/1.6.5
time="2024-01-29 22:32:10" level=info func=new_demo/middleware.Logger.func1 file="F:/new_demo/middleware/logger.go:86" ClientIp="::1" DataSize=1762 HostName=DESKTOP-HIPHS03 Method=GET Path=/api/v1/manager/ SpendTime="1 ms" StatusCode=200 UserAgent=axios/1.6.5
time="2024-01-29 22:32:10" level=info func=new_demo/middleware.Logger.func1 file="F:/new_demo/middleware/logger.go:86" ClientIp="::1" DataSize=302 HostName=DESKTOP-HIPHS03 Method=GET Path=/api/v1/role/ SpendTime="0 ms" StatusCode=200 UserAgent=axios/1.6.5
time="2024-01-29 22:32:10" level=info func=new_demo/middleware.Logger.func1 file="F:/new_demo/middleware/logger.go:86" ClientIp="::1" DataSize=377 HostName=DESKTOP-HIPHS03 Method=GET Path=/api/v1/manager/7 SpendTime="0 ms" StatusCode=200 UserAgent=axios/1.6.5
time="2024-01-29 22:32:10" level=info func=new_demo/middleware.Logger.func1 file="F:/new_demo/middleware/logger.go:86" ClientIp="::1" DataSize=27 HostName=DESKTOP-HIPHS03 Method=PUT Path=/api/v1/manager/7 SpendTime="2 ms" StatusCode=200 UserAgent=axios/1.6.5
time="2024-01-29 22:32:10" level=info func=new_demo/middleware.Logger.func1 file="F:/new_demo/middleware/logger.go:86" ClientIp="::1" DataSize=1763 HostName=DESKTOP-HIPHS03 Method=GET Path=/api/v1/manager/ SpendTime="1 ms" StatusCode=200 UserAgent=axios/1.6.5
time="2024-01-29 22:32:10" level=info func=new_demo/middleware.Logger.func1 file="F:/new_demo/middleware/logger.go:86" ClientIp="::1" DataSize=1763 HostName=DESKTOP-HIPHS03 Method=GET Path=/api/v1/manager/ SpendTime="0 ms" StatusCode=200 UserAgent=axios/1.6.5
time="2024-01-29 22:32:10" level=info func=new_demo/middleware.Logger.func1 file="F:/new_demo/middleware/logger.go:86" ClientIp="::1" DataSize=302 HostName=DESKTOP-HIPHS03 Method=GET Path=/api/v1/role/ SpendTime="0 ms" StatusCode=200 UserAgent=axios/1.6.5
time="2024-01-29 22:32:10" level=info func=new_demo/middleware.Logger.func1 file="F:/new_demo/middleware/logger.go:86" ClientIp="::1" DataSize=378 HostName=DESKTOP-HIPHS03 Method=GET Path=/api/v1/manager/7 SpendTime="1 ms" StatusCode=200 UserAgent=axios/1.6.5
time="2024-01-29 22:33:10" level=info func=new_demo/middleware.Logger.func1 file="F:/new_demo/middleware/logger.go:86" ClientIp="::1" DataSize=27 HostName=DESKTOP-HIPHS03 Method=PUT Path=/api/v1/manager/7 SpendTime="1 ms" StatusCode=200 UserAgent=axios/1.6.5
time="2024-01-29 22:33:10" level=info func=new_demo/middleware.Logger.func1 file="F:/new_demo/middleware/logger.go:86" ClientIp="::1" DataSize=1763 HostName=DESKTOP-HIPHS03 Method=GET Path=/api/v1/manager/ SpendTime="0 ms" StatusCode=200 UserAgent=axios/1.6.5
time="2024-01-29 22:33:10" level=info func=new_demo/middleware.Logger.func1 file="F:/new_demo/middleware/logger.go:86" ClientIp="::1" DataSize=1763 HostName=DESKTOP-HIPHS03 Method=GET Path=/api/v1/manager/ SpendTime="0 ms" StatusCode=200 UserAgent=axios/1.6.5
time="2024-01-29 22:33:10" level=info func=new_demo/middleware.Logger.func1 file="F:/new_demo/middleware/logger.go:86" ClientIp="::1" DataSize=302 HostName=DESKTOP-HIPHS03 Method=GET Path=/api/v1/role/ SpendTime="0 ms" StatusCode=200 UserAgent=axios/1.6.5
time="2024-01-29 22:33:10" level=info func=new_demo/middleware.Logger.func1 file="F:/new_demo/middleware/logger.go:86" ClientIp="::1" DataSize=378 HostName=DESKTOP-HIPHS03 Method=GET Path=/api/v1/manager/7 SpendTime="0 ms" StatusCode=200 UserAgent=axios/1.6.5
time="2024-01-29 22:33:10" level=info func=new_demo/middleware.Logger.func1 file="F:/new_demo/middleware/logger.go:86" ClientIp="::1" DataSize=27 HostName=DESKTOP-HIPHS03 Method=PUT Path=/api/v1/manager/7 SpendTime="1 ms" StatusCode=200 UserAgent=axios/1.6.5
time="2024-01-29 22:33:10" level=info func=new_demo/middleware.Logger.func1 file="F:/new_demo/middleware/logger.go:86" ClientIp="::1" DataSize=1762 HostName=DESKTOP-HIPHS03 Method=GET Path=/api/v1/manager/ SpendTime="1 ms" StatusCode=200 UserAgent=axios/1.6.5
time="2024-01-29 22:33:10" level=info func=new_demo/middleware.Logger.func1 file="F:/new_demo/middleware/logger.go:86" ClientIp="::1" DataSize=1762 HostName=DESKTOP-HIPHS03 Method=GET Path=/api/v1/manager/ SpendTime="0 ms" StatusCode=200 UserAgent=axios/1.6.5
time="2024-01-29 22:34:10" level=info func=new_demo/middleware.Logger.func1 file="F:/new_demo/middleware/logger.go:86" ClientIp="::1" DataSize=1762 HostName=DESKTOP-HIPHS03 Method=GET Path=/api/v1/manager/ SpendTime="1 ms" StatusCode=200 UserAgent=axios/1.6.5
time="2024-01-29 22:34:10" level=info func=new_demo/middleware.Logger.func1 file="F:/new_demo/middleware/logger.go:86" ClientIp="::1" DataSize=1762 HostName=DESKTOP-HIPHS03 Method=GET Path=/api/v1/manager/ SpendTime="0 ms" StatusCode=200 UserAgent=axios/1.6.5
time="2024-01-29 22:34:10" level=info func=new_demo/middleware.Logger.func1 file="F:/new_demo/middleware/logger.go:86" ClientIp="::1" DataSize=302 HostName=DESKTOP-HIPHS03 Method=GET Path=/api/v1/role/ SpendTime="0 ms" StatusCode=200 UserAgent=axios/1.6.5
time="2024-01-29 22:34:10" level=info func=new_demo/middleware.Logger.func1 file="F:/new_demo/middleware/logger.go:86" ClientIp="::1" DataSize=377 HostName=DESKTOP-HIPHS03 Method=GET Path=/api/v1/manager/7 SpendTime="1 ms" StatusCode=200 UserAgent=axios/1.6.5
time="2024-01-29 22:35:10" level=info func=new_demo/middleware.Logger.func1 file="F:/new_demo/middleware/logger.go:86" ClientIp="::1" DataSize=302 HostName=DESKTOP-HIPHS03 Method=GET Path=/api/v1/role/ SpendTime="0 ms" StatusCode=200 UserAgent=axios/1.6.5
time="2024-01-29 22:35:10" level=info func=new_demo/middleware.Logger.func1 file="F:/new_demo/middleware/logger.go:86" ClientIp="::1" DataSize=377 HostName=DESKTOP-HIPHS03 Method=GET Path=/api/v1/manager/7 SpendTime="0 ms" StatusCode=200 UserAgent=axios/1.6.5
time="2024-01-29 22:36:10" level=info func=new_demo/middleware.Logger.func1 file="F:/new_demo/middleware/logger.go:86" ClientIp="::1" DataSize=27 HostName=DESKTOP-HIPHS03 Method=PUT Path=/api/v1/manager/7 SpendTime="1 ms" StatusCode=200 UserAgent=axios/1.6.5
time="2024-01-29 22:36:10" level=info func=new_demo/middleware.Logger.func1 file="F:/new_demo/middleware/logger.go:86" ClientIp="::1" DataSize=1762 HostName=DESKTOP-HIPHS03 Method=GET Path=/api/v1/manager/ SpendTime="0 ms" StatusCode=200 UserAgent=axios/1.6.5
time="2024-01-29 22:36:10" level=info func=new_demo/middleware.Logger.func1 file="F:/new_demo/middleware/logger.go:86" ClientIp="::1" DataSize=1762 HostName=DESKTOP-HIPHS03 Method=GET Path=/api/v1/manager/ SpendTime="1 ms" StatusCode=200 UserAgent=axios/1.6.5
time="2024-01-29 22:36:10" level=info func=new_demo/middleware.Logger.func1 file="F:/new_demo/middleware/logger.go:86" ClientIp="::1" DataSize=1762 HostName=DESKTOP-HIPHS03 Method=GET Path=/api/v1/manager/ SpendTime="0 ms" StatusCode=200 UserAgent=axios/1.6.5
time="2024-01-29 22:36:10" level=info func=new_demo/middleware.Logger.func1 file="F:/new_demo/middleware/logger.go:86" ClientIp="::1" DataSize=302 HostName=DESKTOP-HIPHS03 Method=GET Path=/api/v1/role/ SpendTime="0 ms" StatusCode=200 UserAgent=axios/1.6.5
time="2024-01-29 22:36:10" level=info func=new_demo/middleware.Logger.func1 file="F:/new_demo/middleware/logger.go:86" ClientIp="::1" DataSize=302 HostName=DESKTOP-HIPHS03 Method=GET Path=/api/v1/role/ SpendTime="0 ms" StatusCode=200 UserAgent=axios/1.6.5
