time="2024-01-25 19:51:07" level=info func=new_demo/middleware.Logger.func1 file="F:/new_demo/middleware/logger.go:86" ClientIp="::1" DataSize=187 HostName=DESKTOP-HIPHS03 Method=POST Path=/login SpendTime="21 ms" StatusCode=200 UserAgent=axios/1.6.5
time="2024-01-25 19:51:07" level=info func=new_demo/middleware.Logger.func1 file="F:/new_demo/middleware/logger.go:86" ClientIp="::1" DataSize=37 HostName=DESKTOP-HIPHS03 Method=GET Path=/api/v1/article/cateArt SpendTime="2 ms" StatusCode=200 UserAgent=axios/1.6.5
time="2024-01-25 19:51:07" level=info func=new_demo/middleware.Logger.func1 file="F:/new_demo/middleware/logger.go:86" ClientIp="::1" DataSize=37 HostName=DESKTOP-HIPHS03 Method=GET Path=/api/v1/article/cateArt SpendTime="0 ms" StatusCode=200 UserAgent=axios/1.6.5
time="2024-01-25 19:51:07" level=info func=new_demo/middleware.Logger.func1 file="F:/new_demo/middleware/logger.go:86" ClientIp="::1" DataSize=3555 HostName=DESKTOP-HIPHS03 Method=GET Path=/api/v1/article/detail SpendTime="3 ms" StatusCode=200 UserAgent=axios/1.6.5
time="2024-01-25 19:51:07" level=info func=new_demo/middleware.Logger.func1 file="F:/new_demo/middleware/logger.go:86" ClientIp="::1" DataSize=1984 HostName=DESKTOP-HIPHS03 Method=GET Path="/api/v1/article/detail?pageSize=6&pageNum=1" SpendTime="1 ms" StatusCode=200 UserAgent=axios/1.6.5
time="2024-01-25 19:51:07" level=info func=new_demo/middleware.Logger.func1 file="F:/new_demo/middleware/logger.go:86" ClientIp="::1" DataSize=424 HostName=DESKTOP-HIPHS03 Method=GET Path=/api/v1/category/detail SpendTime="0 ms" StatusCode=200 UserAgent=axios/1.6.5
time="2024-01-25 19:51:07" level=info func=new_demo/middleware.Logger.func1 file="F:/new_demo/middleware/logger.go:86" ClientIp="::1" DataSize=37 HostName=DESKTOP-HIPHS03 Method=GET Path=/api/v1/article/cateArt SpendTime="0 ms" StatusCode=200 UserAgent=axios/1.6.5
time="2024-01-25 19:51:07" level=info func=new_demo/middleware.Logger.func1 file="F:/new_demo/middleware/logger.go:86" ClientIp="::1" DataSize=37 HostName=DESKTOP-HIPHS03 Method=GET Path=/api/v1/article/cateArt SpendTime="0 ms" StatusCode=200 UserAgent=axios/1.6.5
time="2024-01-25 19:51:07" level=info func=new_demo/middleware.Logger.func1 file="F:/new_demo/middleware/logger.go:86" ClientIp="::1" DataSize=3555 HostName=DESKTOP-HIPHS03 Method=GET Path=/api/v1/article/detail SpendTime="1 ms" StatusCode=200 UserAgent=axios/1.6.5
time="2024-01-25 19:51:07" level=info func=new_demo/middleware.Logger.func1 file="F:/new_demo/middleware/logger.go:86" ClientIp="::1" DataSize=1984 HostName=DESKTOP-HIPHS03 Method=GET Path="/api/v1/article/detail?pageSize=6&pageNum=1" SpendTime="1 ms" StatusCode=200 UserAgent=axios/1.6.5
time="2024-01-25 19:51:07" level=info func=new_demo/middleware.Logger.func1 file="F:/new_demo/middleware/logger.go:86" ClientIp="::1" DataSize=424 HostName=DESKTOP-HIPHS03 Method=GET Path=/api/v1/category/detail SpendTime="0 ms" StatusCode=200 UserAgent=axios/1.6.5
time="2024-01-25 19:51:07" level=info func=new_demo/middleware.Logger.func1 file="F:/new_demo/middleware/logger.go:86" ClientIp="::1" DataSize=168 HostName=DESKTOP-HIPHS03 Method=GET Path=/api/v1/role/ SpendTime="2 ms" StatusCode=200 UserAgent=axios/1.6.5
time="2024-01-25 19:53:07" level=info func=new_demo/middleware.Logger.func1 file="F:/new_demo/middleware/logger.go:86" ClientIp="::1" DataSize=168 HostName=DESKTOP-HIPHS03 Method=GET Path=/api/v1/role/ SpendTime="0 ms" StatusCode=200 UserAgent=axios/1.6.5
time="2024-01-25 19:53:07" level=info func=new_demo/middleware.Logger.func1 file="F:/new_demo/middleware/logger.go:86" ClientIp="::1" DataSize=168 HostName=DESKTOP-HIPHS03 Method=GET Path=/api/v1/role/ SpendTime="0 ms" StatusCode=200 UserAgent=axios/1.6.5
time="2024-01-25 19:53:07" level=info func=new_demo/middleware.Logger.func1 file="F:/new_demo/middleware/logger.go:86" ClientIp="::1" DataSize=168 HostName=DESKTOP-HIPHS03 Method=GET Path=/api/v1/role/ SpendTime="0 ms" StatusCode=200 UserAgent=axios/1.6.5
time="2024-01-25 19:53:07" level=info func=new_demo/middleware.Logger.func1 file="F:/new_demo/middleware/logger.go:86" ClientIp="::1" DataSize=168 HostName=DESKTOP-HIPHS03 Method=GET Path=/api/v1/role/ SpendTime="0 ms" StatusCode=200 UserAgent=axios/1.6.5
time="2024-01-25 19:53:07" level=info func=new_demo/middleware.Logger.func1 file="F:/new_demo/middleware/logger.go:86" ClientIp="::1" DataSize=168 HostName=DESKTOP-HIPHS03 Method=GET Path=/api/v1/role/ SpendTime="0 ms" StatusCode=200 UserAgent=axios/1.6.5
time="2024-01-25 19:53:07" level=info func=new_demo/middleware.Logger.func1 file="F:/new_demo/middleware/logger.go:86" ClientIp="::1" DataSize=168 HostName=DESKTOP-HIPHS03 Method=GET Path=/api/v1/role/ SpendTime="0 ms" StatusCode=200 UserAgent=axios/1.6.5
time="2024-01-25 19:54:07" level=info func=new_demo/middleware.Logger.func1 file="F:/new_demo/middleware/logger.go:86" ClientIp="::1" DataSize=168 HostName=DESKTOP-HIPHS03 Method=GET Path=/api/v1/role/ SpendTime="0 ms" StatusCode=200 UserAgent=axios/1.6.5
time="2024-01-25 19:55:07" level=info func=new_demo/middleware.Logger.func1 file="F:/new_demo/middleware/logger.go:86" ClientIp="::1" DataSize=168 HostName=DESKTOP-HIPHS03 Method=GET Path=/api/v1/role/ SpendTime="0 ms" StatusCode=200 UserAgent=axios/1.6.5
time="2024-01-25 19:55:07" level=info func=new_demo/middleware.Logger.func1 file="F:/new_demo/middleware/logger.go:86" ClientIp="::1" DataSize=168 HostName=DESKTOP-HIPHS03 Method=GET Path=/api/v1/role/ SpendTime="0 ms" StatusCode=200 UserAgent=axios/1.6.5
time="2024-01-25 19:55:07" level=info func=new_demo/middleware.Logger.func1 file="F:/new_demo/middleware/logger.go:86" ClientIp="::1" DataSize=168 HostName=DESKTOP-HIPHS03 Method=GET Path=/api/v1/role/ SpendTime="0 ms" StatusCode=200 UserAgent=axios/1.6.5
time="2024-01-25 19:55:07" level=info func=new_demo/middleware.Logger.func1 file="F:/new_demo/middleware/logger.go:86" ClientIp="::1" DataSize=168 HostName=DESKTOP-HIPHS03 Method=GET Path=/api/v1/role/ SpendTime="0 ms" StatusCode=200 UserAgent=axios/1.6.5
time="2024-01-25 19:56:07" level=info func=new_demo/middleware.Logger.func1 file="F:/new_demo/middleware/logger.go:86" ClientIp="::1" DataSize=168 HostName=DESKTOP-HIPHS03 Method=GET Path=/api/v1/role/ SpendTime="0 ms" StatusCode=200 UserAgent=axios/1.6.5
time="2024-01-25 19:56:07" level=info func=new_demo/middleware.Logger.func1 file="F:/new_demo/middleware/logger.go:86" ClientIp="::1" DataSize=168 HostName=DESKTOP-HIPHS03 Method=GET Path=/api/v1/role/ SpendTime="0 ms" StatusCode=200 UserAgent=axios/1.6.5
time="2024-01-25 19:56:07" level=info func=new_demo/middleware.Logger.func1 file="F:/new_demo/middleware/logger.go:86" ClientIp="::1" DataSize=168 HostName=DESKTOP-HIPHS03 Method=GET Path=/api/v1/role/ SpendTime="0 ms" StatusCode=200 UserAgent=axios/1.6.5
time="2024-01-25 19:56:07" level=info func=new_demo/middleware.Logger.func1 file="F:/new_demo/middleware/logger.go:86" ClientIp="::1" DataSize=168 HostName=DESKTOP-HIPHS03 Method=GET Path=/api/v1/role/ SpendTime="0 ms" StatusCode=200 UserAgent=axios/1.6.5
time="2024-01-25 19:56:07" level=info func=new_demo/middleware.Logger.func1 file="F:/new_demo/middleware/logger.go:86" ClientIp="::1" DataSize=168 HostName=DESKTOP-HIPHS03 Method=GET Path=/api/v1/role/ SpendTime="0 ms" StatusCode=200 UserAgent=axios/1.6.5
time="2024-01-25 19:56:07" level=info func=new_demo/middleware.Logger.func1 file="F:/new_demo/middleware/logger.go:86" ClientIp="::1" DataSize=168 HostName=DESKTOP-HIPHS03 Method=GET Path=/api/v1/role/ SpendTime="0 ms" StatusCode=200 UserAgent=axios/1.6.5
time="2024-01-25 19:57:07" level=info func=new_demo/middleware.Logger.func1 file="F:/new_demo/middleware/logger.go:86" ClientIp="::1" DataSize=168 HostName=DESKTOP-HIPHS03 Method=GET Path=/api/v1/role/ SpendTime="0 ms" StatusCode=200 UserAgent=axios/1.6.5
time="2024-01-25 19:57:07" level=info func=new_demo/middleware.Logger.func1 file="F:/new_demo/middleware/logger.go:86" ClientIp="::1" DataSize=168 HostName=DESKTOP-HIPHS03 Method=GET Path=/api/v1/role/ SpendTime="0 ms" StatusCode=200 UserAgent=axios/1.6.5
time="2024-01-25 19:57:07" level=info func=new_demo/middleware.Logger.func1 file="F:/new_demo/middleware/logger.go:86" ClientIp="::1" DataSize=168 HostName=DESKTOP-HIPHS03 Method=GET Path=/api/v1/role/ SpendTime="1 ms" StatusCode=200 UserAgent=axios/1.6.5
time="2024-01-25 19:58:07" level=info func=new_demo/middleware.Logger.func1 file="F:/new_demo/middleware/logger.go:86" ClientIp="::1" DataSize=168 HostName=DESKTOP-HIPHS03 Method=GET Path=/api/v1/role/ SpendTime="0 ms" StatusCode=200 UserAgent=axios/1.6.5
time="2024-01-25 19:58:07" level=info func=new_demo/middleware.Logger.func1 file="F:/new_demo/middleware/logger.go:86" ClientIp="::1" DataSize=168 HostName=DESKTOP-HIPHS03 Method=GET Path=/api/v1/role/ SpendTime="0 ms" StatusCode=200 UserAgent=axios/1.6.5
time="2024-01-25 19:58:07" level=info func=new_demo/middleware.Logger.func1 file="F:/new_demo/middleware/logger.go:86" ClientIp="::1" DataSize=168 HostName=DESKTOP-HIPHS03 Method=GET Path=/api/v1/role/ SpendTime="0 ms" StatusCode=200 UserAgent=axios/1.6.5
time="2024-01-25 19:58:07" level=info func=new_demo/middleware.Logger.func1 file="F:/new_demo/middleware/logger.go:86" ClientIp="::1" DataSize=168 HostName=DESKTOP-HIPHS03 Method=GET Path=/api/v1/role/ SpendTime="0 ms" StatusCode=200 UserAgent=axios/1.6.5
time="2024-01-25 19:58:07" level=info func=new_demo/middleware.Logger.func1 file="F:/new_demo/middleware/logger.go:86" ClientIp="::1" DataSize=168 HostName=DESKTOP-HIPHS03 Method=GET Path=/api/v1/role/ SpendTime="0 ms" StatusCode=200 UserAgent=axios/1.6.5
time="2024-01-25 20:01:08" level=info func=new_demo/middleware.Logger.func1 file="F:/new_demo/middleware/logger.go:86" ClientIp="::1" DataSize=168 HostName=DESKTOP-HIPHS03 Method=GET Path=/api/v1/role/ SpendTime="1 ms" StatusCode=200 UserAgent=axios/1.6.5
time="2024-01-25 20:01:08" level=info func=new_demo/middleware.Logger.func1 file="F:/new_demo/middleware/logger.go:86" ClientIp="::1" DataSize=168 HostName=DESKTOP-HIPHS03 Method=GET Path=/api/v1/role/ SpendTime="1 ms" StatusCode=200 UserAgent=axios/1.6.5
time="2024-01-25 20:01:08" level=info func=new_demo/middleware.Logger.func1 file="F:/new_demo/middleware/logger.go:86" ClientIp="::1" DataSize=168 HostName=DESKTOP-HIPHS03 Method=GET Path=/api/v1/role/ SpendTime="0 ms" StatusCode=200 UserAgent=axios/1.6.5
time="2024-01-25 20:02:08" level=info func=new_demo/middleware.Logger.func1 file="F:/new_demo/middleware/logger.go:86" ClientIp="::1" DataSize=168 HostName=DESKTOP-HIPHS03 Method=GET Path=/api/v1/role/ SpendTime="0 ms" StatusCode=200 UserAgent=axios/1.6.5
time="2024-01-25 20:02:08" level=info func=new_demo/middleware.Logger.func1 file="F:/new_demo/middleware/logger.go:86" ClientIp="::1" DataSize=168 HostName=DESKTOP-HIPHS03 Method=GET Path=/api/v1/role/ SpendTime="0 ms" StatusCode=200 UserAgent=axios/1.6.5
time="2024-01-25 20:02:08" level=info func=new_demo/middleware.Logger.func1 file="F:/new_demo/middleware/logger.go:86" ClientIp="::1" DataSize=168 HostName=DESKTOP-HIPHS03 Method=GET Path=/api/v1/role/ SpendTime="0 ms" StatusCode=200 UserAgent=axios/1.6.5
time="2024-01-25 20:02:08" level=info func=new_demo/middleware.Logger.func1 file="F:/new_demo/middleware/logger.go:86" ClientIp="::1" DataSize=168 HostName=DESKTOP-HIPHS03 Method=GET Path=/api/v1/role/ SpendTime="0 ms" StatusCode=200 UserAgent=axios/1.6.5
time="2024-01-25 20:03:08" level=info func=new_demo/middleware.Logger.func1 file="F:/new_demo/middleware/logger.go:86" ClientIp="::1" DataSize=168 HostName=DESKTOP-HIPHS03 Method=GET Path=/api/v1/role/ SpendTime="0 ms" StatusCode=200 UserAgent=axios/1.6.5
time="2024-01-25 20:03:08" level=info func=new_demo/middleware.Logger.func1 file="F:/new_demo/middleware/logger.go:86" ClientIp="::1" DataSize=168 HostName=DESKTOP-HIPHS03 Method=GET Path=/api/v1/role/ SpendTime="0 ms" StatusCode=200 UserAgent=axios/1.6.5
time="2024-01-25 20:03:08" level=info func=new_demo/middleware.Logger.func1 file="F:/new_demo/middleware/logger.go:86" ClientIp="::1" DataSize=168 HostName=DESKTOP-HIPHS03 Method=GET Path=/api/v1/role/ SpendTime="0 ms" StatusCode=200 UserAgent=axios/1.6.5
time="2024-01-25 20:04:08" level=info func=new_demo/middleware.Logger.func1 file="F:/new_demo/middleware/logger.go:86" ClientIp="::1" DataSize=168 HostName=DESKTOP-HIPHS03 Method=GET Path=/api/v1/role/ SpendTime="0 ms" StatusCode=200 UserAgent=axios/1.6.5
time="2024-01-25 20:04:08" level=info func=new_demo/middleware.Logger.func1 file="F:/new_demo/middleware/logger.go:86" ClientIp="::1" DataSize=168 HostName=DESKTOP-HIPHS03 Method=GET Path=/api/v1/role/ SpendTime="0 ms" StatusCode=200 UserAgent=axios/1.6.5
time="2024-01-25 20:04:08" level=info func=new_demo/middleware.Logger.func1 file="F:/new_demo/middleware/logger.go:86" ClientIp="::1" DataSize=168 HostName=DESKTOP-HIPHS03 Method=GET Path=/api/v1/role/ SpendTime="0 ms" StatusCode=200 UserAgent=axios/1.6.5
time="2024-01-25 20:04:08" level=info func=new_demo/middleware.Logger.func1 file="F:/new_demo/middleware/logger.go:86" ClientIp="::1" DataSize=168 HostName=DESKTOP-HIPHS03 Method=GET Path=/api/v1/role/ SpendTime="0 ms" StatusCode=200 UserAgent=axios/1.6.5
time="2024-01-25 20:05:08" level=info func=new_demo/middleware.Logger.func1 file="F:/new_demo/middleware/logger.go:86" ClientIp="::1" DataSize=168 HostName=DESKTOP-HIPHS03 Method=GET Path=/api/v1/role/ SpendTime="0 ms" StatusCode=200 UserAgent=axios/1.6.5
time="2024-01-25 20:07:08" level=info func=new_demo/middleware.Logger.func1 file="F:/new_demo/middleware/logger.go:86" ClientIp="::1" DataSize=168 HostName=DESKTOP-HIPHS03 Method=GET Path=/api/v1/role/ SpendTime="0 ms" StatusCode=200 UserAgent=axios/1.6.5
time="2024-01-25 20:08:08" level=info func=new_demo/middleware.Logger.func1 file="F:/new_demo/middleware/logger.go:86" ClientIp="::1" DataSize=168 HostName=DESKTOP-HIPHS03 Method=GET Path=/api/v1/role/ SpendTime="0 ms" StatusCode=200 UserAgent=axios/1.6.5
time="2024-01-25 20:08:08" level=info func=new_demo/middleware.Logger.func1 file="F:/new_demo/middleware/logger.go:86" ClientIp="::1" DataSize=168 HostName=DESKTOP-HIPHS03 Method=GET Path=/api/v1/role/ SpendTime="0 ms" StatusCode=200 UserAgent=axios/1.6.5
time="2024-01-25 20:08:08" level=info func=new_demo/middleware.Logger.func1 file="F:/new_demo/middleware/logger.go:86" ClientIp="::1" DataSize=168 HostName=DESKTOP-HIPHS03 Method=GET Path=/api/v1/role/ SpendTime="0 ms" StatusCode=200 UserAgent=axios/1.6.5
time="2024-01-25 20:09:08" level=info func=new_demo/middleware.Logger.func1 file="F:/new_demo/middleware/logger.go:86" ClientIp="::1" DataSize=168 HostName=DESKTOP-HIPHS03 Method=GET Path=/api/v1/role/ SpendTime="0 ms" StatusCode=200 UserAgent=axios/1.6.5
time="2024-01-25 20:09:08" level=info func=new_demo/middleware.Logger.func1 file="F:/new_demo/middleware/logger.go:86" ClientIp="::1" DataSize=168 HostName=DESKTOP-HIPHS03 Method=GET Path=/api/v1/role/ SpendTime="0 ms" StatusCode=200 UserAgent=axios/1.6.5
time="2024-01-25 20:09:08" level=info func=new_demo/middleware.Logger.func1 file="F:/new_demo/middleware/logger.go:86" ClientIp="::1" DataSize=168 HostName=DESKTOP-HIPHS03 Method=GET Path=/api/v1/role/ SpendTime="0 ms" StatusCode=200 UserAgent=axios/1.6.5
time="2024-01-25 20:10:08" level=info func=new_demo/middleware.Logger.func1 file="F:/new_demo/middleware/logger.go:86" ClientIp="::1" DataSize=168 HostName=DESKTOP-HIPHS03 Method=GET Path=/api/v1/role/ SpendTime="0 ms" StatusCode=200 UserAgent=axios/1.6.5
time="2024-01-25 20:10:08" level=info func=new_demo/middleware.Logger.func1 file="F:/new_demo/middleware/logger.go:86" ClientIp="::1" DataSize=168 HostName=DESKTOP-HIPHS03 Method=GET Path=/api/v1/role/ SpendTime="0 ms" StatusCode=200 UserAgent=axios/1.6.5
time="2024-01-25 20:10:08" level=info func=new_demo/middleware.Logger.func1 file="F:/new_demo/middleware/logger.go:86" ClientIp="::1" DataSize=168 HostName=DESKTOP-HIPHS03 Method=GET Path=/api/v1/role/ SpendTime="0 ms" StatusCode=200 UserAgent=axios/1.6.5
time="2024-01-25 20:11:08" level=info func=new_demo/middleware.Logger.func1 file="F:/new_demo/middleware/logger.go:86" ClientIp="::1" DataSize=168 HostName=DESKTOP-HIPHS03 Method=GET Path=/api/v1/role/ SpendTime="0 ms" StatusCode=200 UserAgent=axios/1.6.5
time="2024-01-25 20:11:08" level=info func=new_demo/middleware.Logger.func1 file="F:/new_demo/middleware/logger.go:86" ClientIp="::1" DataSize=168 HostName=DESKTOP-HIPHS03 Method=GET Path=/api/v1/role/ SpendTime="0 ms" StatusCode=200 UserAgent=axios/1.6.5
time="2024-01-25 20:11:08" level=info func=new_demo/middleware.Logger.func1 file="F:/new_demo/middleware/logger.go:86" ClientIp="::1" DataSize=168 HostName=DESKTOP-HIPHS03 Method=GET Path=/api/v1/role/ SpendTime="0 ms" StatusCode=200 UserAgent=axios/1.6.5
time="2024-01-25 20:11:08" level=info func=new_demo/middleware.Logger.func1 file="F:/new_demo/middleware/logger.go:86" ClientIp="::1" DataSize=168 HostName=DESKTOP-HIPHS03 Method=GET Path=/api/v1/role/ SpendTime="0 ms" StatusCode=200 UserAgent=axios/1.6.5
time="2024-01-25 20:11:08" level=info func=new_demo/middleware.Logger.func1 file="F:/new_demo/middleware/logger.go:86" ClientIp="::1" DataSize=168 HostName=DESKTOP-HIPHS03 Method=GET Path=/api/v1/role/ SpendTime="0 ms" StatusCode=200 UserAgent=axios/1.6.5
time="2024-01-25 20:15:08" level=info func=new_demo/middleware.Logger.func1 file="F:/new_demo/middleware/logger.go:86" ClientIp="::1" DataSize=168 HostName=DESKTOP-HIPHS03 Method=GET Path=/api/v1/role/ SpendTime="0 ms" StatusCode=200 UserAgent=axios/1.6.5
time="2024-01-25 20:15:08" level=info func=new_demo/middleware.Logger.func1 file="F:/new_demo/middleware/logger.go:86" ClientIp="::1" DataSize=168 HostName=DESKTOP-HIPHS03 Method=GET Path=/api/v1/role/ SpendTime="0 ms" StatusCode=200 UserAgent=axios/1.6.5
time="2024-01-25 20:15:08" level=info func=new_demo/middleware.Logger.func1 file="F:/new_demo/middleware/logger.go:86" ClientIp="::1" DataSize=168 HostName=DESKTOP-HIPHS03 Method=GET Path=/api/v1/role/ SpendTime="0 ms" StatusCode=200 UserAgent=axios/1.6.5
time="2024-01-25 20:16:08" level=info func=new_demo/middleware.Logger.func1 file="F:/new_demo/middleware/logger.go:86" ClientIp="::1" DataSize=168 HostName=DESKTOP-HIPHS03 Method=GET Path=/api/v1/role/ SpendTime="0 ms" StatusCode=200 UserAgent=axios/1.6.5
time="2024-01-25 20:17:08" level=info func=new_demo/middleware.Logger.func1 file="F:/new_demo/middleware/logger.go:86" ClientIp="::1" DataSize=168 HostName=DESKTOP-HIPHS03 Method=GET Path=/api/v1/role/ SpendTime="0 ms" StatusCode=200 UserAgent=axios/1.6.5
time="2024-01-25 20:17:08" level=info func=new_demo/middleware.Logger.func1 file="F:/new_demo/middleware/logger.go:86" ClientIp="::1" DataSize=168 HostName=DESKTOP-HIPHS03 Method=GET Path=/api/v1/role/ SpendTime="0 ms" StatusCode=200 UserAgent=axios/1.6.5
time="2024-01-25 20:17:08" level=info func=new_demo/middleware.Logger.func1 file="F:/new_demo/middleware/logger.go:86" ClientIp="::1" DataSize=168 HostName=DESKTOP-HIPHS03 Method=GET Path=/api/v1/role/ SpendTime="0 ms" StatusCode=200 UserAgent=axios/1.6.5
time="2024-01-25 20:18:08" level=info func=new_demo/middleware.Logger.func1 file="F:/new_demo/middleware/logger.go:86" ClientIp="::1" DataSize=168 HostName=DESKTOP-HIPHS03 Method=GET Path=/api/v1/role/ SpendTime="0 ms" StatusCode=200 UserAgent=axios/1.6.5
time="2024-01-25 20:23:08" level=info func=new_demo/middleware.Logger.func1 file="F:/new_demo/middleware/logger.go:86" ClientIp="::1" DataSize=168 HostName=DESKTOP-HIPHS03 Method=GET Path=/api/v1/role/ SpendTime="0 ms" StatusCode=200 UserAgent=axios/1.6.5
time="2024-01-25 20:25:08" level=info func=new_demo/middleware.Logger.func1 file="F:/new_demo/middleware/logger.go:86" ClientIp="::1" DataSize=168 HostName=DESKTOP-HIPHS03 Method=GET Path=/api/v1/role/ SpendTime="1 ms" StatusCode=200 UserAgent=axios/1.6.5
time="2024-01-25 20:25:08" level=info func=new_demo/middleware.Logger.func1 file="F:/new_demo/middleware/logger.go:86" ClientIp="::1" DataSize=168 HostName=DESKTOP-HIPHS03 Method=GET Path=/api/v1/role/ SpendTime="0 ms" StatusCode=200 UserAgent=axios/1.6.5
time="2024-01-25 20:26:08" level=info func=new_demo/middleware.Logger.func1 file="F:/new_demo/middleware/logger.go:86" ClientIp="::1" DataSize=168 HostName=DESKTOP-HIPHS03 Method=GET Path=/api/v1/role/ SpendTime="0 ms" StatusCode=200 UserAgent=axios/1.6.5
time="2024-01-25 20:26:08" level=info func=new_demo/middleware.Logger.func1 file="F:/new_demo/middleware/logger.go:86" ClientIp="::1" DataSize=168 HostName=DESKTOP-HIPHS03 Method=GET Path=/api/v1/role/ SpendTime="0 ms" StatusCode=200 UserAgent=axios/1.6.5
time="2024-01-25 20:26:08" level=info func=new_demo/middleware.Logger.func1 file="F:/new_demo/middleware/logger.go:86" ClientIp="::1" DataSize=168 HostName=DESKTOP-HIPHS03 Method=GET Path=/api/v1/role/ SpendTime="0 ms" StatusCode=200 UserAgent=axios/1.6.5
time="2024-01-25 20:26:08" level=info func=new_demo/middleware.Logger.func1 file="F:/new_demo/middleware/logger.go:86" ClientIp="::1" DataSize=168 HostName=DESKTOP-HIPHS03 Method=GET Path=/api/v1/role/ SpendTime="0 ms" StatusCode=200 UserAgent=axios/1.6.5
time="2024-01-25 20:27:08" level=info func=new_demo/middleware.Logger.func1 file="F:/new_demo/middleware/logger.go:86" ClientIp="::1" DataSize=168 HostName=DESKTOP-HIPHS03 Method=GET Path=/api/v1/role/ SpendTime="0 ms" StatusCode=200 UserAgent=axios/1.6.5
time="2024-01-25 20:27:08" level=info func=new_demo/middleware.Logger.func1 file="F:/new_demo/middleware/logger.go:86" ClientIp="::1" DataSize=168 HostName=DESKTOP-HIPHS03 Method=GET Path=/api/v1/role/ SpendTime="0 ms" StatusCode=200 UserAgent=axios/1.6.5
time="2024-01-25 20:27:08" level=info func=new_demo/middleware.Logger.func1 file="F:/new_demo/middleware/logger.go:86" ClientIp="::1" DataSize=168 HostName=DESKTOP-HIPHS03 Method=GET Path=/api/v1/role/ SpendTime="1 ms" StatusCode=200 UserAgent=axios/1.6.5
time="2024-01-25 20:28:08" level=info func=new_demo/middleware.Logger.func1 file="F:/new_demo/middleware/logger.go:86" ClientIp="::1" DataSize=168 HostName=DESKTOP-HIPHS03 Method=GET Path=/api/v1/role/ SpendTime="0 ms" StatusCode=200 UserAgent=axios/1.6.5
time="2024-01-25 20:28:08" level=info func=new_demo/middleware.Logger.func1 file="F:/new_demo/middleware/logger.go:86" ClientIp="::1" DataSize=168 HostName=DESKTOP-HIPHS03 Method=GET Path=/api/v1/role/ SpendTime="0 ms" StatusCode=200 UserAgent=axios/1.6.5
time="2024-01-25 20:29:08" level=info func=new_demo/middleware.Logger.func1 file="F:/new_demo/middleware/logger.go:86" ClientIp="::1" DataSize=168 HostName=DESKTOP-HIPHS03 Method=GET Path=/api/v1/role/ SpendTime="0 ms" StatusCode=200 UserAgent=axios/1.6.5
time="2024-01-25 20:29:08" level=info func=new_demo/middleware.Logger.func1 file="F:/new_demo/middleware/logger.go:86" ClientIp="::1" DataSize=408 HostName=DESKTOP-HIPHS03 Method=GET Path=/api/v1/category/cateArtCount SpendTime="1 ms" StatusCode=200 UserAgent=axios/1.6.5
time="2024-01-25 20:29:08" level=info func=new_demo/middleware.Logger.func1 file="F:/new_demo/middleware/logger.go:86" ClientIp="::1" DataSize=168 HostName=DESKTOP-HIPHS03 Method=GET Path=/api/v1/role/ SpendTime="0 ms" StatusCode=200 UserAgent=axios/1.6.5
time="2024-01-25 20:29:08" level=info func=new_demo/middleware.Logger.func1 file="F:/new_demo/middleware/logger.go:86" ClientIp="::1" DataSize=168 HostName=DESKTOP-HIPHS03 Method=GET Path=/api/v1/role/ SpendTime="0 ms" StatusCode=200 UserAgent=axios/1.6.5
time="2024-01-25 20:30:08" level=info func=new_demo/middleware.Logger.func1 file="F:/new_demo/middleware/logger.go:86" ClientIp="::1" DataSize=168 HostName=DESKTOP-HIPHS03 Method=GET Path=/api/v1/role/ SpendTime="0 ms" StatusCode=200 UserAgent=axios/1.6.5
time="2024-01-25 20:30:08" level=info func=new_demo/middleware.Logger.func1 file="F:/new_demo/middleware/logger.go:86" ClientIp="::1" DataSize=168 HostName=DESKTOP-HIPHS03 Method=GET Path=/api/v1/role/ SpendTime="0 ms" StatusCode=200 UserAgent=axios/1.6.5
time="2024-01-25 20:31:08" level=info func=new_demo/middleware.Logger.func1 file="F:/new_demo/middleware/logger.go:86" ClientIp="::1" DataSize=168 HostName=DESKTOP-HIPHS03 Method=GET Path=/api/v1/role/ SpendTime="0 ms" StatusCode=200 UserAgent=axios/1.6.5
time="2024-01-25 20:31:08" level=info func=new_demo/middleware.Logger.func1 file="F:/new_demo/middleware/logger.go:86" ClientIp="::1" DataSize=168 HostName=DESKTOP-HIPHS03 Method=GET Path=/api/v1/role/ SpendTime="0 ms" StatusCode=200 UserAgent=axios/1.6.5
time="2024-01-25 20:33:08" level=info func=new_demo/middleware.Logger.func1 file="F:/new_demo/middleware/logger.go:86" ClientIp="::1" DataSize=168 HostName=DESKTOP-HIPHS03 Method=GET Path=/api/v1/role/ SpendTime="0 ms" StatusCode=200 UserAgent=axios/1.6.5
time="2024-01-25 20:33:08" level=info func=new_demo/middleware.Logger.func1 file="F:/new_demo/middleware/logger.go:86" ClientIp="::1" DataSize=168 HostName=DESKTOP-HIPHS03 Method=GET Path=/api/v1/role/ SpendTime="0 ms" StatusCode=200 UserAgent=axios/1.6.5
time="2024-01-25 20:35:08" level=info func=new_demo/middleware.Logger.func1 file="F:/new_demo/middleware/logger.go:86" ClientIp="::1" DataSize=168 HostName=DESKTOP-HIPHS03 Method=GET Path=/api/v1/role/ SpendTime="1 ms" StatusCode=200 UserAgent=axios/1.6.5
time="2024-01-25 20:35:08" level=info func=new_demo/middleware.Logger.func1 file="F:/new_demo/middleware/logger.go:86" ClientIp="::1" DataSize=168 HostName=DESKTOP-HIPHS03 Method=GET Path=/api/v1/role/ SpendTime="0 ms" StatusCode=200 UserAgent=axios/1.6.5
time="2024-01-25 20:35:08" level=info func=new_demo/middleware.Logger.func1 file="F:/new_demo/middleware/logger.go:86" ClientIp="::1" DataSize=168 HostName=DESKTOP-HIPHS03 Method=GET Path=/api/v1/role/ SpendTime="0 ms" StatusCode=200 UserAgent=axios/1.6.5
time="2024-01-25 20:37:08" level=info func=new_demo/middleware.Logger.func1 file="F:/new_demo/middleware/logger.go:86" ClientIp="::1" DataSize=168 HostName=DESKTOP-HIPHS03 Method=GET Path=/api/v1/role/ SpendTime="0 ms" StatusCode=200 UserAgent=axios/1.6.5
time="2024-01-25 20:37:08" level=info func=new_demo/middleware.Logger.func1 file="F:/new_demo/middleware/logger.go:86" ClientIp="::1" DataSize=168 HostName=DESKTOP-HIPHS03 Method=GET Path=/api/v1/role/ SpendTime="0 ms" StatusCode=200 UserAgent=axios/1.6.5
time="2024-01-25 20:40:08" level=info func=new_demo/middleware.Logger.func1 file="F:/new_demo/middleware/logger.go:86" ClientIp="::1" DataSize=168 HostName=DESKTOP-HIPHS03 Method=GET Path=/api/v1/role/ SpendTime="0 ms" StatusCode=200 UserAgent=axios/1.6.5
time="2024-01-25 20:41:08" level=info func=new_demo/middleware.Logger.func1 file="F:/new_demo/middleware/logger.go:86" ClientIp="::1" DataSize=168 HostName=DESKTOP-HIPHS03 Method=GET Path=/api/v1/role/ SpendTime="0 ms" StatusCode=200 UserAgent=axios/1.6.5
time="2024-01-25 20:41:08" level=info func=new_demo/middleware.Logger.func1 file="F:/new_demo/middleware/logger.go:86" ClientIp="::1" DataSize=168 HostName=DESKTOP-HIPHS03 Method=GET Path=/api/v1/role/ SpendTime="0 ms" StatusCode=200 UserAgent=axios/1.6.5
time="2024-01-25 20:42:08" level=info func=new_demo/middleware.Logger.func1 file="F:/new_demo/middleware/logger.go:86" ClientIp="::1" DataSize=168 HostName=DESKTOP-HIPHS03 Method=GET Path=/api/v1/role/ SpendTime="0 ms" StatusCode=200 UserAgent=axios/1.6.5
time="2024-01-25 20:42:08" level=info func=new_demo/middleware.Logger.func1 file="F:/new_demo/middleware/logger.go:86" ClientIp="::1" DataSize=168 HostName=DESKTOP-HIPHS03 Method=GET Path=/api/v1/role/ SpendTime="0 ms" StatusCode=200 UserAgent=axios/1.6.5
time="2024-01-25 20:42:08" level=info func=new_demo/middleware.Logger.func1 file="F:/new_demo/middleware/logger.go:86" ClientIp="::1" DataSize=168 HostName=DESKTOP-HIPHS03 Method=GET Path=/api/v1/role/ SpendTime="0 ms" StatusCode=200 UserAgent=axios/1.6.5
time="2024-01-25 20:44:08" level=info func=new_demo/middleware.Logger.func1 file="F:/new_demo/middleware/logger.go:86" ClientIp="::1" DataSize=168 HostName=DESKTOP-HIPHS03 Method=GET Path=/api/v1/role/ SpendTime="0 ms" StatusCode=200 UserAgent=axios/1.6.5
time="2024-01-25 20:46:08" level=info func=new_demo/middleware.Logger.func1 file="F:/new_demo/middleware/logger.go:86" ClientIp="::1" DataSize=168 HostName=DESKTOP-HIPHS03 Method=GET Path=/api/v1/role/ SpendTime="0 ms" StatusCode=200 UserAgent=axios/1.6.5
time="2024-01-25 20:46:08" level=info func=new_demo/middleware.Logger.func1 file="F:/new_demo/middleware/logger.go:86" ClientIp="::1" DataSize=168 HostName=DESKTOP-HIPHS03 Method=GET Path=/api/v1/role/ SpendTime="5 ms" StatusCode=200 UserAgent=axios/1.6.5
time="2024-01-25 20:47:08" level=info func=new_demo/middleware.Logger.func1 file="F:/new_demo/middleware/logger.go:86" ClientIp="::1" DataSize=168 HostName=DESKTOP-HIPHS03 Method=GET Path=/api/v1/role/ SpendTime="0 ms" StatusCode=200 UserAgent=axios/1.6.5
time="2024-01-25 20:47:08" level=info func=new_demo/middleware.Logger.func1 file="F:/new_demo/middleware/logger.go:86" ClientIp="::1" DataSize=168 HostName=DESKTOP-HIPHS03 Method=GET Path=/api/v1/role/ SpendTime="0 ms" StatusCode=200 UserAgent=axios/1.6.5
time="2024-01-25 20:48:08" level=info func=new_demo/middleware.Logger.func1 file="F:/new_demo/middleware/logger.go:86" ClientIp="::1" DataSize=168 HostName=DESKTOP-HIPHS03 Method=GET Path=/api/v1/role/ SpendTime="0 ms" StatusCode=200 UserAgent=axios/1.6.5
time="2024-01-25 20:49:08" level=info func=new_demo/middleware.Logger.func1 file="F:/new_demo/middleware/logger.go:86" ClientIp="::1" DataSize=168 HostName=DESKTOP-HIPHS03 Method=GET Path=/api/v1/role/ SpendTime="1 ms" StatusCode=200 UserAgent=axios/1.6.5
time="2024-01-25 20:49:08" level=info func=new_demo/middleware.Logger.func1 file="F:/new_demo/middleware/logger.go:86" ClientIp="::1" DataSize=168 HostName=DESKTOP-HIPHS03 Method=GET Path=/api/v1/role/ SpendTime="0 ms" StatusCode=200 UserAgent=axios/1.6.5
time="2024-01-25 20:55:08" level=info func=new_demo/middleware.Logger.func1 file="F:/new_demo/middleware/logger.go:86" ClientIp="::1" DataSize=168 HostName=DESKTOP-HIPHS03 Method=GET Path=/api/v1/role/ SpendTime="0 ms" StatusCode=200 UserAgent=axios/1.6.5
time="2024-01-25 20:55:08" level=info func=new_demo/middleware.Logger.func1 file="F:/new_demo/middleware/logger.go:86" ClientIp="::1" DataSize=168 HostName=DESKTOP-HIPHS03 Method=GET Path=/api/v1/role/ SpendTime="0 ms" StatusCode=200 UserAgent=axios/1.6.5
time="2024-01-25 20:55:08" level=info func=new_demo/middleware.Logger.func1 file="F:/new_demo/middleware/logger.go:86" ClientIp="::1" DataSize=168 HostName=DESKTOP-HIPHS03 Method=GET Path=/api/v1/role/ SpendTime="0 ms" StatusCode=200 UserAgent=axios/1.6.5
time="2024-01-25 20:57:08" level=info func=new_demo/middleware.Logger.func1 file="F:/new_demo/middleware/logger.go:86" ClientIp="::1" DataSize=168 HostName=DESKTOP-HIPHS03 Method=GET Path=/api/v1/role/ SpendTime="1 ms" StatusCode=200 UserAgent=axios/1.6.5
time="2024-01-25 20:58:08" level=info func=new_demo/middleware.Logger.func1 file="F:/new_demo/middleware/logger.go:86" ClientIp="::1" DataSize=168 HostName=DESKTOP-HIPHS03 Method=GET Path=/api/v1/role/ SpendTime="0 ms" StatusCode=200 UserAgent=axios/1.6.5
time="2024-01-25 20:59:08" level=info func=new_demo/middleware.Logger.func1 file="F:/new_demo/middleware/logger.go:86" ClientIp="::1" DataSize=168 HostName=DESKTOP-HIPHS03 Method=GET Path=/api/v1/role/ SpendTime="0 ms" StatusCode=200 UserAgent=axios/1.6.5
time="2024-01-25 20:59:08" level=info func=new_demo/middleware.Logger.func1 file="F:/new_demo/middleware/logger.go:86" ClientIp="::1" DataSize=168 HostName=DESKTOP-HIPHS03 Method=GET Path=/api/v1/role/ SpendTime="0 ms" StatusCode=200 UserAgent=axios/1.6.5
time="2024-01-25 21:00:09" level=info func=new_demo/middleware.Logger.func1 file="F:/new_demo/middleware/logger.go:86" ClientIp="::1" DataSize=168 HostName=DESKTOP-HIPHS03 Method=GET Path=/api/v1/role/ SpendTime="0 ms" StatusCode=200 UserAgent=axios/1.6.5
time="2024-01-25 21:00:09" level=info func=new_demo/middleware.Logger.func1 file="F:/new_demo/middleware/logger.go:86" ClientIp="::1" DataSize=168 HostName=DESKTOP-HIPHS03 Method=GET Path=/api/v1/role/ SpendTime="0 ms" StatusCode=200 UserAgent=axios/1.6.5
time="2024-01-25 21:00:09" level=info func=new_demo/middleware.Logger.func1 file="F:/new_demo/middleware/logger.go:86" ClientIp="::1" DataSize=168 HostName=DESKTOP-HIPHS03 Method=GET Path=/api/v1/role/ SpendTime="0 ms" StatusCode=200 UserAgent=axios/1.6.5
time="2024-01-25 21:00:09" level=info func=new_demo/middleware.Logger.func1 file="F:/new_demo/middleware/logger.go:86" ClientIp="::1" DataSize=168 HostName=DESKTOP-HIPHS03 Method=GET Path=/api/v1/role/ SpendTime="0 ms" StatusCode=200 UserAgent=axios/1.6.5
time="2024-01-25 21:01:09" level=info func=new_demo/middleware.Logger.func1 file="F:/new_demo/middleware/logger.go:86" ClientIp="::1" DataSize=168 HostName=DESKTOP-HIPHS03 Method=GET Path=/api/v1/role/ SpendTime="1 ms" StatusCode=200 UserAgent=axios/1.6.5
time="2024-01-25 21:01:09" level=info func=new_demo/middleware.Logger.func1 file="F:/new_demo/middleware/logger.go:86" ClientIp="::1" DataSize=168 HostName=DESKTOP-HIPHS03 Method=GET Path=/api/v1/role/ SpendTime="0 ms" StatusCode=200 UserAgent=axios/1.6.5
time="2024-01-25 21:01:09" level=info func=new_demo/middleware.Logger.func1 file="F:/new_demo/middleware/logger.go:86" ClientIp="::1" DataSize=168 HostName=DESKTOP-HIPHS03 Method=GET Path=/api/v1/role/ SpendTime="0 ms" StatusCode=200 UserAgent=axios/1.6.5
time="2024-01-25 21:02:09" level=info func=new_demo/middleware.Logger.func1 file="F:/new_demo/middleware/logger.go:86" ClientIp="::1" DataSize=168 HostName=DESKTOP-HIPHS03 Method=GET Path=/api/v1/role/ SpendTime="0 ms" StatusCode=200 UserAgent=axios/1.6.5
time="2024-01-25 21:02:09" level=info func=new_demo/middleware.Logger.func1 file="F:/new_demo/middleware/logger.go:86" ClientIp="::1" DataSize=168 HostName=DESKTOP-HIPHS03 Method=GET Path=/api/v1/role/ SpendTime="0 ms" StatusCode=200 UserAgent=axios/1.6.5
time="2024-01-25 21:02:09" level=info func=new_demo/middleware.Logger.func1 file="F:/new_demo/middleware/logger.go:86" ClientIp="::1" DataSize=168 HostName=DESKTOP-HIPHS03 Method=GET Path=/api/v1/role/ SpendTime="0 ms" StatusCode=200 UserAgent=axios/1.6.5
time="2024-01-25 21:03:09" level=info func=new_demo/middleware.Logger.func1 file="F:/new_demo/middleware/logger.go:86" ClientIp="::1" DataSize=168 HostName=DESKTOP-HIPHS03 Method=GET Path=/api/v1/role/ SpendTime="0 ms" StatusCode=200 UserAgent=axios/1.6.5
time="2024-01-25 21:03:09" level=info func=new_demo/middleware.Logger.func1 file="F:/new_demo/middleware/logger.go:86" ClientIp="::1" DataSize=168 HostName=DESKTOP-HIPHS03 Method=GET Path=/api/v1/role/ SpendTime="0 ms" StatusCode=200 UserAgent=axios/1.6.5
time="2024-01-25 21:03:09" level=info func=new_demo/middleware.Logger.func1 file="F:/new_demo/middleware/logger.go:86" ClientIp="::1" DataSize=168 HostName=DESKTOP-HIPHS03 Method=GET Path=/api/v1/role/ SpendTime="0 ms" StatusCode=200 UserAgent=axios/1.6.5
time="2024-01-25 21:04:09" level=info func=new_demo/middleware.Logger.func1 file="F:/new_demo/middleware/logger.go:86" ClientIp="::1" DataSize=168 HostName=DESKTOP-HIPHS03 Method=GET Path=/api/v1/role/ SpendTime="0 ms" StatusCode=200 UserAgent=axios/1.6.5
time="2024-01-25 21:04:09" level=info func=new_demo/middleware.Logger.func1 file="F:/new_demo/middleware/logger.go:86" ClientIp="::1" DataSize=168 HostName=DESKTOP-HIPHS03 Method=GET Path=/api/v1/role/ SpendTime="0 ms" StatusCode=200 UserAgent=axios/1.6.5
time="2024-01-25 21:04:09" level=info func=new_demo/middleware.Logger.func1 file="F:/new_demo/middleware/logger.go:86" ClientIp="::1" DataSize=168 HostName=DESKTOP-HIPHS03 Method=GET Path=/api/v1/role/ SpendTime="1 ms" StatusCode=200 UserAgent=axios/1.6.5
time="2024-01-25 21:04:09" level=info func=new_demo/middleware.Logger.func1 file="F:/new_demo/middleware/logger.go:86" ClientIp="::1" DataSize=168 HostName=DESKTOP-HIPHS03 Method=GET Path=/api/v1/role/ SpendTime="1 ms" StatusCode=200 UserAgent=axios/1.6.5
time="2024-01-25 21:05:09" level=info func=new_demo/middleware.Logger.func1 file="F:/new_demo/middleware/logger.go:86" ClientIp="::1" DataSize=168 HostName=DESKTOP-HIPHS03 Method=GET Path=/api/v1/role/ SpendTime="0 ms" StatusCode=200 UserAgent=axios/1.6.5
time="2024-01-25 21:05:09" level=info func=new_demo/middleware.Logger.func1 file="F:/new_demo/middleware/logger.go:86" ClientIp="::1" DataSize=168 HostName=DESKTOP-HIPHS03 Method=GET Path=/api/v1/role/ SpendTime="0 ms" StatusCode=200 UserAgent=axios/1.6.5
time="2024-01-25 21:05:09" level=info func=new_demo/middleware.Logger.func1 file="F:/new_demo/middleware/logger.go:86" ClientIp="::1" DataSize=168 HostName=DESKTOP-HIPHS03 Method=GET Path=/api/v1/role/ SpendTime="0 ms" StatusCode=200 UserAgent=axios/1.6.5
time="2024-01-25 21:05:09" level=info func=new_demo/middleware.Logger.func1 file="F:/new_demo/middleware/logger.go:86" ClientIp="::1" DataSize=168 HostName=DESKTOP-HIPHS03 Method=GET Path=/api/v1/role/ SpendTime="0 ms" StatusCode=200 UserAgent=axios/1.6.5
time="2024-01-25 21:06:09" level=info func=new_demo/middleware.Logger.func1 file="F:/new_demo/middleware/logger.go:86" ClientIp="::1" DataSize=168 HostName=DESKTOP-HIPHS03 Method=GET Path=/api/v1/role/ SpendTime="0 ms" StatusCode=200 UserAgent=axios/1.6.5
time="2024-01-25 21:11:09" level=info func=new_demo/middleware.Logger.func1 file="F:/new_demo/middleware/logger.go:86" ClientIp="::1" DataSize=168 HostName=DESKTOP-HIPHS03 Method=GET Path=/api/v1/role/ SpendTime="0 ms" StatusCode=200 UserAgent=axios/1.6.5
time="2024-01-25 21:18:09" level=warning func=new_demo/middleware.Logger.func1 file="F:/new_demo/middleware/logger.go:84" ClientIp="::1" DataSize=0 HostName=DESKTOP-HIPHS03 Method=PUT Path=/api/v1/role SpendTime="0 ms" StatusCode=404 UserAgent=axios/1.6.5
time="2024-01-25 21:19:09" level=info func=new_demo/middleware.Logger.func1 file="F:/new_demo/middleware/logger.go:86" ClientIp="::1" DataSize=168 HostName=DESKTOP-HIPHS03 Method=GET Path=/api/v1/role/ SpendTime="0 ms" StatusCode=200 UserAgent=axios/1.6.5
time="2024-01-25 21:19:09" level=warning func=new_demo/middleware.Logger.func1 file="F:/new_demo/middleware/logger.go:84" ClientIp="::1" DataSize=0 HostName=DESKTOP-HIPHS03 Method=PUT Path=/api/v1/role SpendTime="0 ms" StatusCode=404 UserAgent=axios/1.6.5
time="2024-01-25 21:20:09" level=info func=new_demo/middleware.Logger.func1 file="F:/new_demo/middleware/logger.go:86" ClientIp="::1" DataSize=168 HostName=DESKTOP-HIPHS03 Method=GET Path=/api/v1/role/ SpendTime="17 ms" StatusCode=200 UserAgent=axios/1.6.5
time="2024-01-25 21:21:09" level=info func=new_demo/middleware.Logger.func1 file="F:/new_demo/middleware/logger.go:86" ClientIp="::1" DataSize=0 HostName=DESKTOP-HIPHS03 Method=PUT Path=/api/v1/role/ SpendTime="1 ms" StatusCode=200 UserAgent=axios/1.6.5
time="2024-01-25 21:21:09" level=info func=new_demo/middleware.Logger.func1 file="F:/new_demo/middleware/logger.go:86" ClientIp="::1" DataSize=168 HostName=DESKTOP-HIPHS03 Method=GET Path=/api/v1/role/ SpendTime="0 ms" StatusCode=200 UserAgent=axios/1.6.5
time="2024-01-25 21:21:09" level=info func=new_demo/middleware.Logger.func1 file="F:/new_demo/middleware/logger.go:86" ClientIp="::1" DataSize=168 HostName=DESKTOP-HIPHS03 Method=GET Path=/api/v1/role/ SpendTime="0 ms" StatusCode=200 UserAgent=axios/1.6.5
time="2024-01-25 21:22:09" level=info func=new_demo/middleware.Logger.func1 file="F:/new_demo/middleware/logger.go:86" ClientIp="::1" DataSize=0 HostName=DESKTOP-HIPHS03 Method=PUT Path=/api/v1/role/ SpendTime="0 ms" StatusCode=200 UserAgent=axios/1.6.5
time="2024-01-25 21:22:09" level=info func=new_demo/middleware.Logger.func1 file="F:/new_demo/middleware/logger.go:86" ClientIp="::1" DataSize=168 HostName=DESKTOP-HIPHS03 Method=GET Path=/api/v1/role/ SpendTime="0 ms" StatusCode=200 UserAgent=axios/1.6.5
time="2024-01-25 21:22:09" level=info func=new_demo/middleware.Logger.func1 file="F:/new_demo/middleware/logger.go:86" ClientIp="::1" DataSize=168 HostName=DESKTOP-HIPHS03 Method=GET Path=/api/v1/role/ SpendTime="0 ms" StatusCode=200 UserAgent=axios/1.6.5
time="2024-01-25 21:23:09" level=info func=new_demo/middleware.Logger.func1 file="F:/new_demo/middleware/logger.go:86" ClientIp="::1" DataSize=168 HostName=DESKTOP-HIPHS03 Method=GET Path=/api/v1/role/ SpendTime="0 ms" StatusCode=200 UserAgent=axios/1.6.5
time="2024-01-25 21:23:09" level=info func=new_demo/middleware.Logger.func1 file="F:/new_demo/middleware/logger.go:86" ClientIp="::1" DataSize=0 HostName=DESKTOP-HIPHS03 Method=PUT Path=/api/v1/role/ SpendTime="0 ms" StatusCode=200 UserAgent=axios/1.6.5
time="2024-01-25 21:23:09" level=info func=new_demo/middleware.Logger.func1 file="F:/new_demo/middleware/logger.go:86" ClientIp="::1" DataSize=168 HostName=DESKTOP-HIPHS03 Method=GET Path=/api/v1/role/ SpendTime="0 ms" StatusCode=200 UserAgent=axios/1.6.5
time="2024-01-25 21:23:09" level=info func=new_demo/middleware.Logger.func1 file="F:/new_demo/middleware/logger.go:86" ClientIp="::1" DataSize=168 HostName=DESKTOP-HIPHS03 Method=GET Path=/api/v1/role/ SpendTime="0 ms" StatusCode=200 UserAgent=axios/1.6.5
time="2024-01-25 21:23:09" level=info func=new_demo/middleware.Logger.func1 file="F:/new_demo/middleware/logger.go:86" ClientIp="::1" DataSize=0 HostName=DESKTOP-HIPHS03 Method=PUT Path=/api/v1/role/ SpendTime="0 ms" StatusCode=200 UserAgent=axios/1.6.5
time="2024-01-25 21:23:09" level=info func=new_demo/middleware.Logger.func1 file="F:/new_demo/middleware/logger.go:86" ClientIp="::1" DataSize=168 HostName=DESKTOP-HIPHS03 Method=GET Path=/api/v1/role/ SpendTime="0 ms" StatusCode=200 UserAgent=axios/1.6.5
time="2024-01-25 21:23:09" level=info func=new_demo/middleware.Logger.func1 file="F:/new_demo/middleware/logger.go:86" ClientIp="::1" DataSize=168 HostName=DESKTOP-HIPHS03 Method=GET Path=/api/v1/role/ SpendTime="0 ms" StatusCode=200 UserAgent=axios/1.6.5
time="2024-01-25 21:23:09" level=info func=new_demo/middleware.Logger.func1 file="F:/new_demo/middleware/logger.go:86" ClientIp="::1" DataSize=0 HostName=DESKTOP-HIPHS03 Method=PUT Path=/api/v1/role/ SpendTime="0 ms" StatusCode=200 UserAgent=axios/1.6.5
time="2024-01-25 21:23:09" level=info func=new_demo/middleware.Logger.func1 file="F:/new_demo/middleware/logger.go:86" ClientIp="::1" DataSize=168 HostName=DESKTOP-HIPHS03 Method=GET Path=/api/v1/role/ SpendTime="0 ms" StatusCode=200 UserAgent=axios/1.6.5
time="2024-01-25 21:23:09" level=info func=new_demo/middleware.Logger.func1 file="F:/new_demo/middleware/logger.go:86" ClientIp="::1" DataSize=168 HostName=DESKTOP-HIPHS03 Method=GET Path=/api/v1/role/ SpendTime="0 ms" StatusCode=200 UserAgent=axios/1.6.5
time="2024-01-25 21:23:09" level=info func=new_demo/middleware.Logger.func1 file="F:/new_demo/middleware/logger.go:86" ClientIp="::1" DataSize=0 HostName=DESKTOP-HIPHS03 Method=PUT Path=/api/v1/role/ SpendTime="0 ms" StatusCode=200 UserAgent=axios/1.6.5
time="2024-01-25 21:23:09" level=info func=new_demo/middleware.Logger.func1 file="F:/new_demo/middleware/logger.go:86" ClientIp="::1" DataSize=168 HostName=DESKTOP-HIPHS03 Method=GET Path=/api/v1/role/ SpendTime="0 ms" StatusCode=200 UserAgent=axios/1.6.5
time="2024-01-25 21:23:09" level=info func=new_demo/middleware.Logger.func1 file="F:/new_demo/middleware/logger.go:86" ClientIp="::1" DataSize=168 HostName=DESKTOP-HIPHS03 Method=GET Path=/api/v1/role/ SpendTime="0 ms" StatusCode=200 UserAgent=axios/1.6.5
time="2024-01-25 21:23:09" level=info func=new_demo/middleware.Logger.func1 file="F:/new_demo/middleware/logger.go:86" ClientIp="::1" DataSize=0 HostName=DESKTOP-HIPHS03 Method=PUT Path=/api/v1/role/ SpendTime="0 ms" StatusCode=200 UserAgent=axios/1.6.5
time="2024-01-25 21:23:09" level=info func=new_demo/middleware.Logger.func1 file="F:/new_demo/middleware/logger.go:86" ClientIp="::1" DataSize=168 HostName=DESKTOP-HIPHS03 Method=GET Path=/api/v1/role/ SpendTime="0 ms" StatusCode=200 UserAgent=axios/1.6.5
time="2024-01-25 21:23:09" level=info func=new_demo/middleware.Logger.func1 file="F:/new_demo/middleware/logger.go:86" ClientIp="::1" DataSize=168 HostName=DESKTOP-HIPHS03 Method=GET Path=/api/v1/role/ SpendTime="0 ms" StatusCode=200 UserAgent=axios/1.6.5
time="2024-01-25 21:23:09" level=info func=new_demo/middleware.Logger.func1 file="F:/new_demo/middleware/logger.go:86" ClientIp="::1" DataSize=0 HostName=DESKTOP-HIPHS03 Method=PUT Path=/api/v1/role/ SpendTime="1 ms" StatusCode=200 UserAgent=axios/1.6.5
time="2024-01-25 21:23:09" level=info func=new_demo/middleware.Logger.func1 file="F:/new_demo/middleware/logger.go:86" ClientIp="::1" DataSize=168 HostName=DESKTOP-HIPHS03 Method=GET Path=/api/v1/role/ SpendTime="0 ms" StatusCode=200 UserAgent=axios/1.6.5
time="2024-01-25 21:23:09" level=info func=new_demo/middleware.Logger.func1 file="F:/new_demo/middleware/logger.go:86" ClientIp="::1" DataSize=168 HostName=DESKTOP-HIPHS03 Method=GET Path=/api/v1/role/ SpendTime="0 ms" StatusCode=200 UserAgent=axios/1.6.5
time="2024-01-25 21:25:09" level=info func=new_demo/middleware.Logger.func1 file="F:/new_demo/middleware/logger.go:86" ClientIp="::1" DataSize=168 HostName=DESKTOP-HIPHS03 Method=GET Path=/api/v1/role/ SpendTime="17 ms" StatusCode=200 UserAgent=axios/1.6.5
time="2024-01-25 21:25:09" level=info func=new_demo/middleware.Logger.func1 file="F:/new_demo/middleware/logger.go:86" ClientIp="::1" DataSize=0 HostName=DESKTOP-HIPHS03 Method=PUT Path=/api/v1/role/ SpendTime="0 ms" StatusCode=200 UserAgent=axios/1.6.5
time="2024-01-25 21:25:09" level=info func=new_demo/middleware.Logger.func1 file="F:/new_demo/middleware/logger.go:86" ClientIp="::1" DataSize=168 HostName=DESKTOP-HIPHS03 Method=GET Path=/api/v1/role/ SpendTime="0 ms" StatusCode=200 UserAgent=axios/1.6.5
time="2024-01-25 21:25:09" level=info func=new_demo/middleware.Logger.func1 file="F:/new_demo/middleware/logger.go:86" ClientIp="::1" DataSize=168 HostName=DESKTOP-HIPHS03 Method=GET Path=/api/v1/role/ SpendTime="0 ms" StatusCode=200 UserAgent=axios/1.6.5
time="2024-01-25 21:26:09" level=info func=new_demo/middleware.Logger.func1 file="F:/new_demo/middleware/logger.go:86" ClientIp="::1" DataSize=0 HostName=DESKTOP-HIPHS03 Method=PUT Path=/api/v1/role/ SpendTime="1 ms" StatusCode=200 UserAgent=axios/1.6.5
time="2024-01-25 21:26:09" level=info func=new_demo/middleware.Logger.func1 file="F:/new_demo/middleware/logger.go:86" ClientIp="::1" DataSize=168 HostName=DESKTOP-HIPHS03 Method=GET Path=/api/v1/role/ SpendTime="0 ms" StatusCode=200 UserAgent=axios/1.6.5
time="2024-01-25 21:26:09" level=info func=new_demo/middleware.Logger.func1 file="F:/new_demo/middleware/logger.go:86" ClientIp="::1" DataSize=168 HostName=DESKTOP-HIPHS03 Method=GET Path=/api/v1/role/ SpendTime="0 ms" StatusCode=200 UserAgent=axios/1.6.5
time="2024-01-25 21:26:09" level=info func=new_demo/middleware.Logger.func1 file="F:/new_demo/middleware/logger.go:86" ClientIp="::1" DataSize=0 HostName=DESKTOP-HIPHS03 Method=PUT Path=/api/v1/role/ SpendTime="0 ms" StatusCode=200 UserAgent=axios/1.6.5
time="2024-01-25 21:26:09" level=info func=new_demo/middleware.Logger.func1 file="F:/new_demo/middleware/logger.go:86" ClientIp="::1" DataSize=168 HostName=DESKTOP-HIPHS03 Method=GET Path=/api/v1/role/ SpendTime="0 ms" StatusCode=200 UserAgent=axios/1.6.5
time="2024-01-25 21:26:09" level=info func=new_demo/middleware.Logger.func1 file="F:/new_demo/middleware/logger.go:86" ClientIp="::1" DataSize=168 HostName=DESKTOP-HIPHS03 Method=GET Path=/api/v1/role/ SpendTime="0 ms" StatusCode=200 UserAgent=axios/1.6.5
time="2024-01-25 21:27:09" level=info func=new_demo/middleware.Logger.func1 file="F:/new_demo/middleware/logger.go:86" ClientIp="::1" DataSize=0 HostName=DESKTOP-HIPHS03 Method=PUT Path=/api/v1/role/ SpendTime="1 ms" StatusCode=200 UserAgent=axios/1.6.5
time="2024-01-25 21:27:09" level=info func=new_demo/middleware.Logger.func1 file="F:/new_demo/middleware/logger.go:86" ClientIp="::1" DataSize=168 HostName=DESKTOP-HIPHS03 Method=GET Path=/api/v1/role/ SpendTime="0 ms" StatusCode=200 UserAgent=axios/1.6.5
time="2024-01-25 21:27:09" level=info func=new_demo/middleware.Logger.func1 file="F:/new_demo/middleware/logger.go:86" ClientIp="::1" DataSize=168 HostName=DESKTOP-HIPHS03 Method=GET Path=/api/v1/role/ SpendTime="0 ms" StatusCode=200 UserAgent=axios/1.6.5
time="2024-01-25 21:28:09" level=info func=new_demo/middleware.Logger.func1 file="F:/new_demo/middleware/logger.go:86" ClientIp="::1" DataSize=0 HostName=DESKTOP-HIPHS03 Method=PUT Path=/api/v1/role/ SpendTime="0 ms" StatusCode=200 UserAgent=axios/1.6.5
time="2024-01-25 21:29:09" level=info func=new_demo/middleware.Logger.func1 file="F:/new_demo/middleware/logger.go:86" ClientIp="::1" DataSize=408 HostName=DESKTOP-HIPHS03 Method=GET Path=/api/v1/category/cateArtCount SpendTime="1 ms" StatusCode=200 UserAgent=axios/1.6.5
time="2024-01-25 21:29:09" level=info func=new_demo/middleware.Logger.func1 file="F:/new_demo/middleware/logger.go:86" ClientIp="::1" DataSize=408 HostName=DESKTOP-HIPHS03 Method=GET Path=/api/v1/category/cateArtCount SpendTime="0 ms" StatusCode=200 UserAgent=axios/1.6.5
time="2024-01-25 21:29:09" level=info func=new_demo/middleware.Logger.func1 file="F:/new_demo/middleware/logger.go:86" ClientIp="::1" DataSize=168 HostName=DESKTOP-HIPHS03 Method=GET Path=/api/v1/role/ SpendTime="0 ms" StatusCode=200 UserAgent=axios/1.6.5
time="2024-01-25 21:30:09" level=info func=new_demo/middleware.Logger.func1 file="F:/new_demo/middleware/logger.go:86" ClientIp="::1" DataSize=0 HostName=DESKTOP-HIPHS03 Method=PUT Path=/api/v1/role/ SpendTime="35 ms" StatusCode=200 UserAgent=axios/1.6.5
time="2024-01-25 21:30:09" level=info func=new_demo/middleware.Logger.func1 file="F:/new_demo/middleware/logger.go:86" ClientIp="::1" DataSize=408 HostName=DESKTOP-HIPHS03 Method=GET Path=/api/v1/category/cateArtCount SpendTime="1 ms" StatusCode=200 UserAgent=axios/1.6.5
time="2024-01-25 21:30:09" level=info func=new_demo/middleware.Logger.func1 file="F:/new_demo/middleware/logger.go:86" ClientIp="::1" DataSize=408 HostName=DESKTOP-HIPHS03 Method=GET Path=/api/v1/category/cateArtCount SpendTime="0 ms" StatusCode=200 UserAgent=axios/1.6.5
time="2024-01-25 21:30:09" level=info func=new_demo/middleware.Logger.func1 file="F:/new_demo/middleware/logger.go:86" ClientIp="::1" DataSize=168 HostName=DESKTOP-HIPHS03 Method=GET Path=/api/v1/role/ SpendTime="0 ms" StatusCode=200 UserAgent=axios/1.6.5
time="2024-01-25 21:30:09" level=info func=new_demo/middleware.Logger.func1 file="F:/new_demo/middleware/logger.go:86" ClientIp="::1" DataSize=27 HostName=DESKTOP-HIPHS03 Method=PUT Path=/api/v1/role/ SpendTime="1 ms" StatusCode=200 UserAgent=axios/1.6.5
time="2024-01-25 21:30:09" level=info func=new_demo/middleware.Logger.func1 file="F:/new_demo/middleware/logger.go:86" ClientIp="::1" DataSize=168 HostName=DESKTOP-HIPHS03 Method=GET Path=/api/v1/role/ SpendTime="0 ms" StatusCode=200 UserAgent=axios/1.6.5
time="2024-01-25 21:30:09" level=info func=new_demo/middleware.Logger.func1 file="F:/new_demo/middleware/logger.go:86" ClientIp="::1" DataSize=168 HostName=DESKTOP-HIPHS03 Method=GET Path=/api/v1/role/ SpendTime="0 ms" StatusCode=200 UserAgent=axios/1.6.5
time="2024-01-25 21:33:09" level=info func=new_demo/middleware.Logger.func1 file="F:/new_demo/middleware/logger.go:86" ClientIp="::1" DataSize=168 HostName=DESKTOP-HIPHS03 Method=GET Path=/api/v1/role/ SpendTime="0 ms" StatusCode=200 UserAgent=axios/1.6.5
time="2024-01-25 21:33:09" level=info func=new_demo/middleware.Logger.func1 file="F:/new_demo/middleware/logger.go:86" ClientIp="::1" DataSize=168 HostName=DESKTOP-HIPHS03 Method=GET Path=/api/v1/role/ SpendTime="0 ms" StatusCode=200 UserAgent=axios/1.6.5
time="2024-01-25 21:34:09" level=info func=new_demo/middleware.Logger.func1 file="F:/new_demo/middleware/logger.go:86" ClientIp="::1" DataSize=168 HostName=DESKTOP-HIPHS03 Method=GET Path=/api/v1/role/ SpendTime="0 ms" StatusCode=200 UserAgent=axios/1.6.5
time="2024-01-25 21:34:09" level=info func=new_demo/middleware.Logger.func1 file="F:/new_demo/middleware/logger.go:86" ClientIp="::1" DataSize=27 HostName=DESKTOP-HIPHS03 Method=PUT Path=/api/v1/role/ SpendTime="1 ms" StatusCode=200 UserAgent=axios/1.6.5
time="2024-01-25 21:34:09" level=info func=new_demo/middleware.Logger.func1 file="F:/new_demo/middleware/logger.go:86" ClientIp="::1" DataSize=168 HostName=DESKTOP-HIPHS03 Method=GET Path=/api/v1/role/ SpendTime="0 ms" StatusCode=200 UserAgent=axios/1.6.5
time="2024-01-25 21:34:09" level=info func=new_demo/middleware.Logger.func1 file="F:/new_demo/middleware/logger.go:86" ClientIp="::1" DataSize=168 HostName=DESKTOP-HIPHS03 Method=GET Path=/api/v1/role/ SpendTime="0 ms" StatusCode=200 UserAgent=axios/1.6.5
time="2024-01-25 21:34:09" level=info func=new_demo/middleware.Logger.func1 file="F:/new_demo/middleware/logger.go:86" ClientIp="::1" DataSize=0 HostName=DESKTOP-HIPHS03 Method=PUT Path=/api/v1/role/ SpendTime="1 ms" StatusCode=200 UserAgent=axios/1.6.5
time="2024-01-25 21:34:09" level=info func=new_demo/middleware.Logger.func1 file="F:/new_demo/middleware/logger.go:86" ClientIp="::1" DataSize=168 HostName=DESKTOP-HIPHS03 Method=GET Path=/api/v1/role/ SpendTime="0 ms" StatusCode=200 UserAgent=axios/1.6.5
time="2024-01-25 21:34:09" level=info func=new_demo/middleware.Logger.func1 file="F:/new_demo/middleware/logger.go:86" ClientIp="::1" DataSize=168 HostName=DESKTOP-HIPHS03 Method=GET Path=/api/v1/role/ SpendTime="0 ms" StatusCode=200 UserAgent=axios/1.6.5
time="2024-01-25 21:36:09" level=info func=new_demo/middleware.Logger.func1 file="F:/new_demo/middleware/logger.go:86" ClientIp="::1" DataSize=0 HostName=DESKTOP-HIPHS03 Method=PUT Path=/api/v1/role/ SpendTime="32 ms" StatusCode=200 UserAgent=axios/1.6.5
time="2024-01-25 21:36:09" level=info func=new_demo/middleware.Logger.func1 file="F:/new_demo/middleware/logger.go:86" ClientIp="::1" DataSize=168 HostName=DESKTOP-HIPHS03 Method=GET Path=/api/v1/role/ SpendTime="0 ms" StatusCode=200 UserAgent=axios/1.6.5
time="2024-01-25 21:36:09" level=info func=new_demo/middleware.Logger.func1 file="F:/new_demo/middleware/logger.go:86" ClientIp="::1" DataSize=168 HostName=DESKTOP-HIPHS03 Method=GET Path=/api/v1/role/ SpendTime="0 ms" StatusCode=200 UserAgent=axios/1.6.5
time="2024-01-25 21:36:09" level=info func=new_demo/middleware.Logger.func1 file="F:/new_demo/middleware/logger.go:86" ClientIp="::1" DataSize=27 HostName=DESKTOP-HIPHS03 Method=PUT Path=/api/v1/role/ SpendTime="30 ms" StatusCode=200 UserAgent=axios/1.6.5
time="2024-01-25 21:36:09" level=info func=new_demo/middleware.Logger.func1 file="F:/new_demo/middleware/logger.go:86" ClientIp="::1" DataSize=171 HostName=DESKTOP-HIPHS03 Method=GET Path=/api/v1/role/ SpendTime="0 ms" StatusCode=200 UserAgent=axios/1.6.5
time="2024-01-25 21:36:09" level=info func=new_demo/middleware.Logger.func1 file="F:/new_demo/middleware/logger.go:86" ClientIp="::1" DataSize=171 HostName=DESKTOP-HIPHS03 Method=GET Path=/api/v1/role/ SpendTime="0 ms" StatusCode=200 UserAgent=axios/1.6.5
time="2024-01-25 21:37:09" level=info func=new_demo/middleware.Logger.func1 file="F:/new_demo/middleware/logger.go:86" ClientIp="::1" DataSize=171 HostName=DESKTOP-HIPHS03 Method=GET Path=/api/v1/role/ SpendTime="0 ms" StatusCode=200 UserAgent=axios/1.6.5
time="2024-01-25 21:37:09" level=info func=new_demo/middleware.Logger.func1 file="F:/new_demo/middleware/logger.go:86" ClientIp="::1" DataSize=27 HostName=DESKTOP-HIPHS03 Method=PUT Path=/api/v1/role/ SpendTime="1 ms" StatusCode=200 UserAgent=axios/1.6.5
time="2024-01-25 21:37:09" level=info func=new_demo/middleware.Logger.func1 file="F:/new_demo/middleware/logger.go:86" ClientIp="::1" DataSize=169 HostName=DESKTOP-HIPHS03 Method=GET Path=/api/v1/role/ SpendTime="0 ms" StatusCode=200 UserAgent=axios/1.6.5
time="2024-01-25 21:37:09" level=info func=new_demo/middleware.Logger.func1 file="F:/new_demo/middleware/logger.go:86" ClientIp="::1" DataSize=169 HostName=DESKTOP-HIPHS03 Method=GET Path=/api/v1/role/ SpendTime="0 ms" StatusCode=200 UserAgent=axios/1.6.5
time="2024-01-25 21:37:09" level=info func=new_demo/middleware.Logger.func1 file="F:/new_demo/middleware/logger.go:86" ClientIp="::1" DataSize=169 HostName=DESKTOP-HIPHS03 Method=GET Path=/api/v1/role/ SpendTime="0 ms" StatusCode=200 UserAgent=axios/1.6.5
time="2024-01-25 21:38:09" level=info func=new_demo/middleware.Logger.func1 file="F:/new_demo/middleware/logger.go:86" ClientIp="::1" DataSize=27 HostName=DESKTOP-HIPHS03 Method=PUT Path=/api/v1/role/ SpendTime="34 ms" StatusCode=200 UserAgent=axios/1.6.5
time="2024-01-25 21:38:09" level=info func=new_demo/middleware.Logger.func1 file="F:/new_demo/middleware/logger.go:86" ClientIp="::1" DataSize=169 HostName=DESKTOP-HIPHS03 Method=GET Path=/api/v1/role/ SpendTime="0 ms" StatusCode=200 UserAgent=axios/1.6.5
time="2024-01-25 21:38:09" level=info func=new_demo/middleware.Logger.func1 file="F:/new_demo/middleware/logger.go:86" ClientIp="::1" DataSize=169 HostName=DESKTOP-HIPHS03 Method=GET Path=/api/v1/role/ SpendTime="0 ms" StatusCode=200 UserAgent=axios/1.6.5
time="2024-01-25 21:38:09" level=info func=new_demo/middleware.Logger.func1 file="F:/new_demo/middleware/logger.go:86" ClientIp="::1" DataSize=27 HostName=DESKTOP-HIPHS03 Method=PUT Path=/api/v1/role/ SpendTime="1 ms" StatusCode=200 UserAgent=axios/1.6.5
time="2024-01-25 21:38:09" level=info func=new_demo/middleware.Logger.func1 file="F:/new_demo/middleware/logger.go:86" ClientIp="::1" DataSize=170 HostName=DESKTOP-HIPHS03 Method=GET Path=/api/v1/role/ SpendTime="0 ms" StatusCode=200 UserAgent=axios/1.6.5
time="2024-01-25 21:38:09" level=info func=new_demo/middleware.Logger.func1 file="F:/new_demo/middleware/logger.go:86" ClientIp="::1" DataSize=170 HostName=DESKTOP-HIPHS03 Method=GET Path=/api/v1/role/ SpendTime="0 ms" StatusCode=200 UserAgent=axios/1.6.5
time="2024-01-25 21:38:09" level=info func=new_demo/middleware.Logger.func1 file="F:/new_demo/middleware/logger.go:86" ClientIp="::1" DataSize=170 HostName=DESKTOP-HIPHS03 Method=GET Path=/api/v1/role/ SpendTime="0 ms" StatusCode=200 UserAgent=axios/1.6.5
time="2024-01-25 21:38:09" level=info func=new_demo/middleware.Logger.func1 file="F:/new_demo/middleware/logger.go:86" ClientIp="::1" DataSize=27 HostName=DESKTOP-HIPHS03 Method=PUT Path=/api/v1/role/ SpendTime="1 ms" StatusCode=200 UserAgent=axios/1.6.5
time="2024-01-25 21:38:09" level=info func=new_demo/middleware.Logger.func1 file="F:/new_demo/middleware/logger.go:86" ClientIp="::1" DataSize=170 HostName=DESKTOP-HIPHS03 Method=GET Path=/api/v1/role/ SpendTime="0 ms" StatusCode=200 UserAgent=axios/1.6.5
time="2024-01-25 21:38:09" level=info func=new_demo/middleware.Logger.func1 file="F:/new_demo/middleware/logger.go:86" ClientIp="::1" DataSize=170 HostName=DESKTOP-HIPHS03 Method=GET Path=/api/v1/role/ SpendTime="0 ms" StatusCode=200 UserAgent=axios/1.6.5
time="2024-01-25 21:38:09" level=info func=new_demo/middleware.Logger.func1 file="F:/new_demo/middleware/logger.go:86" ClientIp="::1" DataSize=27 HostName=DESKTOP-HIPHS03 Method=PUT Path=/api/v1/role/ SpendTime="1 ms" StatusCode=200 UserAgent=axios/1.6.5
time="2024-01-25 21:38:09" level=info func=new_demo/middleware.Logger.func1 file="F:/new_demo/middleware/logger.go:86" ClientIp="::1" DataSize=169 HostName=DESKTOP-HIPHS03 Method=GET Path=/api/v1/role/ SpendTime="0 ms" StatusCode=200 UserAgent=axios/1.6.5
time="2024-01-25 21:38:09" level=info func=new_demo/middleware.Logger.func1 file="F:/new_demo/middleware/logger.go:86" ClientIp="::1" DataSize=169 HostName=DESKTOP-HIPHS03 Method=GET Path=/api/v1/role/ SpendTime="0 ms" StatusCode=200 UserAgent=axios/1.6.5
time="2024-01-25 21:39:09" level=info func=new_demo/middleware.Logger.func1 file="F:/new_demo/middleware/logger.go:86" ClientIp="::1" DataSize=169 HostName=DESKTOP-HIPHS03 Method=GET Path=/api/v1/role/ SpendTime="0 ms" StatusCode=200 UserAgent=axios/1.6.5
time="2024-01-25 21:39:09" level=info func=new_demo/middleware.Logger.func1 file="F:/new_demo/middleware/logger.go:86" ClientIp="::1" DataSize=169 HostName=DESKTOP-HIPHS03 Method=GET Path=/api/v1/role/ SpendTime="0 ms" StatusCode=200 UserAgent=axios/1.6.5
time="2024-01-25 21:39:09" level=info func=new_demo/middleware.Logger.func1 file="F:/new_demo/middleware/logger.go:86" ClientIp="::1" DataSize=169 HostName=DESKTOP-HIPHS03 Method=GET Path=/api/v1/role/ SpendTime="0 ms" StatusCode=200 UserAgent=axios/1.6.5
time="2024-01-25 21:39:09" level=info func=new_demo/middleware.Logger.func1 file="F:/new_demo/middleware/logger.go:86" ClientIp="::1" DataSize=169 HostName=DESKTOP-HIPHS03 Method=GET Path=/api/v1/role/ SpendTime="0 ms" StatusCode=200 UserAgent=axios/1.6.5
time="2024-01-25 21:39:09" level=info func=new_demo/middleware.Logger.func1 file="F:/new_demo/middleware/logger.go:86" ClientIp="::1" DataSize=27 HostName=DESKTOP-HIPHS03 Method=PUT Path=/api/v1/role/ SpendTime="1 ms" StatusCode=200 UserAgent=axios/1.6.5
time="2024-01-25 21:39:09" level=info func=new_demo/middleware.Logger.func1 file="F:/new_demo/middleware/logger.go:86" ClientIp="::1" DataSize=169 HostName=DESKTOP-HIPHS03 Method=GET Path=/api/v1/role/ SpendTime="0 ms" StatusCode=200 UserAgent=axios/1.6.5
time="2024-01-25 21:39:09" level=info func=new_demo/middleware.Logger.func1 file="F:/new_demo/middleware/logger.go:86" ClientIp="::1" DataSize=169 HostName=DESKTOP-HIPHS03 Method=GET Path=/api/v1/role/ SpendTime="0 ms" StatusCode=200 UserAgent=axios/1.6.5
time="2024-01-25 21:39:09" level=info func=new_demo/middleware.Logger.func1 file="F:/new_demo/middleware/logger.go:86" ClientIp="::1" DataSize=27 HostName=DESKTOP-HIPHS03 Method=PUT Path=/api/v1/role/ SpendTime="1 ms" StatusCode=200 UserAgent=axios/1.6.5
time="2024-01-25 21:39:09" level=info func=new_demo/middleware.Logger.func1 file="F:/new_demo/middleware/logger.go:86" ClientIp="::1" DataSize=170 HostName=DESKTOP-HIPHS03 Method=GET Path=/api/v1/role/ SpendTime="0 ms" StatusCode=200 UserAgent=axios/1.6.5
time="2024-01-25 21:39:09" level=info func=new_demo/middleware.Logger.func1 file="F:/new_demo/middleware/logger.go:86" ClientIp="::1" DataSize=170 HostName=DESKTOP-HIPHS03 Method=GET Path=/api/v1/role/ SpendTime="0 ms" StatusCode=200 UserAgent=axios/1.6.5
time="2024-01-25 21:43:09" level=info func=new_demo/middleware.Logger.func1 file="F:/new_demo/middleware/logger.go:86" ClientIp="::1" DataSize=170 HostName=DESKTOP-HIPHS03 Method=GET Path=/api/v1/role/ SpendTime="0 ms" StatusCode=200 UserAgent=axios/1.6.5
time="2024-01-25 21:45:09" level=info func=new_demo/middleware.Logger.func1 file="F:/new_demo/middleware/logger.go:86" ClientIp="::1" DataSize=170 HostName=DESKTOP-HIPHS03 Method=GET Path=/api/v1/role/ SpendTime="0 ms" StatusCode=200 UserAgent=axios/1.6.5
time="2024-01-25 21:45:09" level=info func=new_demo/middleware.Logger.func1 file="F:/new_demo/middleware/logger.go:86" ClientIp="::1" DataSize=170 HostName=DESKTOP-HIPHS03 Method=GET Path=/api/v1/role/ SpendTime="0 ms" StatusCode=200 UserAgent=axios/1.6.5
time="2024-01-25 21:46:09" level=info func=new_demo/middleware.Logger.func1 file="F:/new_demo/middleware/logger.go:86" ClientIp="::1" DataSize=170 HostName=DESKTOP-HIPHS03 Method=GET Path=/api/v1/role/ SpendTime="0 ms" StatusCode=200 UserAgent=axios/1.6.5
time="2024-01-25 21:46:09" level=info func=new_demo/middleware.Logger.func1 file="F:/new_demo/middleware/logger.go:86" ClientIp="::1" DataSize=170 HostName=DESKTOP-HIPHS03 Method=GET Path=/api/v1/role/ SpendTime="0 ms" StatusCode=200 UserAgent=axios/1.6.5
time="2024-01-25 21:50:09" level=info func=new_demo/middleware.Logger.func1 file="F:/new_demo/middleware/logger.go:86" ClientIp="::1" DataSize=170 HostName=DESKTOP-HIPHS03 Method=GET Path=/api/v1/role/ SpendTime="0 ms" StatusCode=200 UserAgent=axios/1.6.5
time="2024-01-25 21:50:09" level=info func=new_demo/middleware.Logger.func1 file="F:/new_demo/middleware/logger.go:86" ClientIp="::1" DataSize=170 HostName=DESKTOP-HIPHS03 Method=GET Path=/api/v1/role/ SpendTime="0 ms" StatusCode=200 UserAgent=axios/1.6.5
time="2024-01-25 21:50:09" level=info func=new_demo/middleware.Logger.func1 file="F:/new_demo/middleware/logger.go:86" ClientIp="::1" DataSize=170 HostName=DESKTOP-HIPHS03 Method=GET Path=/api/v1/role/ SpendTime="0 ms" StatusCode=200 UserAgent=axios/1.6.5
time="2024-01-25 21:50:09" level=info func=new_demo/middleware.Logger.func1 file="F:/new_demo/middleware/logger.go:86" ClientIp="::1" DataSize=170 HostName=DESKTOP-HIPHS03 Method=GET Path=/api/v1/role/ SpendTime="0 ms" StatusCode=200 UserAgent=axios/1.6.5
time="2024-01-25 21:50:09" level=info func=new_demo/middleware.Logger.func1 file="F:/new_demo/middleware/logger.go:86" ClientIp="::1" DataSize=170 HostName=DESKTOP-HIPHS03 Method=GET Path=/api/v1/role/ SpendTime="0 ms" StatusCode=200 UserAgent=axios/1.6.5
time="2024-01-25 21:50:09" level=info func=new_demo/middleware.Logger.func1 file="F:/new_demo/middleware/logger.go:86" ClientIp="::1" DataSize=170 HostName=DESKTOP-HIPHS03 Method=GET Path=/api/v1/role/ SpendTime="0 ms" StatusCode=200 UserAgent=axios/1.6.5
time="2024-01-25 21:50:09" level=info func=new_demo/middleware.Logger.func1 file="F:/new_demo/middleware/logger.go:86" ClientIp="::1" DataSize=170 HostName=DESKTOP-HIPHS03 Method=GET Path=/api/v1/role/ SpendTime="0 ms" StatusCode=200 UserAgent=axios/1.6.5
time="2024-01-25 21:51:09" level=info func=new_demo/middleware.Logger.func1 file="F:/new_demo/middleware/logger.go:86" ClientIp="::1" DataSize=170 HostName=DESKTOP-HIPHS03 Method=GET Path=/api/v1/role/ SpendTime="0 ms" StatusCode=200 UserAgent=axios/1.6.5
time="2024-01-25 21:51:09" level=info func=new_demo/middleware.Logger.func1 file="F:/new_demo/middleware/logger.go:86" ClientIp="::1" DataSize=170 HostName=DESKTOP-HIPHS03 Method=GET Path=/api/v1/role/ SpendTime="0 ms" StatusCode=200 UserAgent=axios/1.6.5
time="2024-01-25 21:52:09" level=info func=new_demo/middleware.Logger.func1 file="F:/new_demo/middleware/logger.go:86" ClientIp="::1" DataSize=170 HostName=DESKTOP-HIPHS03 Method=GET Path=/api/v1/role/ SpendTime="0 ms" StatusCode=200 UserAgent=axios/1.6.5
time="2024-01-25 21:53:09" level=info func=new_demo/middleware.Logger.func1 file="F:/new_demo/middleware/logger.go:86" ClientIp="::1" DataSize=170 HostName=DESKTOP-HIPHS03 Method=GET Path=/api/v1/role/ SpendTime="0 ms" StatusCode=200 UserAgent=axios/1.6.5
time="2024-01-25 21:53:09" level=info func=new_demo/middleware.Logger.func1 file="F:/new_demo/middleware/logger.go:86" ClientIp="::1" DataSize=170 HostName=DESKTOP-HIPHS03 Method=GET Path=/api/v1/role/ SpendTime="0 ms" StatusCode=200 UserAgent=axios/1.6.5
time="2024-01-25 21:54:09" level=info func=new_demo/middleware.Logger.func1 file="F:/new_demo/middleware/logger.go:86" ClientIp="::1" DataSize=170 HostName=DESKTOP-HIPHS03 Method=GET Path=/api/v1/role/ SpendTime="0 ms" StatusCode=200 UserAgent=axios/1.6.5
time="2024-01-25 21:54:09" level=info func=new_demo/middleware.Logger.func1 file="F:/new_demo/middleware/logger.go:86" ClientIp="::1" DataSize=170 HostName=DESKTOP-HIPHS03 Method=GET Path=/api/v1/role/ SpendTime="0 ms" StatusCode=200 UserAgent=axios/1.6.5
time="2024-01-25 21:54:09" level=info func=new_demo/middleware.Logger.func1 file="F:/new_demo/middleware/logger.go:86" ClientIp="::1" DataSize=170 HostName=DESKTOP-HIPHS03 Method=GET Path=/api/v1/role/ SpendTime="0 ms" StatusCode=200 UserAgent=axios/1.6.5
time="2024-01-25 21:55:09" level=info func=new_demo/middleware.Logger.func1 file="F:/new_demo/middleware/logger.go:86" ClientIp="::1" DataSize=170 HostName=DESKTOP-HIPHS03 Method=GET Path=/api/v1/role/ SpendTime="0 ms" StatusCode=200 UserAgent=axios/1.6.5
time="2024-01-25 21:58:09" level=info func=new_demo/middleware.Logger.func1 file="F:/new_demo/middleware/logger.go:86" ClientIp="::1" DataSize=170 HostName=DESKTOP-HIPHS03 Method=GET Path=/api/v1/role/ SpendTime="0 ms" StatusCode=200 UserAgent=axios/1.6.5
time="2024-01-25 21:58:09" level=info func=new_demo/middleware.Logger.func1 file="F:/new_demo/middleware/logger.go:86" ClientIp="::1" DataSize=170 HostName=DESKTOP-HIPHS03 Method=GET Path=/api/v1/role/ SpendTime="0 ms" StatusCode=200 UserAgent=axios/1.6.5
time="2024-01-25 21:58:09" level=info func=new_demo/middleware.Logger.func1 file="F:/new_demo/middleware/logger.go:86" ClientIp="::1" DataSize=170 HostName=DESKTOP-HIPHS03 Method=GET Path=/api/v1/role/ SpendTime="0 ms" StatusCode=200 UserAgent=axios/1.6.5
time="2024-01-25 21:58:09" level=info func=new_demo/middleware.Logger.func1 file="F:/new_demo/middleware/logger.go:86" ClientIp="::1" DataSize=170 HostName=DESKTOP-HIPHS03 Method=GET Path=/api/v1/role/ SpendTime="0 ms" StatusCode=200 UserAgent=axios/1.6.5
time="2024-01-25 21:58:09" level=info func=new_demo/middleware.Logger.func1 file="F:/new_demo/middleware/logger.go:86" ClientIp="::1" DataSize=170 HostName=DESKTOP-HIPHS03 Method=GET Path=/api/v1/role/ SpendTime="0 ms" StatusCode=200 UserAgent=axios/1.6.5
time="2024-01-25 21:59:09" level=info func=new_demo/middleware.Logger.func1 file="F:/new_demo/middleware/logger.go:86" ClientIp="::1" DataSize=170 HostName=DESKTOP-HIPHS03 Method=GET Path=/api/v1/role/ SpendTime="0 ms" StatusCode=200 UserAgent=axios/1.6.5
time="2024-01-25 22:00:10" level=info func=new_demo/middleware.Logger.func1 file="F:/new_demo/middleware/logger.go:86" ClientIp="::1" DataSize=170 HostName=DESKTOP-HIPHS03 Method=GET Path=/api/v1/role/ SpendTime="1 ms" StatusCode=200 UserAgent=axios/1.6.5
time="2024-01-25 22:01:10" level=info func=new_demo/middleware.Logger.func1 file="F:/new_demo/middleware/logger.go:86" ClientIp="::1" DataSize=170 HostName=DESKTOP-HIPHS03 Method=GET Path=/api/v1/role/ SpendTime="2 ms" StatusCode=200 UserAgent=axios/1.6.5
time="2024-01-25 22:01:10" level=info func=new_demo/middleware.Logger.func1 file="F:/new_demo/middleware/logger.go:86" ClientIp="::1" DataSize=170 HostName=DESKTOP-HIPHS03 Method=GET Path=/api/v1/role/ SpendTime="0 ms" StatusCode=200 UserAgent=axios/1.6.5
time="2024-01-25 22:01:10" level=info func=new_demo/middleware.Logger.func1 file="F:/new_demo/middleware/logger.go:86" ClientIp="::1" DataSize=170 HostName=DESKTOP-HIPHS03 Method=GET Path=/api/v1/role/ SpendTime="0 ms" StatusCode=200 UserAgent=axios/1.6.5
time="2024-01-25 22:02:10" level=info func=new_demo/middleware.Logger.func1 file="F:/new_demo/middleware/logger.go:86" ClientIp="::1" DataSize=170 HostName=DESKTOP-HIPHS03 Method=GET Path=/api/v1/role/ SpendTime="27 ms" StatusCode=200 UserAgent=axios/1.6.5
time="2024-01-25 22:02:10" level=info func=new_demo/middleware.Logger.func1 file="F:/new_demo/middleware/logger.go:86" ClientIp="::1" DataSize=170 HostName=DESKTOP-HIPHS03 Method=GET Path=/api/v1/role/ SpendTime="0 ms" StatusCode=200 UserAgent=axios/1.6.5
time="2024-01-25 22:02:10" level=info func=new_demo/middleware.Logger.func1 file="F:/new_demo/middleware/logger.go:86" ClientIp="::1" DataSize=41 HostName=DESKTOP-HIPHS03 Method=DELETE Path=/api/v1/role/ SpendTime="0 ms" StatusCode=200 UserAgent=axios/1.6.5
time="2024-01-25 22:02:10" level=info func=new_demo/middleware.Logger.func1 file="F:/new_demo/middleware/logger.go:86" ClientIp="::1" DataSize=170 HostName=DESKTOP-HIPHS03 Method=GET Path=/api/v1/role/ SpendTime="0 ms" StatusCode=200 UserAgent=axios/1.6.5
time="2024-01-25 22:02:10" level=info func=new_demo/middleware.Logger.func1 file="F:/new_demo/middleware/logger.go:86" ClientIp="::1" DataSize=170 HostName=DESKTOP-HIPHS03 Method=GET Path=/api/v1/role/ SpendTime="0 ms" StatusCode=200 UserAgent=axios/1.6.5
time="2024-01-25 22:03:10" level=info func=new_demo/middleware.Logger.func1 file="F:/new_demo/middleware/logger.go:86" ClientIp="::1" DataSize=170 HostName=DESKTOP-HIPHS03 Method=GET Path=/api/v1/role/ SpendTime="0 ms" StatusCode=200 UserAgent=axios/1.6.5
time="2024-01-25 22:03:10" level=info func=new_demo/middleware.Logger.func1 file="F:/new_demo/middleware/logger.go:86" ClientIp="::1" DataSize=27 HostName=DESKTOP-HIPHS03 Method=DELETE Path=/api/v1/role/3 SpendTime="19 ms" StatusCode=200 UserAgent=axios/1.6.5
time="2024-01-25 22:03:10" level=info func=new_demo/middleware.Logger.func1 file="F:/new_demo/middleware/logger.go:86" ClientIp="::1" DataSize=37 HostName=DESKTOP-HIPHS03 Method=GET Path=/api/v1/role/ SpendTime="0 ms" StatusCode=200 UserAgent=axios/1.6.5
time="2024-01-25 22:03:10" level=info func=new_demo/middleware.Logger.func1 file="F:/new_demo/middleware/logger.go:86" ClientIp="::1" DataSize=37 HostName=DESKTOP-HIPHS03 Method=GET Path=/api/v1/role/ SpendTime="0 ms" StatusCode=200 UserAgent=axios/1.6.5
time="2024-01-25 22:04:10" level=info func=new_demo/middleware.Logger.func1 file="F:/new_demo/middleware/logger.go:86" ClientIp="::1" DataSize=37 HostName=DESKTOP-HIPHS03 Method=GET Path=/api/v1/role/ SpendTime="0 ms" StatusCode=200 UserAgent=axios/1.6.5
time="2024-01-25 22:05:10" level=info func=new_demo/middleware.Logger.func1 file="F:/new_demo/middleware/logger.go:86" ClientIp="::1" DataSize=37 HostName=DESKTOP-HIPHS03 Method=GET Path=/api/v1/role/ SpendTime="22 ms" StatusCode=200 UserAgent=axios/1.6.5
time="2024-01-25 22:05:10" level=info func=new_demo/middleware.Logger.func1 file="F:/new_demo/middleware/logger.go:86" ClientIp="::1" DataSize=37 HostName=DESKTOP-HIPHS03 Method=GET Path=/api/v1/role/ SpendTime="0 ms" StatusCode=200 UserAgent=axios/1.6.5
time="2024-01-25 22:05:10" level=info func=new_demo/middleware.Logger.func1 file="F:/new_demo/middleware/logger.go:86" ClientIp="::1" DataSize=37 HostName=DESKTOP-HIPHS03 Method=GET Path=/api/v1/role/ SpendTime="0 ms" StatusCode=200 UserAgent=axios/1.6.5
time="2024-01-25 22:06:10" level=info func=new_demo/middleware.Logger.func1 file="F:/new_demo/middleware/logger.go:86" ClientIp="::1" DataSize=37 HostName=DESKTOP-HIPHS03 Method=GET Path=/api/v1/role/ SpendTime="0 ms" StatusCode=200 UserAgent=axios/1.6.5
time="2024-01-25 22:06:10" level=info func=new_demo/middleware.Logger.func1 file="F:/new_demo/middleware/logger.go:86" ClientIp="::1" DataSize=37 HostName=DESKTOP-HIPHS03 Method=GET Path=/api/v1/role/ SpendTime="6 ms" StatusCode=200 UserAgent=axios/1.6.5
time="2024-01-25 22:06:10" level=info func=new_demo/middleware.Logger.func1 file="F:/new_demo/middleware/logger.go:86" ClientIp="::1" DataSize=37 HostName=DESKTOP-HIPHS03 Method=GET Path=/api/v1/role/ SpendTime="0 ms" StatusCode=200 UserAgent=axios/1.6.5
time="2024-01-25 22:06:10" level=info func=new_demo/middleware.Logger.func1 file="F:/new_demo/middleware/logger.go:86" ClientIp="::1" DataSize=37 HostName=DESKTOP-HIPHS03 Method=GET Path=/api/v1/role/ SpendTime="1 ms" StatusCode=200 UserAgent=axios/1.6.5
time="2024-01-25 22:06:10" level=info func=new_demo/middleware.Logger.func1 file="F:/new_demo/middleware/logger.go:86" ClientIp="::1" DataSize=37 HostName=DESKTOP-HIPHS03 Method=GET Path=/api/v1/role/ SpendTime="0 ms" StatusCode=200 UserAgent=axios/1.6.5
time="2024-01-25 22:07:10" level=info func=new_demo/middleware.Logger.func1 file="F:/new_demo/middleware/logger.go:86" ClientIp="::1" DataSize=37 HostName=DESKTOP-HIPHS03 Method=GET Path=/api/v1/role/ SpendTime="0 ms" StatusCode=200 UserAgent=axios/1.6.5
time="2024-01-25 22:08:10" level=info func=new_demo/middleware.Logger.func1 file="F:/new_demo/middleware/logger.go:86" ClientIp="::1" DataSize=37 HostName=DESKTOP-HIPHS03 Method=GET Path=/api/v1/role/ SpendTime="0 ms" StatusCode=200 UserAgent=axios/1.6.5
time="2024-01-25 22:08:10" level=info func=new_demo/middleware.Logger.func1 file="F:/new_demo/middleware/logger.go:86" ClientIp="::1" DataSize=37 HostName=DESKTOP-HIPHS03 Method=GET Path=/api/v1/role/ SpendTime="0 ms" StatusCode=200 UserAgent=axios/1.6.5
time="2024-01-25 22:08:10" level=info func=new_demo/middleware.Logger.func1 file="F:/new_demo/middleware/logger.go:86" ClientIp="::1" DataSize=37 HostName=DESKTOP-HIPHS03 Method=GET Path=/api/v1/role/ SpendTime="0 ms" StatusCode=200 UserAgent=axios/1.6.5
time="2024-01-25 22:08:10" level=info func=new_demo/middleware.Logger.func1 file="F:/new_demo/middleware/logger.go:86" ClientIp="::1" DataSize=37 HostName=DESKTOP-HIPHS03 Method=GET Path=/api/v1/role/ SpendTime="0 ms" StatusCode=200 UserAgent=axios/1.6.5
time="2024-01-25 22:08:10" level=info func=new_demo/middleware.Logger.func1 file="F:/new_demo/middleware/logger.go:86" ClientIp="::1" DataSize=37 HostName=DESKTOP-HIPHS03 Method=GET Path=/api/v1/role/ SpendTime="0 ms" StatusCode=200 UserAgent=axios/1.6.5
time="2024-01-25 22:08:10" level=info func=new_demo/middleware.Logger.func1 file="F:/new_demo/middleware/logger.go:86" ClientIp="::1" DataSize=37 HostName=DESKTOP-HIPHS03 Method=GET Path=/api/v1/role/ SpendTime="0 ms" StatusCode=200 UserAgent=axios/1.6.5
time="2024-01-25 22:08:10" level=info func=new_demo/middleware.Logger.func1 file="F:/new_demo/middleware/logger.go:86" ClientIp="::1" DataSize=37 HostName=DESKTOP-HIPHS03 Method=GET Path=/api/v1/role/ SpendTime="0 ms" StatusCode=200 UserAgent=axios/1.6.5
time="2024-01-25 22:08:10" level=info func=new_demo/middleware.Logger.func1 file="F:/new_demo/middleware/logger.go:86" ClientIp="::1" DataSize=37 HostName=DESKTOP-HIPHS03 Method=GET Path=/api/v1/role/ SpendTime="1 ms" StatusCode=200 UserAgent=axios/1.6.5
time="2024-01-25 22:08:10" level=info func=new_demo/middleware.Logger.func1 file="F:/new_demo/middleware/logger.go:86" ClientIp="::1" DataSize=37 HostName=DESKTOP-HIPHS03 Method=GET Path=/api/v1/role/ SpendTime="0 ms" StatusCode=200 UserAgent=axios/1.6.5
time="2024-01-25 22:09:10" level=info func=new_demo/middleware.Logger.func1 file="F:/new_demo/middleware/logger.go:86" ClientIp="::1" DataSize=37 HostName=DESKTOP-HIPHS03 Method=GET Path=/api/v1/role/ SpendTime="0 ms" StatusCode=200 UserAgent=axios/1.6.5
time="2024-01-25 22:13:10" level=info func=new_demo/middleware.Logger.func1 file="F:/new_demo/middleware/logger.go:86" ClientIp="::1" DataSize=37 HostName=DESKTOP-HIPHS03 Method=GET Path=/api/v1/role/ SpendTime="0 ms" StatusCode=200 UserAgent=axios/1.6.5
time="2024-01-25 22:13:10" level=info func=new_demo/middleware.Logger.func1 file="F:/new_demo/middleware/logger.go:86" ClientIp="::1" DataSize=37 HostName=DESKTOP-HIPHS03 Method=GET Path=/api/v1/role/ SpendTime="0 ms" StatusCode=200 UserAgent=axios/1.6.5
time="2024-01-25 22:13:10" level=info func=new_demo/middleware.Logger.func1 file="F:/new_demo/middleware/logger.go:86" ClientIp="::1" DataSize=37 HostName=DESKTOP-HIPHS03 Method=GET Path=/api/v1/role/ SpendTime="0 ms" StatusCode=200 UserAgent=axios/1.6.5
time="2024-01-25 22:13:10" level=info func=new_demo/middleware.Logger.func1 file="F:/new_demo/middleware/logger.go:86" ClientIp="::1" DataSize=37 HostName=DESKTOP-HIPHS03 Method=GET Path=/api/v1/role/ SpendTime="0 ms" StatusCode=200 UserAgent=axios/1.6.5
time="2024-01-25 22:13:10" level=info func=new_demo/middleware.Logger.func1 file="F:/new_demo/middleware/logger.go:86" ClientIp="::1" DataSize=37 HostName=DESKTOP-HIPHS03 Method=GET Path=/api/v1/role/ SpendTime="0 ms" StatusCode=200 UserAgent=axios/1.6.5
