time="2024-01-27 18:56:06" level=info func=new_demo/middleware.Logger.func1 file="F:/new_demo/middleware/logger.go:86" ClientIp="::1" DataSize=187 HostName=DESKTOP-HIPHS03 Method=POST Path=/login SpendTime="28 ms" StatusCode=200 UserAgent=axios/1.6.5
time="2024-01-27 18:56:06" level=info func=new_demo/middleware.Logger.func1 file="F:/new_demo/middleware/logger.go:86" ClientIp="::1" DataSize=37 HostName=DESKTOP-HIPHS03 Method=GET Path=/api/v1/article/cateArt SpendTime="3 ms" StatusCode=200 UserAgent=axios/1.6.5
time="2024-01-27 18:56:06" level=info func=new_demo/middleware.Logger.func1 file="F:/new_demo/middleware/logger.go:86" ClientIp="::1" DataSize=37 HostName=DESKTOP-HIPHS03 Method=GET Path=/api/v1/article/cateArt SpendTime="0 ms" StatusCode=200 UserAgent=axios/1.6.5
time="2024-01-27 18:56:06" level=info func=new_demo/middleware.Logger.func1 file="F:/new_demo/middleware/logger.go:86" ClientIp="::1" DataSize=3555 HostName=DESKTOP-HIPHS03 Method=GET Path=/api/v1/article/detail SpendTime="4 ms" StatusCode=200 UserAgent=axios/1.6.5
time="2024-01-27 18:56:06" level=info func=new_demo/middleware.Logger.func1 file="F:/new_demo/middleware/logger.go:86" ClientIp="::1" DataSize=1984 HostName=DESKTOP-HIPHS03 Method=GET Path="/api/v1/article/detail?pageSize=6&pageNum=1" SpendTime="1 ms" StatusCode=200 UserAgent=axios/1.6.5
time="2024-01-27 18:56:06" level=info func=new_demo/middleware.Logger.func1 file="F:/new_demo/middleware/logger.go:86" ClientIp="::1" DataSize=424 HostName=DESKTOP-HIPHS03 Method=GET Path=/api/v1/category/detail SpendTime="0 ms" StatusCode=200 UserAgent=axios/1.6.5
time="2024-01-27 18:56:06" level=info func=new_demo/middleware.Logger.func1 file="F:/new_demo/middleware/logger.go:86" ClientIp="::1" DataSize=37 HostName=DESKTOP-HIPHS03 Method=GET Path=/api/v1/article/cateArt SpendTime="0 ms" StatusCode=200 UserAgent=axios/1.6.5
time="2024-01-27 18:56:06" level=info func=new_demo/middleware.Logger.func1 file="F:/new_demo/middleware/logger.go:86" ClientIp="::1" DataSize=37 HostName=DESKTOP-HIPHS03 Method=GET Path=/api/v1/article/cateArt SpendTime="0 ms" StatusCode=200 UserAgent=axios/1.6.5
time="2024-01-27 18:56:06" level=info func=new_demo/middleware.Logger.func1 file="F:/new_demo/middleware/logger.go:86" ClientIp="::1" DataSize=3555 HostName=DESKTOP-HIPHS03 Method=GET Path=/api/v1/article/detail SpendTime="1 ms" StatusCode=200 UserAgent=axios/1.6.5
time="2024-01-27 18:56:06" level=info func=new_demo/middleware.Logger.func1 file="F:/new_demo/middleware/logger.go:86" ClientIp="::1" DataSize=1984 HostName=DESKTOP-HIPHS03 Method=GET Path="/api/v1/article/detail?pageSize=6&pageNum=1" SpendTime="1 ms" StatusCode=200 UserAgent=axios/1.6.5
time="2024-01-27 18:56:06" level=info func=new_demo/middleware.Logger.func1 file="F:/new_demo/middleware/logger.go:86" ClientIp="::1" DataSize=424 HostName=DESKTOP-HIPHS03 Method=GET Path=/api/v1/category/detail SpendTime="0 ms" StatusCode=200 UserAgent=axios/1.6.5
time="2024-01-27 18:56:06" level=info func=new_demo/middleware.Logger.func1 file="F:/new_demo/middleware/logger.go:86" ClientIp="::1" DataSize=37 HostName=DESKTOP-HIPHS03 Method=GET Path=/api/v1/article/cateArt SpendTime="0 ms" StatusCode=200 UserAgent=axios/1.6.5
time="2024-01-27 18:56:06" level=info func=new_demo/middleware.Logger.func1 file="F:/new_demo/middleware/logger.go:86" ClientIp="::1" DataSize=37 HostName=DESKTOP-HIPHS03 Method=GET Path=/api/v1/article/cateArt SpendTime="0 ms" StatusCode=200 UserAgent=axios/1.6.5
time="2024-01-27 18:56:06" level=info func=new_demo/middleware.Logger.func1 file="F:/new_demo/middleware/logger.go:86" ClientIp="::1" DataSize=3555 HostName=DESKTOP-HIPHS03 Method=GET Path=/api/v1/article/detail SpendTime="1 ms" StatusCode=200 UserAgent=axios/1.6.5
time="2024-01-27 18:56:06" level=info func=new_demo/middleware.Logger.func1 file="F:/new_demo/middleware/logger.go:86" ClientIp="::1" DataSize=1984 HostName=DESKTOP-HIPHS03 Method=GET Path="/api/v1/article/detail?pageSize=6&pageNum=1" SpendTime="1 ms" StatusCode=200 UserAgent=axios/1.6.5
time="2024-01-27 18:56:06" level=info func=new_demo/middleware.Logger.func1 file="F:/new_demo/middleware/logger.go:86" ClientIp="::1" DataSize=424 HostName=DESKTOP-HIPHS03 Method=GET Path=/api/v1/category/detail SpendTime="0 ms" StatusCode=200 UserAgent=axios/1.6.5
time="2024-01-27 18:56:06" level=info func=new_demo/middleware.Logger.func1 file="F:/new_demo/middleware/logger.go:86" ClientIp="::1" DataSize=187 HostName=DESKTOP-HIPHS03 Method=POST Path=/login SpendTime="0 ms" StatusCode=200 UserAgent=axios/1.6.5
time="2024-01-27 18:56:06" level=info func=new_demo/middleware.Logger.func1 file="F:/new_demo/middleware/logger.go:86" ClientIp="::1" DataSize=37 HostName=DESKTOP-HIPHS03 Method=GET Path=/api/v1/article/cateArt SpendTime="0 ms" StatusCode=200 UserAgent=axios/1.6.5
time="2024-01-27 18:56:06" level=info func=new_demo/middleware.Logger.func1 file="F:/new_demo/middleware/logger.go:86" ClientIp="::1" DataSize=37 HostName=DESKTOP-HIPHS03 Method=GET Path=/api/v1/article/cateArt SpendTime="0 ms" StatusCode=200 UserAgent=axios/1.6.5
time="2024-01-27 18:56:06" level=info func=new_demo/middleware.Logger.func1 file="F:/new_demo/middleware/logger.go:86" ClientIp="::1" DataSize=3555 HostName=DESKTOP-HIPHS03 Method=GET Path=/api/v1/article/detail SpendTime="1 ms" StatusCode=200 UserAgent=axios/1.6.5
time="2024-01-27 18:56:06" level=info func=new_demo/middleware.Logger.func1 file="F:/new_demo/middleware/logger.go:86" ClientIp="::1" DataSize=1984 HostName=DESKTOP-HIPHS03 Method=GET Path="/api/v1/article/detail?pageSize=6&pageNum=1" SpendTime="1 ms" StatusCode=200 UserAgent=axios/1.6.5
time="2024-01-27 18:56:06" level=info func=new_demo/middleware.Logger.func1 file="F:/new_demo/middleware/logger.go:86" ClientIp="::1" DataSize=424 HostName=DESKTOP-HIPHS03 Method=GET Path=/api/v1/category/detail SpendTime="0 ms" StatusCode=200 UserAgent=axios/1.6.5
time="2024-01-27 18:56:06" level=info func=new_demo/middleware.Logger.func1 file="F:/new_demo/middleware/logger.go:86" ClientIp="::1" DataSize=37 HostName=DESKTOP-HIPHS03 Method=GET Path=/api/v1/article/cateArt SpendTime="0 ms" StatusCode=200 UserAgent=axios/1.6.5
time="2024-01-27 18:56:06" level=info func=new_demo/middleware.Logger.func1 file="F:/new_demo/middleware/logger.go:86" ClientIp="::1" DataSize=37 HostName=DESKTOP-HIPHS03 Method=GET Path=/api/v1/article/cateArt SpendTime="0 ms" StatusCode=200 UserAgent=axios/1.6.5
time="2024-01-27 18:56:06" level=info func=new_demo/middleware.Logger.func1 file="F:/new_demo/middleware/logger.go:86" ClientIp="::1" DataSize=3555 HostName=DESKTOP-HIPHS03 Method=GET Path=/api/v1/article/detail SpendTime="1 ms" StatusCode=200 UserAgent=axios/1.6.5
time="2024-01-27 18:56:06" level=info func=new_demo/middleware.Logger.func1 file="F:/new_demo/middleware/logger.go:86" ClientIp="::1" DataSize=1984 HostName=DESKTOP-HIPHS03 Method=GET Path="/api/v1/article/detail?pageSize=6&pageNum=1" SpendTime="1 ms" StatusCode=200 UserAgent=axios/1.6.5
time="2024-01-27 18:56:06" level=info func=new_demo/middleware.Logger.func1 file="F:/new_demo/middleware/logger.go:86" ClientIp="::1" DataSize=424 HostName=DESKTOP-HIPHS03 Method=GET Path=/api/v1/category/detail SpendTime="0 ms" StatusCode=200 UserAgent=axios/1.6.5
time="2024-01-27 18:56:06" level=info func=new_demo/middleware.Logger.func1 file="F:/new_demo/middleware/logger.go:86" ClientIp="::1" DataSize=302 HostName=DESKTOP-HIPHS03 Method=GET Path=/api/v1/role/ SpendTime="2 ms" StatusCode=200 UserAgent=axios/1.6.5
time="2024-01-27 19:11:07" level=info func=new_demo/middleware.Logger.func1 file="F:/new_demo/middleware/logger.go:86" ClientIp="::1" DataSize=302 HostName=DESKTOP-HIPHS03 Method=GET Path=/api/v1/role/ SpendTime="16 ms" StatusCode=200 UserAgent=axios/1.6.5
time="2024-01-27 19:17:07" level=info func=new_demo/middleware.Logger.func1 file="F:/new_demo/middleware/logger.go:86" ClientIp="::1" DataSize=408 HostName=DESKTOP-HIPHS03 Method=GET Path=/api/v1/category/cateArtCount SpendTime="1 ms" StatusCode=200 UserAgent=axios/1.6.5
time="2024-01-27 19:23:07" level=info func=new_demo/middleware.Logger.func1 file="F:/new_demo/middleware/logger.go:86" ClientIp="::1" DataSize=302 HostName=DESKTOP-HIPHS03 Method=GET Path=/api/v1/role/ SpendTime="0 ms" StatusCode=200 UserAgent=axios/1.6.5
time="2024-01-27 19:23:07" level=info func=new_demo/middleware.Logger.func1 file="F:/new_demo/middleware/logger.go:86" ClientIp="::1" DataSize=302 HostName=DESKTOP-HIPHS03 Method=GET Path=/api/v1/role/ SpendTime="0 ms" StatusCode=200 UserAgent=axios/1.6.5
time="2024-01-27 19:24:07" level=info func=new_demo/middleware.Logger.func1 file="F:/new_demo/middleware/logger.go:86" ClientIp="::1" DataSize=302 HostName=DESKTOP-HIPHS03 Method=GET Path=/api/v1/role/ SpendTime="1 ms" StatusCode=200 UserAgent=axios/1.6.5
time="2024-01-27 19:28:07" level=info func=new_demo/middleware.Logger.func1 file="F:/new_demo/middleware/logger.go:86" ClientIp="::1" DataSize=302 HostName=DESKTOP-HIPHS03 Method=GET Path=/api/v1/role/ SpendTime="0 ms" StatusCode=200 UserAgent=axios/1.6.5
time="2024-01-27 20:55:08" level=info func=new_demo/middleware.Logger.func1 file="F:/new_demo/middleware/logger.go:86" ClientIp="::1" DataSize=302 HostName=DESKTOP-HIPHS03 Method=GET Path=/api/v1/role/ SpendTime="0 ms" StatusCode=200 UserAgent=axios/1.6.5
time="2024-01-27 20:55:08" level=info func=new_demo/middleware.Logger.func1 file="F:/new_demo/middleware/logger.go:86" ClientIp="::1" DataSize=302 HostName=DESKTOP-HIPHS03 Method=GET Path=/api/v1/role/ SpendTime="0 ms" StatusCode=200 UserAgent=axios/1.6.5
time="2024-01-27 20:55:08" level=info func=new_demo/middleware.Logger.func1 file="F:/new_demo/middleware/logger.go:86" ClientIp="::1" DataSize=302 HostName=DESKTOP-HIPHS03 Method=GET Path=/api/v1/role/ SpendTime="0 ms" StatusCode=200 UserAgent=axios/1.6.5
time="2024-01-27 20:56:08" level=info func=new_demo/middleware.Logger.func1 file="F:/new_demo/middleware/logger.go:86" ClientIp="::1" DataSize=302 HostName=DESKTOP-HIPHS03 Method=GET Path=/api/v1/role/ SpendTime="0 ms" StatusCode=200 UserAgent=axios/1.6.5
time="2024-01-27 20:56:08" level=info func=new_demo/middleware.Logger.func1 file="F:/new_demo/middleware/logger.go:86" ClientIp="::1" DataSize=302 HostName=DESKTOP-HIPHS03 Method=GET Path=/api/v1/role/ SpendTime="0 ms" StatusCode=200 UserAgent=axios/1.6.5
time="2024-01-27 20:57:08" level=info func=new_demo/middleware.Logger.func1 file="F:/new_demo/middleware/logger.go:86" ClientIp="::1" DataSize=302 HostName=DESKTOP-HIPHS03 Method=GET Path=/api/v1/role/ SpendTime="0 ms" StatusCode=200 UserAgent=axios/1.6.5
time="2024-01-27 20:57:08" level=info func=new_demo/middleware.Logger.func1 file="F:/new_demo/middleware/logger.go:86" ClientIp="::1" DataSize=302 HostName=DESKTOP-HIPHS03 Method=GET Path=/api/v1/role/ SpendTime="0 ms" StatusCode=200 UserAgent=axios/1.6.5
time="2024-01-27 20:57:08" level=info func=new_demo/middleware.Logger.func1 file="F:/new_demo/middleware/logger.go:86" ClientIp="::1" DataSize=302 HostName=DESKTOP-HIPHS03 Method=GET Path=/api/v1/role/ SpendTime="0 ms" StatusCode=200 UserAgent=axios/1.6.5
time="2024-01-27 20:57:08" level=info func=new_demo/middleware.Logger.func1 file="F:/new_demo/middleware/logger.go:86" ClientIp="::1" DataSize=302 HostName=DESKTOP-HIPHS03 Method=GET Path=/api/v1/role/ SpendTime="0 ms" StatusCode=200 UserAgent=axios/1.6.5
time="2024-01-27 20:57:08" level=info func=new_demo/middleware.Logger.func1 file="F:/new_demo/middleware/logger.go:86" ClientIp="::1" DataSize=302 HostName=DESKTOP-HIPHS03 Method=GET Path=/api/v1/role/ SpendTime="0 ms" StatusCode=200 UserAgent=axios/1.6.5
time="2024-01-27 20:59:08" level=info func=new_demo/middleware.Logger.func1 file="F:/new_demo/middleware/logger.go:86" ClientIp="::1" DataSize=302 HostName=DESKTOP-HIPHS03 Method=GET Path=/api/v1/role/ SpendTime="0 ms" StatusCode=200 UserAgent=axios/1.6.5
time="2024-01-27 21:00:09" level=info func=new_demo/middleware.Logger.func1 file="F:/new_demo/middleware/logger.go:86" ClientIp="::1" DataSize=302 HostName=DESKTOP-HIPHS03 Method=GET Path=/api/v1/role/ SpendTime="0 ms" StatusCode=200 UserAgent=axios/1.6.5
time="2024-01-27 21:00:09" level=info func=new_demo/middleware.Logger.func1 file="F:/new_demo/middleware/logger.go:86" ClientIp="::1" DataSize=302 HostName=DESKTOP-HIPHS03 Method=GET Path=/api/v1/role/ SpendTime="0 ms" StatusCode=200 UserAgent=axios/1.6.5
time="2024-01-27 21:01:09" level=info func=new_demo/middleware.Logger.func1 file="F:/new_demo/middleware/logger.go:86" ClientIp="::1" DataSize=302 HostName=DESKTOP-HIPHS03 Method=GET Path=/api/v1/role/ SpendTime="0 ms" StatusCode=200 UserAgent=axios/1.6.5
time="2024-01-27 21:01:09" level=info func=new_demo/middleware.Logger.func1 file="F:/new_demo/middleware/logger.go:86" ClientIp="::1" DataSize=302 HostName=DESKTOP-HIPHS03 Method=GET Path=/api/v1/role/ SpendTime="0 ms" StatusCode=200 UserAgent=axios/1.6.5
time="2024-01-27 21:02:09" level=info func=new_demo/middleware.Logger.func1 file="F:/new_demo/middleware/logger.go:86" ClientIp="::1" DataSize=302 HostName=DESKTOP-HIPHS03 Method=GET Path=/api/v1/role/ SpendTime="0 ms" StatusCode=200 UserAgent=axios/1.6.5
time="2024-01-27 21:02:09" level=info func=new_demo/middleware.Logger.func1 file="F:/new_demo/middleware/logger.go:86" ClientIp="::1" DataSize=302 HostName=DESKTOP-HIPHS03 Method=GET Path=/api/v1/role/ SpendTime="0 ms" StatusCode=200 UserAgent=axios/1.6.5
time="2024-01-27 21:03:09" level=info func=new_demo/middleware.Logger.func1 file="F:/new_demo/middleware/logger.go:86" ClientIp="::1" DataSize=302 HostName=DESKTOP-HIPHS03 Method=GET Path=/api/v1/role/ SpendTime="0 ms" StatusCode=200 UserAgent=axios/1.6.5
time="2024-01-27 21:03:09" level=info func=new_demo/middleware.Logger.func1 file="F:/new_demo/middleware/logger.go:86" ClientIp="::1" DataSize=302 HostName=DESKTOP-HIPHS03 Method=GET Path=/api/v1/role/ SpendTime="0 ms" StatusCode=200 UserAgent=axios/1.6.5
time="2024-01-27 21:03:09" level=info func=new_demo/middleware.Logger.func1 file="F:/new_demo/middleware/logger.go:86" ClientIp="::1" DataSize=302 HostName=DESKTOP-HIPHS03 Method=GET Path=/api/v1/role/ SpendTime="0 ms" StatusCode=200 UserAgent=axios/1.6.5
time="2024-01-27 21:04:09" level=info func=new_demo/middleware.Logger.func1 file="F:/new_demo/middleware/logger.go:86" ClientIp="::1" DataSize=302 HostName=DESKTOP-HIPHS03 Method=GET Path=/api/v1/role/ SpendTime="0 ms" StatusCode=200 UserAgent=axios/1.6.5
time="2024-01-27 21:04:09" level=info func=new_demo/middleware.Logger.func1 file="F:/new_demo/middleware/logger.go:86" ClientIp="::1" DataSize=302 HostName=DESKTOP-HIPHS03 Method=GET Path=/api/v1/role/ SpendTime="7 ms" StatusCode=200 UserAgent=axios/1.6.5
time="2024-01-27 21:05:09" level=info func=new_demo/middleware.Logger.func1 file="F:/new_demo/middleware/logger.go:86" ClientIp="::1" DataSize=302 HostName=DESKTOP-HIPHS03 Method=GET Path=/api/v1/role/ SpendTime="0 ms" StatusCode=200 UserAgent=axios/1.6.5
time="2024-01-27 21:05:09" level=info func=new_demo/middleware.Logger.func1 file="F:/new_demo/middleware/logger.go:86" ClientIp="::1" DataSize=302 HostName=DESKTOP-HIPHS03 Method=GET Path=/api/v1/role/ SpendTime="0 ms" StatusCode=200 UserAgent=axios/1.6.5
time="2024-01-27 21:05:09" level=info func=new_demo/middleware.Logger.func1 file="F:/new_demo/middleware/logger.go:86" ClientIp="::1" DataSize=302 HostName=DESKTOP-HIPHS03 Method=GET Path=/api/v1/role/ SpendTime="0 ms" StatusCode=200 UserAgent=axios/1.6.5
time="2024-01-27 21:05:09" level=info func=new_demo/middleware.Logger.func1 file="F:/new_demo/middleware/logger.go:86" ClientIp="::1" DataSize=302 HostName=DESKTOP-HIPHS03 Method=GET Path=/api/v1/role/ SpendTime="0 ms" StatusCode=200 UserAgent=axios/1.6.5
time="2024-01-27 21:05:09" level=info func=new_demo/middleware.Logger.func1 file="F:/new_demo/middleware/logger.go:86" ClientIp="::1" DataSize=302 HostName=DESKTOP-HIPHS03 Method=GET Path=/api/v1/role/ SpendTime="0 ms" StatusCode=200 UserAgent=axios/1.6.5
time="2024-01-27 21:06:09" level=info func=new_demo/middleware.Logger.func1 file="F:/new_demo/middleware/logger.go:86" ClientIp="::1" DataSize=302 HostName=DESKTOP-HIPHS03 Method=GET Path=/api/v1/role/ SpendTime="0 ms" StatusCode=200 UserAgent=axios/1.6.5
time="2024-01-27 21:06:09" level=info func=new_demo/middleware.Logger.func1 file="F:/new_demo/middleware/logger.go:86" ClientIp="::1" DataSize=302 HostName=DESKTOP-HIPHS03 Method=GET Path=/api/v1/role/ SpendTime="0 ms" StatusCode=200 UserAgent=axios/1.6.5
time="2024-01-27 21:06:09" level=info func=new_demo/middleware.Logger.func1 file="F:/new_demo/middleware/logger.go:86" ClientIp="::1" DataSize=302 HostName=DESKTOP-HIPHS03 Method=GET Path=/api/v1/role/ SpendTime="0 ms" StatusCode=200 UserAgent=axios/1.6.5
time="2024-01-27 21:07:09" level=info func=new_demo/middleware.Logger.func1 file="F:/new_demo/middleware/logger.go:86" ClientIp="::1" DataSize=302 HostName=DESKTOP-HIPHS03 Method=GET Path=/api/v1/role/ SpendTime="0 ms" StatusCode=200 UserAgent=axios/1.6.5
time="2024-01-27 21:07:09" level=info func=new_demo/middleware.Logger.func1 file="F:/new_demo/middleware/logger.go:86" ClientIp="::1" DataSize=302 HostName=DESKTOP-HIPHS03 Method=GET Path=/api/v1/role/ SpendTime="0 ms" StatusCode=200 UserAgent=axios/1.6.5
time="2024-01-27 21:07:09" level=info func=new_demo/middleware.Logger.func1 file="F:/new_demo/middleware/logger.go:86" ClientIp="::1" DataSize=302 HostName=DESKTOP-HIPHS03 Method=GET Path=/api/v1/role/ SpendTime="0 ms" StatusCode=200 UserAgent=axios/1.6.5
time="2024-01-27 21:07:09" level=info func=new_demo/middleware.Logger.func1 file="F:/new_demo/middleware/logger.go:86" ClientIp="::1" DataSize=302 HostName=DESKTOP-HIPHS03 Method=GET Path=/api/v1/role/ SpendTime="0 ms" StatusCode=200 UserAgent=axios/1.6.5
time="2024-01-27 21:07:09" level=info func=new_demo/middleware.Logger.func1 file="F:/new_demo/middleware/logger.go:86" ClientIp="::1" DataSize=302 HostName=DESKTOP-HIPHS03 Method=GET Path=/api/v1/role/ SpendTime="0 ms" StatusCode=200 UserAgent=axios/1.6.5
time="2024-01-27 21:07:09" level=info func=new_demo/middleware.Logger.func1 file="F:/new_demo/middleware/logger.go:86" ClientIp="::1" DataSize=302 HostName=DESKTOP-HIPHS03 Method=GET Path=/api/v1/role/ SpendTime="0 ms" StatusCode=200 UserAgent=axios/1.6.5
time="2024-01-27 21:08:09" level=info func=new_demo/middleware.Logger.func1 file="F:/new_demo/middleware/logger.go:86" ClientIp="::1" DataSize=302 HostName=DESKTOP-HIPHS03 Method=GET Path=/api/v1/role/ SpendTime="0 ms" StatusCode=200 UserAgent=axios/1.6.5
time="2024-01-27 21:08:09" level=info func=new_demo/middleware.Logger.func1 file="F:/new_demo/middleware/logger.go:86" ClientIp="::1" DataSize=302 HostName=DESKTOP-HIPHS03 Method=GET Path=/api/v1/role/ SpendTime="0 ms" StatusCode=200 UserAgent=axios/1.6.5
time="2024-01-27 21:08:09" level=info func=new_demo/middleware.Logger.func1 file="F:/new_demo/middleware/logger.go:86" ClientIp="::1" DataSize=302 HostName=DESKTOP-HIPHS03 Method=GET Path=/api/v1/role/ SpendTime="0 ms" StatusCode=200 UserAgent=axios/1.6.5
time="2024-01-27 21:08:09" level=info func=new_demo/middleware.Logger.func1 file="F:/new_demo/middleware/logger.go:86" ClientIp="::1" DataSize=302 HostName=DESKTOP-HIPHS03 Method=GET Path=/api/v1/role/ SpendTime="0 ms" StatusCode=200 UserAgent=axios/1.6.5
time="2024-01-27 21:09:09" level=info func=new_demo/middleware.Logger.func1 file="F:/new_demo/middleware/logger.go:86" ClientIp="::1" DataSize=302 HostName=DESKTOP-HIPHS03 Method=GET Path=/api/v1/role/ SpendTime="0 ms" StatusCode=200 UserAgent=axios/1.6.5
time="2024-01-27 21:09:09" level=info func=new_demo/middleware.Logger.func1 file="F:/new_demo/middleware/logger.go:86" ClientIp="::1" DataSize=302 HostName=DESKTOP-HIPHS03 Method=GET Path=/api/v1/role/ SpendTime="0 ms" StatusCode=200 UserAgent=axios/1.6.5
time="2024-01-27 21:09:09" level=info func=new_demo/middleware.Logger.func1 file="F:/new_demo/middleware/logger.go:86" ClientIp="::1" DataSize=302 HostName=DESKTOP-HIPHS03 Method=GET Path=/api/v1/role/ SpendTime="0 ms" StatusCode=200 UserAgent=axios/1.6.5
time="2024-01-27 21:10:09" level=info func=new_demo/middleware.Logger.func1 file="F:/new_demo/middleware/logger.go:86" ClientIp="::1" DataSize=302 HostName=DESKTOP-HIPHS03 Method=GET Path=/api/v1/role/ SpendTime="0 ms" StatusCode=200 UserAgent=axios/1.6.5
time="2024-01-27 21:10:09" level=info func=new_demo/middleware.Logger.func1 file="F:/new_demo/middleware/logger.go:86" ClientIp="::1" DataSize=302 HostName=DESKTOP-HIPHS03 Method=GET Path=/api/v1/role/ SpendTime="0 ms" StatusCode=200 UserAgent=axios/1.6.5
time="2024-01-27 21:10:09" level=info func=new_demo/middleware.Logger.func1 file="F:/new_demo/middleware/logger.go:86" ClientIp="::1" DataSize=302 HostName=DESKTOP-HIPHS03 Method=GET Path=/api/v1/role/ SpendTime="0 ms" StatusCode=200 UserAgent=axios/1.6.5
time="2024-01-27 21:10:09" level=info func=new_demo/middleware.Logger.func1 file="F:/new_demo/middleware/logger.go:86" ClientIp="::1" DataSize=302 HostName=DESKTOP-HIPHS03 Method=GET Path=/api/v1/role/ SpendTime="0 ms" StatusCode=200 UserAgent=axios/1.6.5
time="2024-01-27 21:10:09" level=info func=new_demo/middleware.Logger.func1 file="F:/new_demo/middleware/logger.go:86" ClientIp="::1" DataSize=302 HostName=DESKTOP-HIPHS03 Method=GET Path=/api/v1/role/ SpendTime="0 ms" StatusCode=200 UserAgent=axios/1.6.5
time="2024-01-27 21:10:09" level=info func=new_demo/middleware.Logger.func1 file="F:/new_demo/middleware/logger.go:86" ClientIp="::1" DataSize=302 HostName=DESKTOP-HIPHS03 Method=GET Path=/api/v1/role/ SpendTime="0 ms" StatusCode=200 UserAgent=axios/1.6.5
time="2024-01-27 21:11:09" level=info func=new_demo/middleware.Logger.func1 file="F:/new_demo/middleware/logger.go:86" ClientIp="::1" DataSize=302 HostName=DESKTOP-HIPHS03 Method=GET Path=/api/v1/role/ SpendTime="1 ms" StatusCode=200 UserAgent=axios/1.6.5
time="2024-01-27 21:11:09" level=info func=new_demo/middleware.Logger.func1 file="F:/new_demo/middleware/logger.go:86" ClientIp="::1" DataSize=302 HostName=DESKTOP-HIPHS03 Method=GET Path=/api/v1/role/ SpendTime="0 ms" StatusCode=200 UserAgent=axios/1.6.5
time="2024-01-27 21:11:09" level=info func=new_demo/middleware.Logger.func1 file="F:/new_demo/middleware/logger.go:86" ClientIp="::1" DataSize=302 HostName=DESKTOP-HIPHS03 Method=GET Path=/api/v1/role/ SpendTime="0 ms" StatusCode=200 UserAgent=axios/1.6.5
time="2024-01-27 21:11:09" level=info func=new_demo/middleware.Logger.func1 file="F:/new_demo/middleware/logger.go:86" ClientIp="::1" DataSize=302 HostName=DESKTOP-HIPHS03 Method=GET Path=/api/v1/role/ SpendTime="0 ms" StatusCode=200 UserAgent=axios/1.6.5
time="2024-01-27 21:11:09" level=info func=new_demo/middleware.Logger.func1 file="F:/new_demo/middleware/logger.go:86" ClientIp="::1" DataSize=302 HostName=DESKTOP-HIPHS03 Method=GET Path=/api/v1/role/ SpendTime="0 ms" StatusCode=200 UserAgent=axios/1.6.5
time="2024-01-27 21:11:09" level=info func=new_demo/middleware.Logger.func1 file="F:/new_demo/middleware/logger.go:86" ClientIp="::1" DataSize=302 HostName=DESKTOP-HIPHS03 Method=GET Path=/api/v1/role/ SpendTime="0 ms" StatusCode=200 UserAgent=axios/1.6.5
time="2024-01-27 21:12:09" level=info func=new_demo/middleware.Logger.func1 file="F:/new_demo/middleware/logger.go:86" ClientIp="::1" DataSize=302 HostName=DESKTOP-HIPHS03 Method=GET Path=/api/v1/role/ SpendTime="0 ms" StatusCode=200 UserAgent=axios/1.6.5
time="2024-01-27 21:12:09" level=info func=new_demo/middleware.Logger.func1 file="F:/new_demo/middleware/logger.go:86" ClientIp="::1" DataSize=302 HostName=DESKTOP-HIPHS03 Method=GET Path=/api/v1/role/ SpendTime="0 ms" StatusCode=200 UserAgent=axios/1.6.5
time="2024-01-27 21:12:09" level=info func=new_demo/middleware.Logger.func1 file="F:/new_demo/middleware/logger.go:86" ClientIp="::1" DataSize=302 HostName=DESKTOP-HIPHS03 Method=GET Path=/api/v1/role/ SpendTime="0 ms" StatusCode=200 UserAgent=axios/1.6.5
time="2024-01-27 21:13:09" level=info func=new_demo/middleware.Logger.func1 file="F:/new_demo/middleware/logger.go:86" ClientIp="::1" DataSize=302 HostName=DESKTOP-HIPHS03 Method=GET Path=/api/v1/role/ SpendTime="0 ms" StatusCode=200 UserAgent=axios/1.6.5
time="2024-01-27 21:13:09" level=info func=new_demo/middleware.Logger.func1 file="F:/new_demo/middleware/logger.go:86" ClientIp="::1" DataSize=302 HostName=DESKTOP-HIPHS03 Method=GET Path=/api/v1/role/ SpendTime="0 ms" StatusCode=200 UserAgent=axios/1.6.5
time="2024-01-27 21:13:09" level=info func=new_demo/middleware.Logger.func1 file="F:/new_demo/middleware/logger.go:86" ClientIp="::1" DataSize=302 HostName=DESKTOP-HIPHS03 Method=GET Path=/api/v1/role/ SpendTime="0 ms" StatusCode=200 UserAgent=axios/1.6.5
time="2024-01-27 21:13:09" level=info func=new_demo/middleware.Logger.func1 file="F:/new_demo/middleware/logger.go:86" ClientIp="::1" DataSize=302 HostName=DESKTOP-HIPHS03 Method=GET Path=/api/v1/role/ SpendTime="0 ms" StatusCode=200 UserAgent=axios/1.6.5
time="2024-01-27 21:14:09" level=info func=new_demo/middleware.Logger.func1 file="F:/new_demo/middleware/logger.go:86" ClientIp="::1" DataSize=302 HostName=DESKTOP-HIPHS03 Method=GET Path=/api/v1/role/ SpendTime="0 ms" StatusCode=200 UserAgent=axios/1.6.5
time="2024-01-27 21:35:09" level=info func=new_demo/middleware.Logger.func1 file="F:/new_demo/middleware/logger.go:86" ClientIp="::1" DataSize=302 HostName=DESKTOP-HIPHS03 Method=GET Path=/api/v1/role/ SpendTime="1 ms" StatusCode=200 UserAgent=axios/1.6.5
time="2024-01-27 21:35:09" level=info func=new_demo/middleware.Logger.func1 file="F:/new_demo/middleware/logger.go:86" ClientIp="::1" DataSize=302 HostName=DESKTOP-HIPHS03 Method=GET Path=/api/v1/role/ SpendTime="0 ms" StatusCode=200 UserAgent=axios/1.6.5
time="2024-01-27 21:35:09" level=info func=new_demo/middleware.Logger.func1 file="F:/new_demo/middleware/logger.go:86" ClientIp="::1" DataSize=302 HostName=DESKTOP-HIPHS03 Method=GET Path=/api/v1/role/ SpendTime="0 ms" StatusCode=200 UserAgent=axios/1.6.5
time="2024-01-27 21:36:09" level=info func=new_demo/middleware.Logger.func1 file="F:/new_demo/middleware/logger.go:86" ClientIp="::1" DataSize=302 HostName=DESKTOP-HIPHS03 Method=GET Path=/api/v1/role/ SpendTime="0 ms" StatusCode=200 UserAgent=axios/1.6.5
time="2024-01-27 21:36:09" level=info func=new_demo/middleware.Logger.func1 file="F:/new_demo/middleware/logger.go:86" ClientIp="::1" DataSize=302 HostName=DESKTOP-HIPHS03 Method=GET Path=/api/v1/role/ SpendTime="0 ms" StatusCode=200 UserAgent=axios/1.6.5
time="2024-01-27 21:38:09" level=info func=new_demo/middleware.Logger.func1 file="F:/new_demo/middleware/logger.go:86" ClientIp="::1" DataSize=302 HostName=DESKTOP-HIPHS03 Method=GET Path=/api/v1/role/ SpendTime="1 ms" StatusCode=200 UserAgent=axios/1.6.5
time="2024-01-27 21:38:09" level=info func=new_demo/middleware.Logger.func1 file="F:/new_demo/middleware/logger.go:86" ClientIp="::1" DataSize=302 HostName=DESKTOP-HIPHS03 Method=GET Path=/api/v1/role/ SpendTime="0 ms" StatusCode=200 UserAgent=axios/1.6.5
time="2024-01-27 21:38:09" level=info func=new_demo/middleware.Logger.func1 file="F:/new_demo/middleware/logger.go:86" ClientIp="::1" DataSize=302 HostName=DESKTOP-HIPHS03 Method=GET Path=/api/v1/role/ SpendTime="0 ms" StatusCode=200 UserAgent=axios/1.6.5
time="2024-01-27 21:39:09" level=info func=new_demo/middleware.Logger.func1 file="F:/new_demo/middleware/logger.go:86" ClientIp="::1" DataSize=302 HostName=DESKTOP-HIPHS03 Method=GET Path=/api/v1/role/ SpendTime="0 ms" StatusCode=200 UserAgent=axios/1.6.5
time="2024-01-27 21:39:09" level=info func=new_demo/middleware.Logger.func1 file="F:/new_demo/middleware/logger.go:86" ClientIp="::1" DataSize=302 HostName=DESKTOP-HIPHS03 Method=GET Path=/api/v1/role/ SpendTime="1 ms" StatusCode=200 UserAgent=axios/1.6.5
time="2024-01-27 21:39:09" level=info func=new_demo/middleware.Logger.func1 file="F:/new_demo/middleware/logger.go:86" ClientIp="::1" DataSize=302 HostName=DESKTOP-HIPHS03 Method=GET Path=/api/v1/role/ SpendTime="0 ms" StatusCode=200 UserAgent=axios/1.6.5
time="2024-01-27 21:40:09" level=info func=new_demo/middleware.Logger.func1 file="F:/new_demo/middleware/logger.go:86" ClientIp="::1" DataSize=302 HostName=DESKTOP-HIPHS03 Method=GET Path=/api/v1/role/ SpendTime="0 ms" StatusCode=200 UserAgent=axios/1.6.5
time="2024-01-27 21:40:09" level=info func=new_demo/middleware.Logger.func1 file="F:/new_demo/middleware/logger.go:86" ClientIp="::1" DataSize=302 HostName=DESKTOP-HIPHS03 Method=GET Path=/api/v1/role/ SpendTime="1 ms" StatusCode=200 UserAgent=axios/1.6.5
time="2024-01-27 21:41:09" level=info func=new_demo/middleware.Logger.func1 file="F:/new_demo/middleware/logger.go:86" ClientIp="::1" DataSize=302 HostName=DESKTOP-HIPHS03 Method=GET Path=/api/v1/role/ SpendTime="0 ms" StatusCode=200 UserAgent=axios/1.6.5
time="2024-01-27 21:41:09" level=info func=new_demo/middleware.Logger.func1 file="F:/new_demo/middleware/logger.go:86" ClientIp="::1" DataSize=302 HostName=DESKTOP-HIPHS03 Method=GET Path=/api/v1/role/ SpendTime="0 ms" StatusCode=200 UserAgent=axios/1.6.5
time="2024-01-27 21:41:09" level=info func=new_demo/middleware.Logger.func1 file="F:/new_demo/middleware/logger.go:86" ClientIp="::1" DataSize=302 HostName=DESKTOP-HIPHS03 Method=GET Path=/api/v1/role/ SpendTime="0 ms" StatusCode=200 UserAgent=axios/1.6.5
time="2024-01-27 21:41:09" level=info func=new_demo/middleware.Logger.func1 file="F:/new_demo/middleware/logger.go:86" ClientIp="::1" DataSize=302 HostName=DESKTOP-HIPHS03 Method=GET Path=/api/v1/role/ SpendTime="0 ms" StatusCode=200 UserAgent=axios/1.6.5
time="2024-01-27 21:41:09" level=info func=new_demo/middleware.Logger.func1 file="F:/new_demo/middleware/logger.go:86" ClientIp="::1" DataSize=302 HostName=DESKTOP-HIPHS03 Method=GET Path=/api/v1/role/ SpendTime="0 ms" StatusCode=200 UserAgent=axios/1.6.5
time="2024-01-27 21:42:09" level=info func=new_demo/middleware.Logger.func1 file="F:/new_demo/middleware/logger.go:86" ClientIp="::1" DataSize=302 HostName=DESKTOP-HIPHS03 Method=GET Path=/api/v1/role/ SpendTime="0 ms" StatusCode=200 UserAgent=axios/1.6.5
time="2024-01-27 21:42:09" level=info func=new_demo/middleware.Logger.func1 file="F:/new_demo/middleware/logger.go:86" ClientIp="::1" DataSize=302 HostName=DESKTOP-HIPHS03 Method=GET Path=/api/v1/role/ SpendTime="0 ms" StatusCode=200 UserAgent=axios/1.6.5
time="2024-01-27 21:48:09" level=info func=new_demo/middleware.Logger.func1 file="F:/new_demo/middleware/logger.go:86" ClientIp="::1" DataSize=302 HostName=DESKTOP-HIPHS03 Method=GET Path=/api/v1/role/ SpendTime="0 ms" StatusCode=200 UserAgent=axios/1.6.5
time="2024-01-27 21:48:09" level=info func=new_demo/middleware.Logger.func1 file="F:/new_demo/middleware/logger.go:86" ClientIp="::1" DataSize=302 HostName=DESKTOP-HIPHS03 Method=GET Path=/api/v1/role/ SpendTime="0 ms" StatusCode=200 UserAgent=axios/1.6.5
time="2024-01-27 21:48:09" level=info func=new_demo/middleware.Logger.func1 file="F:/new_demo/middleware/logger.go:86" ClientIp="::1" DataSize=302 HostName=DESKTOP-HIPHS03 Method=GET Path=/api/v1/role/ SpendTime="0 ms" StatusCode=200 UserAgent=axios/1.6.5
time="2024-01-27 21:49:09" level=info func=new_demo/middleware.Logger.func1 file="F:/new_demo/middleware/logger.go:86" ClientIp="::1" DataSize=302 HostName=DESKTOP-HIPHS03 Method=GET Path=/api/v1/role/ SpendTime="0 ms" StatusCode=200 UserAgent=axios/1.6.5
time="2024-01-27 21:52:09" level=info func=new_demo/middleware.Logger.func1 file="F:/new_demo/middleware/logger.go:86" ClientIp="::1" DataSize=302 HostName=DESKTOP-HIPHS03 Method=GET Path=/api/v1/role/ SpendTime="0 ms" StatusCode=200 UserAgent=axios/1.6.5
time="2024-01-27 21:52:09" level=info func=new_demo/middleware.Logger.func1 file="F:/new_demo/middleware/logger.go:86" ClientIp="::1" DataSize=302 HostName=DESKTOP-HIPHS03 Method=GET Path=/api/v1/role/ SpendTime="0 ms" StatusCode=200 UserAgent=axios/1.6.5
time="2024-01-27 21:52:09" level=info func=new_demo/middleware.Logger.func1 file="F:/new_demo/middleware/logger.go:86" ClientIp="::1" DataSize=302 HostName=DESKTOP-HIPHS03 Method=GET Path=/api/v1/role/ SpendTime="0 ms" StatusCode=200 UserAgent=axios/1.6.5
time="2024-01-27 21:57:09" level=info func=new_demo/middleware.Logger.func1 file="F:/new_demo/middleware/logger.go:86" ClientIp="::1" DataSize=302 HostName=DESKTOP-HIPHS03 Method=GET Path=/api/v1/role/ SpendTime="0 ms" StatusCode=200 UserAgent=axios/1.6.5
time="2024-01-27 21:57:09" level=info func=new_demo/middleware.Logger.func1 file="F:/new_demo/middleware/logger.go:86" ClientIp="::1" DataSize=302 HostName=DESKTOP-HIPHS03 Method=GET Path=/api/v1/role/ SpendTime="0 ms" StatusCode=200 UserAgent=axios/1.6.5
time="2024-01-27 21:57:09" level=info func=new_demo/middleware.Logger.func1 file="F:/new_demo/middleware/logger.go:86" ClientIp="::1" DataSize=302 HostName=DESKTOP-HIPHS03 Method=GET Path=/api/v1/role/ SpendTime="0 ms" StatusCode=200 UserAgent=axios/1.6.5
time="2024-01-27 22:00:10" level=info func=new_demo/middleware.Logger.func1 file="F:/new_demo/middleware/logger.go:86" ClientIp="::1" DataSize=302 HostName=DESKTOP-HIPHS03 Method=GET Path=/api/v1/role/ SpendTime="0 ms" StatusCode=200 UserAgent=axios/1.6.5
time="2024-01-27 22:00:10" level=info func=new_demo/middleware.Logger.func1 file="F:/new_demo/middleware/logger.go:86" ClientIp="::1" DataSize=302 HostName=DESKTOP-HIPHS03 Method=GET Path=/api/v1/role/ SpendTime="0 ms" StatusCode=200 UserAgent=axios/1.6.5
time="2024-01-27 22:05:10" level=info func=new_demo/middleware.Logger.func1 file="F:/new_demo/middleware/logger.go:86" ClientIp="::1" DataSize=302 HostName=DESKTOP-HIPHS03 Method=GET Path=/api/v1/role/ SpendTime="0 ms" StatusCode=200 UserAgent=axios/1.6.5
time="2024-01-27 22:06:10" level=info func=new_demo/middleware.Logger.func1 file="F:/new_demo/middleware/logger.go:86" ClientIp="::1" DataSize=302 HostName=DESKTOP-HIPHS03 Method=GET Path=/api/v1/role/ SpendTime="0 ms" StatusCode=200 UserAgent=axios/1.6.5
time="2024-01-27 22:06:10" level=info func=new_demo/middleware.Logger.func1 file="F:/new_demo/middleware/logger.go:86" ClientIp="::1" DataSize=302 HostName=DESKTOP-HIPHS03 Method=GET Path=/api/v1/role/ SpendTime="0 ms" StatusCode=200 UserAgent=axios/1.6.5
time="2024-01-27 22:06:10" level=info func=new_demo/middleware.Logger.func1 file="F:/new_demo/middleware/logger.go:86" ClientIp="::1" DataSize=302 HostName=DESKTOP-HIPHS03 Method=GET Path=/api/v1/role/ SpendTime="0 ms" StatusCode=200 UserAgent=axios/1.6.5
time="2024-01-27 22:06:10" level=warning func=new_demo/middleware.Logger.func1 file="F:/new_demo/middleware/logger.go:84" ClientIp="::1" DataSize=0 HostName=DESKTOP-HIPHS03 Method=POST Path=/api/v1/manager SpendTime="0 ms" StatusCode=404 UserAgent=axios/1.6.5
time="2024-01-27 22:07:10" level=info func=new_demo/middleware.Logger.func1 file="F:/new_demo/middleware/logger.go:86" ClientIp="::1" DataSize=302 HostName=DESKTOP-HIPHS03 Method=GET Path=/api/v1/role/ SpendTime="24 ms" StatusCode=200 UserAgent=axios/1.6.5
time="2024-01-27 22:07:10" level=info func=new_demo/middleware.Logger.func1 file="F:/new_demo/middleware/logger.go:86" ClientIp="::1" DataSize=249 HostName=DESKTOP-HIPHS03 Method=POST Path=/api/v1/manager/ SpendTime="1 ms" StatusCode=200 UserAgent=axios/1.6.5
time="2024-01-27 22:08:10" level=info func=new_demo/middleware.Logger.func1 file="F:/new_demo/middleware/logger.go:86" ClientIp="::1" DataSize=302 HostName=DESKTOP-HIPHS03 Method=GET Path=/api/v1/role/ SpendTime="0 ms" StatusCode=200 UserAgent=axios/1.6.5
time="2024-01-27 22:08:10" level=info func=new_demo/middleware.Logger.func1 file="F:/new_demo/middleware/logger.go:86" ClientIp="::1" DataSize=220 HostName=DESKTOP-HIPHS03 Method=POST Path=/api/v1/manager/ SpendTime="1 ms" StatusCode=200 UserAgent=axios/1.6.5
time="2024-01-27 22:10:10" level=info func=new_demo/middleware.Logger.func1 file="F:/new_demo/middleware/logger.go:86" ClientIp="::1" DataSize=302 HostName=DESKTOP-HIPHS03 Method=GET Path=/api/v1/role/ SpendTime="33 ms" StatusCode=200 UserAgent=axios/1.6.5
time="2024-01-27 22:10:10" level=info func=new_demo/middleware.Logger.func1 file="F:/new_demo/middleware/logger.go:86" ClientIp="::1" DataSize=248 HostName=DESKTOP-HIPHS03 Method=POST Path=/api/v1/manager/ SpendTime="2 ms" StatusCode=200 UserAgent=axios/1.6.5
time="2024-01-27 22:10:10" level=info func=new_demo/middleware.Logger.func1 file="F:/new_demo/middleware/logger.go:86" ClientIp="::1" DataSize=302 HostName=DESKTOP-HIPHS03 Method=GET Path=/api/v1/role/ SpendTime="0 ms" StatusCode=200 UserAgent=axios/1.6.5
time="2024-01-27 22:10:10" level=info func=new_demo/middleware.Logger.func1 file="F:/new_demo/middleware/logger.go:86" ClientIp="::1" DataSize=250 HostName=DESKTOP-HIPHS03 Method=POST Path=/api/v1/manager/ SpendTime="2 ms" StatusCode=200 UserAgent=axios/1.6.5
time="2024-01-27 22:11:10" level=info func=new_demo/middleware.Logger.func1 file="F:/new_demo/middleware/logger.go:86" ClientIp="::1" DataSize=302 HostName=DESKTOP-HIPHS03 Method=GET Path=/api/v1/role/ SpendTime="0 ms" StatusCode=200 UserAgent=axios/1.6.5
time="2024-01-27 22:11:10" level=info func=new_demo/middleware.Logger.func1 file="F:/new_demo/middleware/logger.go:86" ClientIp="::1" DataSize=255 HostName=DESKTOP-HIPHS03 Method=POST Path=/api/v1/manager/ SpendTime="1 ms" StatusCode=200 UserAgent=axios/1.6.5
time="2024-01-27 22:13:10" level=info func=new_demo/middleware.Logger.func1 file="F:/new_demo/middleware/logger.go:86" ClientIp="::1" DataSize=302 HostName=DESKTOP-HIPHS03 Method=GET Path=/api/v1/role/ SpendTime="0 ms" StatusCode=200 UserAgent=axios/1.6.5
time="2024-01-27 22:13:10" level=info func=new_demo/middleware.Logger.func1 file="F:/new_demo/middleware/logger.go:86" ClientIp="::1" DataSize=262 HostName=DESKTOP-HIPHS03 Method=POST Path=/api/v1/manager/ SpendTime="2 ms" StatusCode=200 UserAgent=axios/1.6.5
time="2024-01-27 22:14:10" level=info func=new_demo/middleware.Logger.func1 file="F:/new_demo/middleware/logger.go:86" ClientIp="::1" DataSize=302 HostName=DESKTOP-HIPHS03 Method=GET Path=/api/v1/role/ SpendTime="0 ms" StatusCode=200 UserAgent=axios/1.6.5
time="2024-01-27 22:14:10" level=info func=new_demo/middleware.Logger.func1 file="F:/new_demo/middleware/logger.go:86" ClientIp="::1" DataSize=257 HostName=DESKTOP-HIPHS03 Method=POST Path=/api/v1/manager/ SpendTime="2 ms" StatusCode=200 UserAgent=axios/1.6.5
time="2024-01-27 22:15:10" level=info func=new_demo/middleware.Logger.func1 file="F:/new_demo/middleware/logger.go:86" ClientIp="::1" DataSize=302 HostName=DESKTOP-HIPHS03 Method=GET Path=/api/v1/role/ SpendTime="1 ms" StatusCode=200 UserAgent=axios/1.6.5
time="2024-01-27 22:19:10" level=info func=new_demo/middleware.Logger.func1 file="F:/new_demo/middleware/logger.go:86" ClientIp="::1" DataSize=210 HostName=DESKTOP-HIPHS03 Method=GET Path=/api/v1/manager/ SpendTime="0 ms" StatusCode=200 UserAgent=axios/1.6.5
time="2024-01-27 22:20:10" level=info func=new_demo/middleware.Logger.func1 file="F:/new_demo/middleware/logger.go:86" ClientIp="::1" DataSize=210 HostName=DESKTOP-HIPHS03 Method=GET Path=/api/v1/manager/ SpendTime="1 ms" StatusCode=200 UserAgent=axios/1.6.5
time="2024-01-27 22:20:10" level=info func=new_demo/middleware.Logger.func1 file="F:/new_demo/middleware/logger.go:86" ClientIp="::1" DataSize=210 HostName=DESKTOP-HIPHS03 Method=GET Path=/api/v1/manager/ SpendTime="0 ms" StatusCode=200 UserAgent=axios/1.6.5
time="2024-01-27 22:20:10" level=info func=new_demo/middleware.Logger.func1 file="F:/new_demo/middleware/logger.go:86" ClientIp="::1" DataSize=210 HostName=DESKTOP-HIPHS03 Method=GET Path=/api/v1/manager/ SpendTime="5 ms" StatusCode=200 UserAgent=axios/1.6.5
time="2024-01-27 22:20:10" level=info func=new_demo/middleware.Logger.func1 file="F:/new_demo/middleware/logger.go:86" ClientIp="::1" DataSize=210 HostName=DESKTOP-HIPHS03 Method=GET Path=/api/v1/manager/ SpendTime="0 ms" StatusCode=200 UserAgent=axios/1.6.5
time="2024-01-27 22:21:10" level=info func=new_demo/middleware.Logger.func1 file="F:/new_demo/middleware/logger.go:86" ClientIp="::1" DataSize=210 HostName=DESKTOP-HIPHS03 Method=GET Path=/api/v1/manager/ SpendTime="0 ms" StatusCode=200 UserAgent=axios/1.6.5
time="2024-01-27 22:23:10" level=info func=new_demo/middleware.Logger.func1 file="F:/new_demo/middleware/logger.go:86" ClientIp="::1" DataSize=302 HostName=DESKTOP-HIPHS03 Method=GET Path=/api/v1/role/ SpendTime="1 ms" StatusCode=200 UserAgent=axios/1.6.5
time="2024-01-27 22:32:10" level=info func=new_demo/middleware.Logger.func1 file="F:/new_demo/middleware/logger.go:86" ClientIp="::1" DataSize=399 HostName=DESKTOP-HIPHS03 Method=GET Path=/api/v1/manager/ SpendTime="22 ms" StatusCode=200 UserAgent=axios/1.6.5
time="2024-01-27 22:32:10" level=info func=new_demo/middleware.Logger.func1 file="F:/new_demo/middleware/logger.go:86" ClientIp="::1" DataSize=399 HostName=DESKTOP-HIPHS03 Method=GET Path=/api/v1/manager/ SpendTime="22 ms" StatusCode=200 UserAgent=axios/1.6.5
time="2024-01-27 22:32:10" level=info func=new_demo/middleware.Logger.func1 file="F:/new_demo/middleware/logger.go:86" ClientIp="::1" DataSize=399 HostName=DESKTOP-HIPHS03 Method=GET Path=/api/v1/manager/ SpendTime="0 ms" StatusCode=200 UserAgent=axios/1.6.5
time="2024-01-27 22:33:10" level=info func=new_demo/middleware.Logger.func1 file="F:/new_demo/middleware/logger.go:86" ClientIp="::1" DataSize=399 HostName=DESKTOP-HIPHS03 Method=GET Path=/api/v1/manager/ SpendTime="0 ms" StatusCode=200 UserAgent=axios/1.6.5
time="2024-01-27 22:34:10" level=info func=new_demo/middleware.Logger.func1 file="F:/new_demo/middleware/logger.go:86" ClientIp="::1" DataSize=399 HostName=DESKTOP-HIPHS03 Method=GET Path=/api/v1/manager/ SpendTime="0 ms" StatusCode=200 UserAgent=axios/1.6.5
time="2024-01-27 22:36:10" level=info func=new_demo/middleware.Logger.func1 file="F:/new_demo/middleware/logger.go:86" ClientIp="::1" DataSize=399 HostName=DESKTOP-HIPHS03 Method=GET Path=/api/v1/manager/ SpendTime="18 ms" StatusCode=200 UserAgent=axios/1.6.5
time="2024-01-27 22:36:10" level=info func=new_demo/middleware.Logger.func1 file="F:/new_demo/middleware/logger.go:86" ClientIp="::1" DataSize=399 HostName=DESKTOP-HIPHS03 Method=GET Path=/api/v1/manager/ SpendTime="0 ms" StatusCode=200 UserAgent=axios/1.6.5
time="2024-01-27 22:50:10" level=info func=new_demo/middleware.Logger.func1 file="F:/new_demo/middleware/logger.go:86" ClientIp="::1" DataSize=302 HostName=DESKTOP-HIPHS03 Method=GET Path=/api/v1/role/ SpendTime="0 ms" StatusCode=200 UserAgent=axios/1.6.5
time="2024-01-27 23:00:11" level=info func=new_demo/middleware.Logger.func1 file="F:/new_demo/middleware/logger.go:86" ClientIp="::1" DataSize=408 HostName=DESKTOP-HIPHS03 Method=GET Path=/api/v1/category/cateArtCount SpendTime="14 ms" StatusCode=200 UserAgent=axios/1.6.5
time="2024-01-27 23:01:11" level=info func=new_demo/middleware.Logger.func1 file="F:/new_demo/middleware/logger.go:86" ClientIp="::1" DataSize=186 HostName=DESKTOP-HIPHS03 Method=POST Path=/login SpendTime="2 ms" StatusCode=200 UserAgent=axios/1.6.5
time="2024-01-27 23:01:11" level=info func=new_demo/middleware.Logger.func1 file="F:/new_demo/middleware/logger.go:86" ClientIp="::1" DataSize=37 HostName=DESKTOP-HIPHS03 Method=GET Path=/api/v1/article/cateArt SpendTime="0 ms" StatusCode=200 UserAgent=axios/1.6.5
time="2024-01-27 23:01:11" level=info func=new_demo/middleware.Logger.func1 file="F:/new_demo/middleware/logger.go:86" ClientIp="::1" DataSize=37 HostName=DESKTOP-HIPHS03 Method=GET Path=/api/v1/article/cateArt SpendTime="0 ms" StatusCode=200 UserAgent=axios/1.6.5
time="2024-01-27 23:01:11" level=info func=new_demo/middleware.Logger.func1 file="F:/new_demo/middleware/logger.go:86" ClientIp="::1" DataSize=3555 HostName=DESKTOP-HIPHS03 Method=GET Path=/api/v1/article/detail SpendTime="1 ms" StatusCode=200 UserAgent=axios/1.6.5
time="2024-01-27 23:01:11" level=info func=new_demo/middleware.Logger.func1 file="F:/new_demo/middleware/logger.go:86" ClientIp="::1" DataSize=1984 HostName=DESKTOP-HIPHS03 Method=GET Path="/api/v1/article/detail?pageSize=6&pageNum=1" SpendTime="1 ms" StatusCode=200 UserAgent=axios/1.6.5
time="2024-01-27 23:01:11" level=info func=new_demo/middleware.Logger.func1 file="F:/new_demo/middleware/logger.go:86" ClientIp="::1" DataSize=424 HostName=DESKTOP-HIPHS03 Method=GET Path=/api/v1/category/detail SpendTime="0 ms" StatusCode=200 UserAgent=axios/1.6.5
time="2024-01-27 23:01:11" level=info func=new_demo/middleware.Logger.func1 file="F:/new_demo/middleware/logger.go:86" ClientIp="::1" DataSize=37 HostName=DESKTOP-HIPHS03 Method=GET Path=/api/v1/article/cateArt SpendTime="0 ms" StatusCode=200 UserAgent=axios/1.6.5
time="2024-01-27 23:01:11" level=info func=new_demo/middleware.Logger.func1 file="F:/new_demo/middleware/logger.go:86" ClientIp="::1" DataSize=37 HostName=DESKTOP-HIPHS03 Method=GET Path=/api/v1/article/cateArt SpendTime="0 ms" StatusCode=200 UserAgent=axios/1.6.5
time="2024-01-27 23:01:11" level=info func=new_demo/middleware.Logger.func1 file="F:/new_demo/middleware/logger.go:86" ClientIp="::1" DataSize=3555 HostName=DESKTOP-HIPHS03 Method=GET Path=/api/v1/article/detail SpendTime="1 ms" StatusCode=200 UserAgent=axios/1.6.5
time="2024-01-27 23:01:11" level=info func=new_demo/middleware.Logger.func1 file="F:/new_demo/middleware/logger.go:86" ClientIp="::1" DataSize=1984 HostName=DESKTOP-HIPHS03 Method=GET Path="/api/v1/article/detail?pageSize=6&pageNum=1" SpendTime="1 ms" StatusCode=200 UserAgent=axios/1.6.5
time="2024-01-27 23:01:11" level=info func=new_demo/middleware.Logger.func1 file="F:/new_demo/middleware/logger.go:86" ClientIp="::1" DataSize=424 HostName=DESKTOP-HIPHS03 Method=GET Path=/api/v1/category/detail SpendTime="0 ms" StatusCode=200 UserAgent=axios/1.6.5
time="2024-01-27 23:01:11" level=info func=new_demo/middleware.Logger.func1 file="F:/new_demo/middleware/logger.go:86" ClientIp="::1" DataSize=1674 HostName=DESKTOP-HIPHS03 Method=GET Path="/api/v1/article/cateArt?cid=2" SpendTime="1 ms" StatusCode=200 UserAgent=axios/1.6.5
time="2024-01-27 23:01:11" level=info func=new_demo/middleware.Logger.func1 file="F:/new_demo/middleware/logger.go:86" ClientIp="::1" DataSize=1674 HostName=DESKTOP-HIPHS03 Method=GET Path="/api/v1/article/cateArt?cid=2&pageSize=6&pageNum=1" SpendTime="1 ms" StatusCode=200 UserAgent=axios/1.6.5
time="2024-01-27 23:01:11" level=info func=new_demo/middleware.Logger.func1 file="F:/new_demo/middleware/logger.go:86" ClientIp="::1" DataSize=3555 HostName=DESKTOP-HIPHS03 Method=GET Path=/api/v1/article/detail SpendTime="1 ms" StatusCode=200 UserAgent=axios/1.6.5
time="2024-01-27 23:01:11" level=info func=new_demo/middleware.Logger.func1 file="F:/new_demo/middleware/logger.go:86" ClientIp="::1" DataSize=1984 HostName=DESKTOP-HIPHS03 Method=GET Path="/api/v1/article/detail?pageSize=6&pageNum=1" SpendTime="1 ms" StatusCode=200 UserAgent=axios/1.6.5
time="2024-01-27 23:01:11" level=info func=new_demo/middleware.Logger.func1 file="F:/new_demo/middleware/logger.go:86" ClientIp="::1" DataSize=424 HostName=DESKTOP-HIPHS03 Method=GET Path=/api/v1/category/detail SpendTime="0 ms" StatusCode=200 UserAgent=axios/1.6.5
time="2024-01-27 23:01:11" level=info func=new_demo/middleware.Logger.func1 file="F:/new_demo/middleware/logger.go:86" ClientIp="::1" DataSize=362 HostName=DESKTOP-HIPHS03 Method=GET Path="/api/v1/article/cateArt?cid=3" SpendTime="0 ms" StatusCode=200 UserAgent=axios/1.6.5
time="2024-01-27 23:01:11" level=info func=new_demo/middleware.Logger.func1 file="F:/new_demo/middleware/logger.go:86" ClientIp="::1" DataSize=362 HostName=DESKTOP-HIPHS03 Method=GET Path="/api/v1/article/cateArt?cid=3&pageSize=6&pageNum=1" SpendTime="1 ms" StatusCode=200 UserAgent=axios/1.6.5
time="2024-01-27 23:01:11" level=info func=new_demo/middleware.Logger.func1 file="F:/new_demo/middleware/logger.go:86" ClientIp="::1" DataSize=3555 HostName=DESKTOP-HIPHS03 Method=GET Path=/api/v1/article/detail SpendTime="0 ms" StatusCode=200 UserAgent=axios/1.6.5
time="2024-01-27 23:01:11" level=info func=new_demo/middleware.Logger.func1 file="F:/new_demo/middleware/logger.go:86" ClientIp="::1" DataSize=1984 HostName=DESKTOP-HIPHS03 Method=GET Path="/api/v1/article/detail?pageSize=6&pageNum=1" SpendTime="1 ms" StatusCode=200 UserAgent=axios/1.6.5
time="2024-01-27 23:01:11" level=info func=new_demo/middleware.Logger.func1 file="F:/new_demo/middleware/logger.go:86" ClientIp="::1" DataSize=424 HostName=DESKTOP-HIPHS03 Method=GET Path=/api/v1/category/detail SpendTime="0 ms" StatusCode=200 UserAgent=axios/1.6.5
time="2024-01-27 23:02:11" level=info func=new_demo/middleware.Logger.func1 file="F:/new_demo/middleware/logger.go:86" ClientIp="::1" DataSize=37 HostName=DESKTOP-HIPHS03 Method=GET Path=/api/v1/article/cateArt SpendTime="0 ms" StatusCode=200 UserAgent=axios/1.6.5
time="2024-01-27 23:02:11" level=info func=new_demo/middleware.Logger.func1 file="F:/new_demo/middleware/logger.go:86" ClientIp="::1" DataSize=37 HostName=DESKTOP-HIPHS03 Method=GET Path=/api/v1/article/cateArt SpendTime="0 ms" StatusCode=200 UserAgent=axios/1.6.5
time="2024-01-27 23:02:11" level=info func=new_demo/middleware.Logger.func1 file="F:/new_demo/middleware/logger.go:86" ClientIp="::1" DataSize=3555 HostName=DESKTOP-HIPHS03 Method=GET Path=/api/v1/article/detail SpendTime="1 ms" StatusCode=200 UserAgent=axios/1.6.5
time="2024-01-27 23:02:11" level=info func=new_demo/middleware.Logger.func1 file="F:/new_demo/middleware/logger.go:86" ClientIp="::1" DataSize=3555 HostName=DESKTOP-HIPHS03 Method=GET Path="/api/v1/article/detail?pageSize=12&pageNum=1" SpendTime="1 ms" StatusCode=200 UserAgent=axios/1.6.5
time="2024-01-27 23:02:11" level=info func=new_demo/middleware.Logger.func1 file="F:/new_demo/middleware/logger.go:86" ClientIp="::1" DataSize=424 HostName=DESKTOP-HIPHS03 Method=GET Path=/api/v1/category/detail SpendTime="0 ms" StatusCode=200 UserAgent=axios/1.6.5
time="2024-01-27 23:02:11" level=info func=new_demo/middleware.Logger.func1 file="F:/new_demo/middleware/logger.go:86" ClientIp="::1" DataSize=37 HostName=DESKTOP-HIPHS03 Method=GET Path=/api/v1/article/cateArt SpendTime="0 ms" StatusCode=200 UserAgent=axios/1.6.5
time="2024-01-27 23:02:11" level=info func=new_demo/middleware.Logger.func1 file="F:/new_demo/middleware/logger.go:86" ClientIp="::1" DataSize=37 HostName=DESKTOP-HIPHS03 Method=GET Path=/api/v1/article/cateArt SpendTime="0 ms" StatusCode=200 UserAgent=axios/1.6.5
time="2024-01-27 23:02:11" level=info func=new_demo/middleware.Logger.func1 file="F:/new_demo/middleware/logger.go:86" ClientIp="::1" DataSize=3555 HostName=DESKTOP-HIPHS03 Method=GET Path=/api/v1/article/detail SpendTime="1 ms" StatusCode=200 UserAgent=axios/1.6.5
time="2024-01-27 23:02:11" level=info func=new_demo/middleware.Logger.func1 file="F:/new_demo/middleware/logger.go:86" ClientIp="::1" DataSize=3555 HostName=DESKTOP-HIPHS03 Method=GET Path="/api/v1/article/detail?pageSize=18&pageNum=1" SpendTime="1 ms" StatusCode=200 UserAgent=axios/1.6.5
time="2024-01-27 23:02:11" level=info func=new_demo/middleware.Logger.func1 file="F:/new_demo/middleware/logger.go:86" ClientIp="::1" DataSize=424 HostName=DESKTOP-HIPHS03 Method=GET Path=/api/v1/category/detail SpendTime="0 ms" StatusCode=200 UserAgent=axios/1.6.5
time="2024-01-27 23:02:11" level=info func=new_demo/middleware.Logger.func1 file="F:/new_demo/middleware/logger.go:86" ClientIp="::1" DataSize=37 HostName=DESKTOP-HIPHS03 Method=GET Path=/api/v1/article/cateArt SpendTime="0 ms" StatusCode=200 UserAgent=axios/1.6.5
time="2024-01-27 23:02:11" level=info func=new_demo/middleware.Logger.func1 file="F:/new_demo/middleware/logger.go:86" ClientIp="::1" DataSize=37 HostName=DESKTOP-HIPHS03 Method=GET Path=/api/v1/article/cateArt SpendTime="0 ms" StatusCode=200 UserAgent=axios/1.6.5
time="2024-01-27 23:02:11" level=info func=new_demo/middleware.Logger.func1 file="F:/new_demo/middleware/logger.go:86" ClientIp="::1" DataSize=3555 HostName=DESKTOP-HIPHS03 Method=GET Path=/api/v1/article/detail SpendTime="1 ms" StatusCode=200 UserAgent=axios/1.6.5
time="2024-01-27 23:02:11" level=info func=new_demo/middleware.Logger.func1 file="F:/new_demo/middleware/logger.go:86" ClientIp="::1" DataSize=1984 HostName=DESKTOP-HIPHS03 Method=GET Path="/api/v1/article/detail?pageSize=6&pageNum=1" SpendTime="1 ms" StatusCode=200 UserAgent=axios/1.6.5
time="2024-01-27 23:02:11" level=info func=new_demo/middleware.Logger.func1 file="F:/new_demo/middleware/logger.go:86" ClientIp="::1" DataSize=424 HostName=DESKTOP-HIPHS03 Method=GET Path=/api/v1/category/detail SpendTime="0 ms" StatusCode=200 UserAgent=axios/1.6.5
time="2024-01-27 23:02:11" level=info func=new_demo/middleware.Logger.func1 file="F:/new_demo/middleware/logger.go:86" ClientIp="::1" DataSize=424 HostName=DESKTOP-HIPHS03 Method=GET Path=/api/v1/category/detail SpendTime="1 ms" StatusCode=200 UserAgent=axios/1.6.5
time="2024-01-27 23:03:11" level=info func=new_demo/middleware.Logger.func1 file="F:/new_demo/middleware/logger.go:86" ClientIp="::1" DataSize=273 HostName=DESKTOP-HIPHS03 Method=POST Path=/api/v1/article/add SpendTime="1 ms" StatusCode=200 UserAgent=axios/1.6.5
time="2024-01-27 23:03:11" level=info func=new_demo/middleware.Logger.func1 file="F:/new_demo/middleware/logger.go:86" ClientIp="::1" DataSize=37 HostName=DESKTOP-HIPHS03 Method=GET Path=/api/v1/article/cateArt SpendTime="0 ms" StatusCode=200 UserAgent=axios/1.6.5
time="2024-01-27 23:03:11" level=info func=new_demo/middleware.Logger.func1 file="F:/new_demo/middleware/logger.go:86" ClientIp="::1" DataSize=37 HostName=DESKTOP-HIPHS03 Method=GET Path=/api/v1/article/cateArt SpendTime="0 ms" StatusCode=200 UserAgent=axios/1.6.5
time="2024-01-27 23:03:11" level=info func=new_demo/middleware.Logger.func1 file="F:/new_demo/middleware/logger.go:86" ClientIp="::1" DataSize=3827 HostName=DESKTOP-HIPHS03 Method=GET Path=/api/v1/article/detail SpendTime="1 ms" StatusCode=200 UserAgent=axios/1.6.5
time="2024-01-27 23:03:11" level=info func=new_demo/middleware.Logger.func1 file="F:/new_demo/middleware/logger.go:86" ClientIp="::1" DataSize=1984 HostName=DESKTOP-HIPHS03 Method=GET Path="/api/v1/article/detail?pageSize=6&pageNum=1" SpendTime="0 ms" StatusCode=200 UserAgent=axios/1.6.5
time="2024-01-27 23:03:11" level=info func=new_demo/middleware.Logger.func1 file="F:/new_demo/middleware/logger.go:86" ClientIp="::1" DataSize=424 HostName=DESKTOP-HIPHS03 Method=GET Path=/api/v1/category/detail SpendTime="0 ms" StatusCode=200 UserAgent=axios/1.6.5
time="2024-01-27 23:03:11" level=info func=new_demo/middleware.Logger.func1 file="F:/new_demo/middleware/logger.go:86" ClientIp="::1" DataSize=37 HostName=DESKTOP-HIPHS03 Method=GET Path=/api/v1/article/cateArt SpendTime="0 ms" StatusCode=200 UserAgent=axios/1.6.5
time="2024-01-27 23:03:11" level=info func=new_demo/middleware.Logger.func1 file="F:/new_demo/middleware/logger.go:86" ClientIp="::1" DataSize=37 HostName=DESKTOP-HIPHS03 Method=GET Path=/api/v1/article/cateArt SpendTime="0 ms" StatusCode=200 UserAgent=axios/1.6.5
time="2024-01-27 23:03:11" level=info func=new_demo/middleware.Logger.func1 file="F:/new_demo/middleware/logger.go:86" ClientIp="::1" DataSize=3827 HostName=DESKTOP-HIPHS03 Method=GET Path=/api/v1/article/detail SpendTime="0 ms" StatusCode=200 UserAgent=axios/1.6.5
time="2024-01-27 23:03:11" level=info func=new_demo/middleware.Logger.func1 file="F:/new_demo/middleware/logger.go:86" ClientIp="::1" DataSize=1984 HostName=DESKTOP-HIPHS03 Method=GET Path="/api/v1/article/detail?pageSize=6&pageNum=1" SpendTime="1 ms" StatusCode=200 UserAgent=axios/1.6.5
time="2024-01-27 23:03:11" level=info func=new_demo/middleware.Logger.func1 file="F:/new_demo/middleware/logger.go:86" ClientIp="::1" DataSize=424 HostName=DESKTOP-HIPHS03 Method=GET Path=/api/v1/category/detail SpendTime="0 ms" StatusCode=200 UserAgent=axios/1.6.5
time="2024-01-27 23:03:11" level=info func=new_demo/middleware.Logger.func1 file="F:/new_demo/middleware/logger.go:86" ClientIp="::1" DataSize=37 HostName=DESKTOP-HIPHS03 Method=GET Path=/api/v1/article/cateArt SpendTime="0 ms" StatusCode=200 UserAgent=axios/1.6.5
time="2024-01-27 23:03:11" level=info func=new_demo/middleware.Logger.func1 file="F:/new_demo/middleware/logger.go:86" ClientIp="::1" DataSize=37 HostName=DESKTOP-HIPHS03 Method=GET Path=/api/v1/article/cateArt SpendTime="0 ms" StatusCode=200 UserAgent=axios/1.6.5
time="2024-01-27 23:03:11" level=info func=new_demo/middleware.Logger.func1 file="F:/new_demo/middleware/logger.go:86" ClientIp="::1" DataSize=3827 HostName=DESKTOP-HIPHS03 Method=GET Path=/api/v1/article/detail SpendTime="1 ms" StatusCode=200 UserAgent=axios/1.6.5
time="2024-01-27 23:03:11" level=info func=new_demo/middleware.Logger.func1 file="F:/new_demo/middleware/logger.go:86" ClientIp="::1" DataSize=3827 HostName=DESKTOP-HIPHS03 Method=GET Path="/api/v1/article/detail?pageSize=12&pageNum=1" SpendTime="0 ms" StatusCode=200 UserAgent=axios/1.6.5
time="2024-01-27 23:03:11" level=info func=new_demo/middleware.Logger.func1 file="F:/new_demo/middleware/logger.go:86" ClientIp="::1" DataSize=424 HostName=DESKTOP-HIPHS03 Method=GET Path=/api/v1/category/detail SpendTime="0 ms" StatusCode=200 UserAgent=axios/1.6.5
time="2024-01-27 23:03:11" level=info func=new_demo/middleware.Logger.func1 file="F:/new_demo/middleware/logger.go:86" ClientIp="::1" DataSize=306 HostName=DESKTOP-HIPHS03 Method=GET Path=/api/v1/article/oneArt/12 SpendTime="1 ms" StatusCode=200 UserAgent=axios/1.6.5
time="2024-01-27 23:03:11" level=info func=new_demo/middleware.Logger.func1 file="F:/new_demo/middleware/logger.go:86" ClientIp="::1" DataSize=424 HostName=DESKTOP-HIPHS03 Method=GET Path=/api/v1/category/detail SpendTime="0 ms" StatusCode=200 UserAgent=axios/1.6.5
time="2024-01-27 23:03:11" level=info func=new_demo/middleware.Logger.func1 file="F:/new_demo/middleware/logger.go:86" ClientIp="::1" DataSize=306 HostName=DESKTOP-HIPHS03 Method=GET Path=/api/v1/article/oneArt/12 SpendTime="0 ms" StatusCode=200 UserAgent=axios/1.6.5
time="2024-01-27 23:03:11" level=info func=new_demo/middleware.Logger.func1 file="F:/new_demo/middleware/logger.go:86" ClientIp="::1" DataSize=355 HostName=DESKTOP-HIPHS03 Method=GET Path=/api/v1/article/oneArt/6 SpendTime="1 ms" StatusCode=200 UserAgent=axios/1.6.5
time="2024-01-27 23:03:11" level=info func=new_demo/middleware.Logger.func1 file="F:/new_demo/middleware/logger.go:86" ClientIp="::1" DataSize=27 HostName=DESKTOP-HIPHS03 Method=DELETE Path=/api/v1/article/delete/6 SpendTime="1 ms" StatusCode=200 UserAgent=axios/1.6.5
time="2024-01-27 23:03:11" level=info func=new_demo/middleware.Logger.func1 file="F:/new_demo/middleware/logger.go:86" ClientIp="::1" DataSize=37 HostName=DESKTOP-HIPHS03 Method=GET Path=/api/v1/article/cateArt SpendTime="0 ms" StatusCode=200 UserAgent=axios/1.6.5
time="2024-01-27 23:03:11" level=info func=new_demo/middleware.Logger.func1 file="F:/new_demo/middleware/logger.go:86" ClientIp="::1" DataSize=37 HostName=DESKTOP-HIPHS03 Method=GET Path=/api/v1/article/cateArt SpendTime="0 ms" StatusCode=200 UserAgent=axios/1.6.5
time="2024-01-27 23:03:11" level=info func=new_demo/middleware.Logger.func1 file="F:/new_demo/middleware/logger.go:86" ClientIp="::1" DataSize=3506 HostName=DESKTOP-HIPHS03 Method=GET Path=/api/v1/article/detail SpendTime="1 ms" StatusCode=200 UserAgent=axios/1.6.5
time="2024-01-27 23:03:11" level=info func=new_demo/middleware.Logger.func1 file="F:/new_demo/middleware/logger.go:86" ClientIp="::1" DataSize=1967 HostName=DESKTOP-HIPHS03 Method=GET Path="/api/v1/article/detail?pageSize=6&pageNum=1" SpendTime="1 ms" StatusCode=200 UserAgent=axios/1.6.5
time="2024-01-27 23:03:11" level=info func=new_demo/middleware.Logger.func1 file="F:/new_demo/middleware/logger.go:86" ClientIp="::1" DataSize=424 HostName=DESKTOP-HIPHS03 Method=GET Path=/api/v1/category/detail SpendTime="0 ms" StatusCode=200 UserAgent=axios/1.6.5
time="2024-01-27 23:03:11" level=info func=new_demo/middleware.Logger.func1 file="F:/new_demo/middleware/logger.go:86" ClientIp="::1" DataSize=37 HostName=DESKTOP-HIPHS03 Method=GET Path=/api/v1/article/cateArt SpendTime="0 ms" StatusCode=200 UserAgent=axios/1.6.5
time="2024-01-27 23:03:11" level=info func=new_demo/middleware.Logger.func1 file="F:/new_demo/middleware/logger.go:86" ClientIp="::1" DataSize=37 HostName=DESKTOP-HIPHS03 Method=GET Path=/api/v1/article/cateArt SpendTime="0 ms" StatusCode=200 UserAgent=axios/1.6.5
time="2024-01-27 23:03:11" level=info func=new_demo/middleware.Logger.func1 file="F:/new_demo/middleware/logger.go:86" ClientIp="::1" DataSize=3506 HostName=DESKTOP-HIPHS03 Method=GET Path=/api/v1/article/detail SpendTime="1 ms" StatusCode=200 UserAgent=axios/1.6.5
time="2024-01-27 23:03:11" level=info func=new_demo/middleware.Logger.func1 file="F:/new_demo/middleware/logger.go:86" ClientIp="::1" DataSize=1967 HostName=DESKTOP-HIPHS03 Method=GET Path="/api/v1/article/detail?pageSize=6&pageNum=1" SpendTime="1 ms" StatusCode=200 UserAgent=axios/1.6.5
time="2024-01-27 23:03:11" level=info func=new_demo/middleware.Logger.func1 file="F:/new_demo/middleware/logger.go:86" ClientIp="::1" DataSize=424 HostName=DESKTOP-HIPHS03 Method=GET Path=/api/v1/category/detail SpendTime="0 ms" StatusCode=200 UserAgent=axios/1.6.5
time="2024-01-27 23:03:11" level=info func=new_demo/middleware.Logger.func1 file="F:/new_demo/middleware/logger.go:86" ClientIp="::1" DataSize=37 HostName=DESKTOP-HIPHS03 Method=GET Path=/api/v1/article/cateArt SpendTime="0 ms" StatusCode=200 UserAgent=axios/1.6.5
time="2024-01-27 23:03:11" level=info func=new_demo/middleware.Logger.func1 file="F:/new_demo/middleware/logger.go:86" ClientIp="::1" DataSize=37 HostName=DESKTOP-HIPHS03 Method=GET Path=/api/v1/article/cateArt SpendTime="0 ms" StatusCode=200 UserAgent=axios/1.6.5
time="2024-01-27 23:03:11" level=info func=new_demo/middleware.Logger.func1 file="F:/new_demo/middleware/logger.go:86" ClientIp="::1" DataSize=3506 HostName=DESKTOP-HIPHS03 Method=GET Path=/api/v1/article/detail SpendTime="1 ms" StatusCode=200 UserAgent=axios/1.6.5
time="2024-01-27 23:03:11" level=info func=new_demo/middleware.Logger.func1 file="F:/new_demo/middleware/logger.go:86" ClientIp="::1" DataSize=1967 HostName=DESKTOP-HIPHS03 Method=GET Path="/api/v1/article/detail?pageSize=6&pageNum=1" SpendTime="1 ms" StatusCode=200 UserAgent=axios/1.6.5
time="2024-01-27 23:03:11" level=info func=new_demo/middleware.Logger.func1 file="F:/new_demo/middleware/logger.go:86" ClientIp="::1" DataSize=424 HostName=DESKTOP-HIPHS03 Method=GET Path=/api/v1/category/detail SpendTime="0 ms" StatusCode=200 UserAgent=axios/1.6.5
time="2024-01-27 23:04:11" level=info func=new_demo/middleware.Logger.func1 file="F:/new_demo/middleware/logger.go:86" ClientIp="::1" DataSize=408 HostName=DESKTOP-HIPHS03 Method=GET Path=/api/v1/category/cateArtCount SpendTime="0 ms" StatusCode=200 UserAgent=axios/1.6.5
time="2024-01-27 23:05:11" level=info func=new_demo/middleware.Logger.func1 file="F:/new_demo/middleware/logger.go:86" ClientIp="::1" DataSize=399 HostName=DESKTOP-HIPHS03 Method=GET Path=/api/v1/manager/ SpendTime="2 ms" StatusCode=200 UserAgent=axios/1.6.5
time="2024-01-27 23:05:11" level=info func=new_demo/middleware.Logger.func1 file="F:/new_demo/middleware/logger.go:86" ClientIp="::1" DataSize=302 HostName=DESKTOP-HIPHS03 Method=GET Path=/api/v1/role/ SpendTime="0 ms" StatusCode=200 UserAgent=axios/1.6.5
time="2024-01-27 23:05:11" level=info func=new_demo/middleware.Logger.func1 file="F:/new_demo/middleware/logger.go:86" ClientIp="::1" DataSize=302 HostName=DESKTOP-HIPHS03 Method=GET Path=/api/v1/role/ SpendTime="0 ms" StatusCode=200 UserAgent=axios/1.6.5
time="2024-01-27 23:06:11" level=info func=new_demo/middleware.Logger.func1 file="F:/new_demo/middleware/logger.go:86" ClientIp="::1" DataSize=364 HostName=DESKTOP-HIPHS03 Method=POST Path=/api/v1/manager/ SpendTime="2 ms" StatusCode=200 UserAgent=axios/1.6.5
time="2024-01-27 23:06:11" level=info func=new_demo/middleware.Logger.func1 file="F:/new_demo/middleware/logger.go:86" ClientIp="::1" DataSize=774 HostName=DESKTOP-HIPHS03 Method=GET Path=/api/v1/manager/ SpendTime="0 ms" StatusCode=200 UserAgent=axios/1.6.5
time="2024-01-27 23:06:11" level=info func=new_demo/middleware.Logger.func1 file="F:/new_demo/middleware/logger.go:86" ClientIp="::1" DataSize=774 HostName=DESKTOP-HIPHS03 Method=GET Path=/api/v1/manager/ SpendTime="0 ms" StatusCode=200 UserAgent=axios/1.6.5
