time="2024-01-31 21:27:09" level=info func=new_demo/middleware.Logger.func1 file="F:/new_demo/middleware/logger.go:86" ClientIp="::1" DataSize=187 HostName=DESKTOP-HIPHS03 Method=POST Path=/login SpendTime="22 ms" StatusCode=200 UserAgent=axios/1.6.5
time="2024-01-31 21:27:09" level=info func=new_demo/middleware.Logger.func1 file="F:/new_demo/middleware/logger.go:86" ClientIp="::1" DataSize=37 HostName=DESKTOP-HIPHS03 Method=GET Path=/api/v1/article/cateArt SpendTime="2 ms" StatusCode=200 UserAgent=axios/1.6.5
time="2024-01-31 21:27:09" level=info func=new_demo/middleware.Logger.func1 file="F:/new_demo/middleware/logger.go:86" ClientIp="::1" DataSize=37 HostName=DESKTOP-HIPHS03 Method=GET Path=/api/v1/article/cateArt SpendTime="0 ms" StatusCode=200 UserAgent=axios/1.6.5
time="2024-01-31 21:27:09" level=info func=new_demo/middleware.Logger.func1 file="F:/new_demo/middleware/logger.go:86" ClientIp="::1" DataSize=3506 HostName=DESKTOP-HIPHS03 Method=GET Path=/api/v1/article/detail SpendTime="3 ms" StatusCode=200 UserAgent=axios/1.6.5
time="2024-01-31 21:27:09" level=info func=new_demo/middleware.Logger.func1 file="F:/new_demo/middleware/logger.go:86" ClientIp="::1" DataSize=1967 HostName=DESKTOP-HIPHS03 Method=GET Path="/api/v1/article/detail?pageSize=6&pageNum=1" SpendTime="6 ms" StatusCode=200 UserAgent=axios/1.6.5
time="2024-01-31 21:27:09" level=info func=new_demo/middleware.Logger.func1 file="F:/new_demo/middleware/logger.go:86" ClientIp="::1" DataSize=424 HostName=DESKTOP-HIPHS03 Method=GET Path=/api/v1/category/detail SpendTime="0 ms" StatusCode=200 UserAgent=axios/1.6.5
time="2024-01-31 21:27:09" level=info func=new_demo/middleware.Logger.func1 file="F:/new_demo/middleware/logger.go:86" ClientIp="::1" DataSize=1762 HostName=DESKTOP-HIPHS03 Method=GET Path=/api/v1/manager/ SpendTime="2 ms" StatusCode=200 UserAgent=axios/1.6.5
time="2024-01-31 21:27:09" level=info func=new_demo/middleware.Logger.func1 file="F:/new_demo/middleware/logger.go:86" ClientIp="::1" DataSize=302 HostName=DESKTOP-HIPHS03 Method=GET Path=/api/v1/role/ SpendTime="0 ms" StatusCode=200 UserAgent=axios/1.6.5
time="2024-01-31 21:27:09" level=info func=new_demo/middleware.Logger.func1 file="F:/new_demo/middleware/logger.go:86" ClientIp="::1" DataSize=377 HostName=DESKTOP-HIPHS03 Method=GET Path=/api/v1/manager/7 SpendTime="1 ms" StatusCode=200 UserAgent=axios/1.6.5
time="2024-01-31 21:27:09" level=info func=new_demo/middleware.Logger.func1 file="F:/new_demo/middleware/logger.go:86" ClientIp="::1" DataSize=1762 HostName=DESKTOP-HIPHS03 Method=GET Path=/api/v1/manager/ SpendTime="1 ms" StatusCode=200 UserAgent=axios/1.6.5
time="2024-01-31 21:27:09" level=info func=new_demo/middleware.Logger.func1 file="F:/new_demo/middleware/logger.go:86" ClientIp="::1" DataSize=302 HostName=DESKTOP-HIPHS03 Method=GET Path=/api/v1/role/ SpendTime="0 ms" StatusCode=200 UserAgent=axios/1.6.5
time="2024-01-31 21:27:09" level=info func=new_demo/middleware.Logger.func1 file="F:/new_demo/middleware/logger.go:86" ClientIp="::1" DataSize=377 HostName=DESKTOP-HIPHS03 Method=GET Path=/api/v1/manager/7 SpendTime="0 ms" StatusCode=200 UserAgent=axios/1.6.5
time="2024-01-31 21:27:09" level=info func=new_demo/middleware.Logger.func1 file="F:/new_demo/middleware/logger.go:86" ClientIp="::1" DataSize=1762 HostName=DESKTOP-HIPHS03 Method=GET Path=/api/v1/manager/ SpendTime="1 ms" StatusCode=200 UserAgent=axios/1.6.5
time="2024-01-31 21:27:09" level=info func=new_demo/middleware.Logger.func1 file="F:/new_demo/middleware/logger.go:86" ClientIp="::1" DataSize=302 HostName=DESKTOP-HIPHS03 Method=GET Path=/api/v1/role/ SpendTime="0 ms" StatusCode=200 UserAgent=axios/1.6.5
time="2024-01-31 21:28:09" level=info func=new_demo/middleware.Logger.func1 file="F:/new_demo/middleware/logger.go:86" ClientIp="::1" DataSize=1762 HostName=DESKTOP-HIPHS03 Method=GET Path=/api/v1/manager/ SpendTime="0 ms" StatusCode=200 UserAgent=axios/1.6.5
time="2024-01-31 21:28:09" level=info func=new_demo/middleware.Logger.func1 file="F:/new_demo/middleware/logger.go:86" ClientIp="::1" DataSize=302 HostName=DESKTOP-HIPHS03 Method=GET Path=/api/v1/role/ SpendTime="0 ms" StatusCode=200 UserAgent=axios/1.6.5
time="2024-01-31 21:28:09" level=info func=new_demo/middleware.Logger.func1 file="F:/new_demo/middleware/logger.go:86" ClientIp="::1" DataSize=377 HostName=DESKTOP-HIPHS03 Method=GET Path=/api/v1/manager/7 SpendTime="1 ms" StatusCode=200 UserAgent=axios/1.6.5
time="2024-01-31 21:28:09" level=info func=new_demo/middleware.Logger.func1 file="F:/new_demo/middleware/logger.go:86" ClientIp="::1" DataSize=1762 HostName=DESKTOP-HIPHS03 Method=GET Path=/api/v1/manager/ SpendTime="1 ms" StatusCode=200 UserAgent=axios/1.6.5
time="2024-01-31 21:28:09" level=info func=new_demo/middleware.Logger.func1 file="F:/new_demo/middleware/logger.go:86" ClientIp="::1" DataSize=1762 HostName=DESKTOP-HIPHS03 Method=GET Path=/api/v1/manager/ SpendTime="0 ms" StatusCode=200 UserAgent=axios/1.6.5
time="2024-01-31 21:28:09" level=info func=new_demo/middleware.Logger.func1 file="F:/new_demo/middleware/logger.go:86" ClientIp="::1" DataSize=302 HostName=DESKTOP-HIPHS03 Method=GET Path=/api/v1/role/ SpendTime="0 ms" StatusCode=200 UserAgent=axios/1.6.5
time="2024-01-31 21:28:09" level=info func=new_demo/middleware.Logger.func1 file="F:/new_demo/middleware/logger.go:86" ClientIp="::1" DataSize=377 HostName=DESKTOP-HIPHS03 Method=GET Path=/api/v1/manager/7 SpendTime="0 ms" StatusCode=200 UserAgent=axios/1.6.5
time="2024-01-31 21:28:09" level=info func=new_demo/middleware.Logger.func1 file="F:/new_demo/middleware/logger.go:86" ClientIp="::1" DataSize=302 HostName=DESKTOP-HIPHS03 Method=GET Path=/api/v1/role/ SpendTime="0 ms" StatusCode=200 UserAgent=axios/1.6.5
time="2024-01-31 21:28:09" level=info func=new_demo/middleware.Logger.func1 file="F:/new_demo/middleware/logger.go:86" ClientIp="::1" DataSize=302 HostName=DESKTOP-HIPHS03 Method=GET Path=/api/v1/role/ SpendTime="0 ms" StatusCode=200 UserAgent=axios/1.6.5
time="2024-01-31 21:28:09" level=info func=new_demo/middleware.Logger.func1 file="F:/new_demo/middleware/logger.go:86" ClientIp="::1" DataSize=302 HostName=DESKTOP-HIPHS03 Method=GET Path=/api/v1/role/ SpendTime="0 ms" StatusCode=200 UserAgent=axios/1.6.5
time="2024-01-31 21:29:09" level=info func=new_demo/middleware.Logger.func1 file="F:/new_demo/middleware/logger.go:86" ClientIp="::1" DataSize=302 HostName=DESKTOP-HIPHS03 Method=GET Path=/api/v1/role/ SpendTime="0 ms" StatusCode=200 UserAgent=axios/1.6.5
time="2024-01-31 21:29:09" level=info func=new_demo/middleware.Logger.func1 file="F:/new_demo/middleware/logger.go:86" ClientIp="::1" DataSize=302 HostName=DESKTOP-HIPHS03 Method=GET Path=/api/v1/role/ SpendTime="0 ms" StatusCode=200 UserAgent=axios/1.6.5
time="2024-01-31 21:29:09" level=info func=new_demo/middleware.Logger.func1 file="F:/new_demo/middleware/logger.go:86" ClientIp="::1" DataSize=302 HostName=DESKTOP-HIPHS03 Method=GET Path=/api/v1/role/ SpendTime="0 ms" StatusCode=200 UserAgent=axios/1.6.5
time="2024-01-31 21:29:09" level=info func=new_demo/middleware.Logger.func1 file="F:/new_demo/middleware/logger.go:86" ClientIp="::1" DataSize=302 HostName=DESKTOP-HIPHS03 Method=GET Path=/api/v1/role/ SpendTime="0 ms" StatusCode=200 UserAgent=axios/1.6.5
time="2024-01-31 21:29:09" level=info func=new_demo/middleware.Logger.func1 file="F:/new_demo/middleware/logger.go:86" ClientIp="::1" DataSize=302 HostName=DESKTOP-HIPHS03 Method=GET Path=/api/v1/role/ SpendTime="0 ms" StatusCode=200 UserAgent=axios/1.6.5
time="2024-01-31 21:29:09" level=info func=new_demo/middleware.Logger.func1 file="F:/new_demo/middleware/logger.go:86" ClientIp="::1" DataSize=302 HostName=DESKTOP-HIPHS03 Method=GET Path=/api/v1/role/ SpendTime="0 ms" StatusCode=200 UserAgent=axios/1.6.5
time="2024-01-31 21:29:09" level=info func=new_demo/middleware.Logger.func1 file="F:/new_demo/middleware/logger.go:86" ClientIp="::1" DataSize=302 HostName=DESKTOP-HIPHS03 Method=GET Path=/api/v1/role/ SpendTime="0 ms" StatusCode=200 UserAgent=axios/1.6.5
time="2024-01-31 21:31:09" level=info func=new_demo/middleware.Logger.func1 file="F:/new_demo/middleware/logger.go:86" ClientIp="::1" DataSize=302 HostName=DESKTOP-HIPHS03 Method=GET Path=/api/v1/role/ SpendTime="0 ms" StatusCode=200 UserAgent=axios/1.6.5
time="2024-01-31 21:31:09" level=info func=new_demo/middleware.Logger.func1 file="F:/new_demo/middleware/logger.go:86" ClientIp="::1" DataSize=302 HostName=DESKTOP-HIPHS03 Method=GET Path=/api/v1/role/ SpendTime="0 ms" StatusCode=200 UserAgent=axios/1.6.5
time="2024-01-31 21:31:09" level=info func=new_demo/middleware.Logger.func1 file="F:/new_demo/middleware/logger.go:86" ClientIp="::1" DataSize=302 HostName=DESKTOP-HIPHS03 Method=GET Path=/api/v1/role/ SpendTime="0 ms" StatusCode=200 UserAgent=axios/1.6.5
time="2024-01-31 21:31:09" level=info func=new_demo/middleware.Logger.func1 file="F:/new_demo/middleware/logger.go:86" ClientIp="::1" DataSize=302 HostName=DESKTOP-HIPHS03 Method=GET Path=/api/v1/role/ SpendTime="0 ms" StatusCode=200 UserAgent=axios/1.6.5
time="2024-01-31 21:40:09" level=info func=new_demo/middleware.Logger.func1 file="F:/new_demo/middleware/logger.go:86" ClientIp="::1" DataSize=302 HostName=DESKTOP-HIPHS03 Method=GET Path=/api/v1/role/ SpendTime="0 ms" StatusCode=200 UserAgent=axios/1.6.5
time="2024-01-31 21:40:09" level=info func=new_demo/middleware.Logger.func1 file="F:/new_demo/middleware/logger.go:86" ClientIp="::1" DataSize=302 HostName=DESKTOP-HIPHS03 Method=GET Path=/api/v1/role/ SpendTime="0 ms" StatusCode=200 UserAgent=axios/1.6.5
time="2024-01-31 21:42:09" level=info func=new_demo/middleware.Logger.func1 file="F:/new_demo/middleware/logger.go:86" ClientIp="::1" DataSize=302 HostName=DESKTOP-HIPHS03 Method=GET Path=/api/v1/role/ SpendTime="1 ms" StatusCode=200 UserAgent=axios/1.6.5
time="2024-01-31 21:42:09" level=info func=new_demo/middleware.Logger.func1 file="F:/new_demo/middleware/logger.go:86" ClientIp="::1" DataSize=302 HostName=DESKTOP-HIPHS03 Method=GET Path=/api/v1/role/ SpendTime="0 ms" StatusCode=200 UserAgent=axios/1.6.5
time="2024-01-31 21:42:09" level=info func=new_demo/middleware.Logger.func1 file="F:/new_demo/middleware/logger.go:86" ClientIp="::1" DataSize=302 HostName=DESKTOP-HIPHS03 Method=GET Path=/api/v1/role/ SpendTime="0 ms" StatusCode=200 UserAgent=axios/1.6.5
time="2024-01-31 21:42:09" level=info func=new_demo/middleware.Logger.func1 file="F:/new_demo/middleware/logger.go:86" ClientIp="::1" DataSize=302 HostName=DESKTOP-HIPHS03 Method=GET Path=/api/v1/role/ SpendTime="0 ms" StatusCode=200 UserAgent=axios/1.6.5
time="2024-01-31 21:43:09" level=info func=new_demo/middleware.Logger.func1 file="F:/new_demo/middleware/logger.go:86" ClientIp="::1" DataSize=302 HostName=DESKTOP-HIPHS03 Method=GET Path=/api/v1/role/ SpendTime="0 ms" StatusCode=200 UserAgent=axios/1.6.5
time="2024-01-31 21:43:09" level=info func=new_demo/middleware.Logger.func1 file="F:/new_demo/middleware/logger.go:86" ClientIp="::1" DataSize=302 HostName=DESKTOP-HIPHS03 Method=GET Path=/api/v1/role/ SpendTime="0 ms" StatusCode=200 UserAgent=axios/1.6.5
time="2024-01-31 21:43:09" level=info func=new_demo/middleware.Logger.func1 file="F:/new_demo/middleware/logger.go:86" ClientIp="::1" DataSize=302 HostName=DESKTOP-HIPHS03 Method=GET Path=/api/v1/role/ SpendTime="1 ms" StatusCode=200 UserAgent=axios/1.6.5
time="2024-01-31 21:43:09" level=info func=new_demo/middleware.Logger.func1 file="F:/new_demo/middleware/logger.go:86" ClientIp="::1" DataSize=302 HostName=DESKTOP-HIPHS03 Method=GET Path=/api/v1/role/ SpendTime="0 ms" StatusCode=200 UserAgent=axios/1.6.5
time="2024-01-31 21:43:09" level=info func=new_demo/middleware.Logger.func1 file="F:/new_demo/middleware/logger.go:86" ClientIp="::1" DataSize=302 HostName=DESKTOP-HIPHS03 Method=GET Path=/api/v1/role/ SpendTime="0 ms" StatusCode=200 UserAgent=axios/1.6.5
time="2024-01-31 21:43:09" level=info func=new_demo/middleware.Logger.func1 file="F:/new_demo/middleware/logger.go:86" ClientIp="::1" DataSize=302 HostName=DESKTOP-HIPHS03 Method=GET Path=/api/v1/role/ SpendTime="0 ms" StatusCode=200 UserAgent=axios/1.6.5
time="2024-01-31 21:44:09" level=info func=new_demo/middleware.Logger.func1 file="F:/new_demo/middleware/logger.go:86" ClientIp="::1" DataSize=302 HostName=DESKTOP-HIPHS03 Method=GET Path=/api/v1/role/ SpendTime="0 ms" StatusCode=200 UserAgent=axios/1.6.5
time="2024-01-31 21:45:09" level=info func=new_demo/middleware.Logger.func1 file="F:/new_demo/middleware/logger.go:86" ClientIp="::1" DataSize=302 HostName=DESKTOP-HIPHS03 Method=GET Path=/api/v1/role/ SpendTime="1 ms" StatusCode=200 UserAgent=axios/1.6.5
time="2024-01-31 21:45:09" level=info func=new_demo/middleware.Logger.func1 file="F:/new_demo/middleware/logger.go:86" ClientIp="::1" DataSize=302 HostName=DESKTOP-HIPHS03 Method=GET Path=/api/v1/role/ SpendTime="0 ms" StatusCode=200 UserAgent=axios/1.6.5
time="2024-01-31 21:45:09" level=info func=new_demo/middleware.Logger.func1 file="F:/new_demo/middleware/logger.go:86" ClientIp="::1" DataSize=302 HostName=DESKTOP-HIPHS03 Method=GET Path=/api/v1/role/ SpendTime="0 ms" StatusCode=200 UserAgent=axios/1.6.5
time="2024-01-31 21:45:09" level=info func=new_demo/middleware.Logger.func1 file="F:/new_demo/middleware/logger.go:86" ClientIp="::1" DataSize=302 HostName=DESKTOP-HIPHS03 Method=GET Path=/api/v1/role/ SpendTime="0 ms" StatusCode=200 UserAgent=axios/1.6.5
time="2024-01-31 21:45:09" level=info func=new_demo/middleware.Logger.func1 file="F:/new_demo/middleware/logger.go:86" ClientIp="::1" DataSize=302 HostName=DESKTOP-HIPHS03 Method=GET Path=/api/v1/role/ SpendTime="0 ms" StatusCode=200 UserAgent=axios/1.6.5
time="2024-01-31 21:46:09" level=info func=new_demo/middleware.Logger.func1 file="F:/new_demo/middleware/logger.go:86" ClientIp="::1" DataSize=302 HostName=DESKTOP-HIPHS03 Method=GET Path=/api/v1/role/ SpendTime="0 ms" StatusCode=200 UserAgent=axios/1.6.5
time="2024-01-31 21:52:09" level=info func=new_demo/middleware.Logger.func1 file="F:/new_demo/middleware/logger.go:86" ClientIp="::1" DataSize=302 HostName=DESKTOP-HIPHS03 Method=GET Path=/api/v1/role/ SpendTime="0 ms" StatusCode=200 UserAgent=axios/1.6.5
time="2024-01-31 21:52:09" level=info func=new_demo/middleware.Logger.func1 file="F:/new_demo/middleware/logger.go:86" ClientIp="::1" DataSize=302 HostName=DESKTOP-HIPHS03 Method=GET Path=/api/v1/role/ SpendTime="0 ms" StatusCode=200 UserAgent=axios/1.6.5
time="2024-01-31 21:53:09" level=info func=new_demo/middleware.Logger.func1 file="F:/new_demo/middleware/logger.go:86" ClientIp="::1" DataSize=302 HostName=DESKTOP-HIPHS03 Method=GET Path=/api/v1/role/ SpendTime="0 ms" StatusCode=200 UserAgent=axios/1.6.5
time="2024-01-31 21:53:09" level=info func=new_demo/middleware.Logger.func1 file="F:/new_demo/middleware/logger.go:86" ClientIp="::1" DataSize=302 HostName=DESKTOP-HIPHS03 Method=GET Path=/api/v1/role/ SpendTime="0 ms" StatusCode=200 UserAgent=axios/1.6.5
time="2024-01-31 21:53:09" level=info func=new_demo/middleware.Logger.func1 file="F:/new_demo/middleware/logger.go:86" ClientIp="::1" DataSize=302 HostName=DESKTOP-HIPHS03 Method=GET Path=/api/v1/role/ SpendTime="0 ms" StatusCode=200 UserAgent=axios/1.6.5
time="2024-01-31 21:54:09" level=info func=new_demo/middleware.Logger.func1 file="F:/new_demo/middleware/logger.go:86" ClientIp="::1" DataSize=302 HostName=DESKTOP-HIPHS03 Method=GET Path=/api/v1/role/ SpendTime="0 ms" StatusCode=200 UserAgent=axios/1.6.5
time="2024-01-31 21:55:09" level=info func=new_demo/middleware.Logger.func1 file="F:/new_demo/middleware/logger.go:86" ClientIp="::1" DataSize=302 HostName=DESKTOP-HIPHS03 Method=GET Path=/api/v1/role/ SpendTime="0 ms" StatusCode=200 UserAgent=axios/1.6.5
time="2024-01-31 21:55:09" level=info func=new_demo/middleware.Logger.func1 file="F:/new_demo/middleware/logger.go:86" ClientIp="::1" DataSize=302 HostName=DESKTOP-HIPHS03 Method=GET Path=/api/v1/role/ SpendTime="0 ms" StatusCode=200 UserAgent=axios/1.6.5
time="2024-01-31 21:55:09" level=info func=new_demo/middleware.Logger.func1 file="F:/new_demo/middleware/logger.go:86" ClientIp="::1" DataSize=302 HostName=DESKTOP-HIPHS03 Method=GET Path=/api/v1/role/ SpendTime="0 ms" StatusCode=200 UserAgent=axios/1.6.5
time="2024-01-31 21:55:09" level=info func=new_demo/middleware.Logger.func1 file="F:/new_demo/middleware/logger.go:86" ClientIp="::1" DataSize=302 HostName=DESKTOP-HIPHS03 Method=GET Path=/api/v1/role/ SpendTime="0 ms" StatusCode=200 UserAgent=axios/1.6.5
time="2024-01-31 21:57:09" level=info func=new_demo/middleware.Logger.func1 file="F:/new_demo/middleware/logger.go:86" ClientIp="::1" DataSize=302 HostName=DESKTOP-HIPHS03 Method=GET Path=/api/v1/role/ SpendTime="0 ms" StatusCode=200 UserAgent=axios/1.6.5
time="2024-01-31 21:57:09" level=info func=new_demo/middleware.Logger.func1 file="F:/new_demo/middleware/logger.go:86" ClientIp="::1" DataSize=302 HostName=DESKTOP-HIPHS03 Method=GET Path=/api/v1/role/ SpendTime="0 ms" StatusCode=200 UserAgent=axios/1.6.5
time="2024-01-31 21:57:09" level=info func=new_demo/middleware.Logger.func1 file="F:/new_demo/middleware/logger.go:86" ClientIp="::1" DataSize=302 HostName=DESKTOP-HIPHS03 Method=GET Path=/api/v1/role/ SpendTime="0 ms" StatusCode=200 UserAgent=axios/1.6.5
time="2024-01-31 21:58:09" level=info func=new_demo/middleware.Logger.func1 file="F:/new_demo/middleware/logger.go:86" ClientIp="::1" DataSize=302 HostName=DESKTOP-HIPHS03 Method=GET Path=/api/v1/role/ SpendTime="0 ms" StatusCode=200 UserAgent=axios/1.6.5
time="2024-01-31 21:59:09" level=info func=new_demo/middleware.Logger.func1 file="F:/new_demo/middleware/logger.go:86" ClientIp="::1" DataSize=302 HostName=DESKTOP-HIPHS03 Method=GET Path=/api/v1/role/ SpendTime="0 ms" StatusCode=200 UserAgent=axios/1.6.5
time="2024-01-31 21:59:09" level=info func=new_demo/middleware.Logger.func1 file="F:/new_demo/middleware/logger.go:86" ClientIp="::1" DataSize=302 HostName=DESKTOP-HIPHS03 Method=GET Path=/api/v1/role/ SpendTime="0 ms" StatusCode=200 UserAgent=axios/1.6.5
time="2024-01-31 22:00:10" level=info func=new_demo/middleware.Logger.func1 file="F:/new_demo/middleware/logger.go:86" ClientIp="::1" DataSize=302 HostName=DESKTOP-HIPHS03 Method=GET Path=/api/v1/role/ SpendTime="0 ms" StatusCode=200 UserAgent=axios/1.6.5
time="2024-01-31 22:00:10" level=info func=new_demo/middleware.Logger.func1 file="F:/new_demo/middleware/logger.go:86" ClientIp="::1" DataSize=302 HostName=DESKTOP-HIPHS03 Method=GET Path=/api/v1/role/ SpendTime="0 ms" StatusCode=200 UserAgent=axios/1.6.5
time="2024-01-31 22:00:10" level=info func=new_demo/middleware.Logger.func1 file="F:/new_demo/middleware/logger.go:86" ClientIp="::1" DataSize=302 HostName=DESKTOP-HIPHS03 Method=GET Path=/api/v1/role/ SpendTime="0 ms" StatusCode=200 UserAgent=axios/1.6.5
time="2024-01-31 22:01:10" level=info func=new_demo/middleware.Logger.func1 file="F:/new_demo/middleware/logger.go:86" ClientIp="::1" DataSize=302 HostName=DESKTOP-HIPHS03 Method=GET Path=/api/v1/role/ SpendTime="0 ms" StatusCode=200 UserAgent=axios/1.6.5
time="2024-01-31 22:10:10" level=info func=new_demo/middleware.Logger.func1 file="F:/new_demo/middleware/logger.go:86" ClientIp="::1" DataSize=302 HostName=DESKTOP-HIPHS03 Method=GET Path=/api/v1/role/ SpendTime="0 ms" StatusCode=200 UserAgent=axios/1.6.5
time="2024-01-31 22:11:10" level=info func=new_demo/middleware.Logger.func1 file="F:/new_demo/middleware/logger.go:86" ClientIp="::1" DataSize=27 HostName=DESKTOP-HIPHS03 Method=PUT Path=/api/v1/role/ SpendTime="1 ms" StatusCode=200 UserAgent=axios/1.6.5
time="2024-01-31 22:11:10" level=info func=new_demo/middleware.Logger.func1 file="F:/new_demo/middleware/logger.go:86" ClientIp="::1" DataSize=302 HostName=DESKTOP-HIPHS03 Method=GET Path=/api/v1/role/ SpendTime="0 ms" StatusCode=200 UserAgent=axios/1.6.5
time="2024-01-31 22:11:10" level=info func=new_demo/middleware.Logger.func1 file="F:/new_demo/middleware/logger.go:86" ClientIp="::1" DataSize=302 HostName=DESKTOP-HIPHS03 Method=GET Path=/api/v1/role/ SpendTime="0 ms" StatusCode=200 UserAgent=axios/1.6.5
time="2024-01-31 22:13:10" level=info func=new_demo/middleware.Logger.func1 file="F:/new_demo/middleware/logger.go:86" ClientIp="::1" DataSize=302 HostName=DESKTOP-HIPHS03 Method=GET Path=/api/v1/role/ SpendTime="0 ms" StatusCode=200 UserAgent=axios/1.6.5
time="2024-01-31 22:15:10" level=info func=new_demo/middleware.Logger.func1 file="F:/new_demo/middleware/logger.go:86" ClientIp="::1" DataSize=27 HostName=DESKTOP-HIPHS03 Method=PUT Path=/api/v1/role/ SpendTime="1 ms" StatusCode=200 UserAgent=axios/1.6.5
time="2024-01-31 22:15:10" level=info func=new_demo/middleware.Logger.func1 file="F:/new_demo/middleware/logger.go:86" ClientIp="::1" DataSize=302 HostName=DESKTOP-HIPHS03 Method=GET Path=/api/v1/role/ SpendTime="0 ms" StatusCode=200 UserAgent=axios/1.6.5
time="2024-01-31 22:15:10" level=info func=new_demo/middleware.Logger.func1 file="F:/new_demo/middleware/logger.go:86" ClientIp="::1" DataSize=302 HostName=DESKTOP-HIPHS03 Method=GET Path=/api/v1/role/ SpendTime="0 ms" StatusCode=200 UserAgent=axios/1.6.5
time="2024-01-31 22:18:10" level=info func=new_demo/middleware.Logger.func1 file="F:/new_demo/middleware/logger.go:86" ClientIp="::1" DataSize=302 HostName=DESKTOP-HIPHS03 Method=GET Path=/api/v1/role/ SpendTime="0 ms" StatusCode=200 UserAgent=axios/1.6.5
time="2024-01-31 22:19:10" level=info func=new_demo/middleware.Logger.func1 file="F:/new_demo/middleware/logger.go:86" ClientIp="::1" DataSize=302 HostName=DESKTOP-HIPHS03 Method=GET Path=/api/v1/role/ SpendTime="0 ms" StatusCode=200 UserAgent=axios/1.6.5
time="2024-01-31 22:19:10" level=info func=new_demo/middleware.Logger.func1 file="F:/new_demo/middleware/logger.go:86" ClientIp="::1" DataSize=302 HostName=DESKTOP-HIPHS03 Method=GET Path=/api/v1/role/ SpendTime="0 ms" StatusCode=200 UserAgent=axios/1.6.5
time="2024-01-31 22:20:10" level=info func=new_demo/middleware.Logger.func1 file="F:/new_demo/middleware/logger.go:86" ClientIp="::1" DataSize=302 HostName=DESKTOP-HIPHS03 Method=GET Path=/api/v1/role/ SpendTime="0 ms" StatusCode=200 UserAgent=axios/1.6.5
time="2024-01-31 22:20:10" level=info func=new_demo/middleware.Logger.func1 file="F:/new_demo/middleware/logger.go:86" ClientIp="::1" DataSize=302 HostName=DESKTOP-HIPHS03 Method=GET Path=/api/v1/role/ SpendTime="0 ms" StatusCode=200 UserAgent=axios/1.6.5
time="2024-01-31 22:21:10" level=info func=new_demo/middleware.Logger.func1 file="F:/new_demo/middleware/logger.go:86" ClientIp="::1" DataSize=302 HostName=DESKTOP-HIPHS03 Method=GET Path=/api/v1/role/ SpendTime="0 ms" StatusCode=200 UserAgent=axios/1.6.5
time="2024-01-31 22:37:10" level=info func=new_demo/middleware.Logger.func1 file="F:/new_demo/middleware/logger.go:86" ClientIp="::1" DataSize=302 HostName=DESKTOP-HIPHS03 Method=GET Path=/api/v1/role/ SpendTime="1 ms" StatusCode=200 UserAgent=axios/1.6.5
time="2024-01-31 22:37:10" level=info func=new_demo/middleware.Logger.func1 file="F:/new_demo/middleware/logger.go:86" ClientIp="::1" DataSize=302 HostName=DESKTOP-HIPHS03 Method=GET Path=/api/v1/role/ SpendTime="0 ms" StatusCode=200 UserAgent=axios/1.6.5
time="2024-01-31 22:38:10" level=info func=new_demo/middleware.Logger.func1 file="F:/new_demo/middleware/logger.go:86" ClientIp="::1" DataSize=302 HostName=DESKTOP-HIPHS03 Method=GET Path=/api/v1/role/ SpendTime="0 ms" StatusCode=200 UserAgent=axios/1.6.5
time="2024-01-31 22:39:10" level=info func=new_demo/middleware.Logger.func1 file="F:/new_demo/middleware/logger.go:86" ClientIp="::1" DataSize=302 HostName=DESKTOP-HIPHS03 Method=GET Path=/api/v1/role/ SpendTime="0 ms" StatusCode=200 UserAgent=axios/1.6.5
time="2024-01-31 22:39:10" level=info func=new_demo/middleware.Logger.func1 file="F:/new_demo/middleware/logger.go:86" ClientIp="::1" DataSize=302 HostName=DESKTOP-HIPHS03 Method=GET Path=/api/v1/role/ SpendTime="0 ms" StatusCode=200 UserAgent=axios/1.6.5
time="2024-01-31 22:39:10" level=info func=new_demo/middleware.Logger.func1 file="F:/new_demo/middleware/logger.go:86" ClientIp="::1" DataSize=302 HostName=DESKTOP-HIPHS03 Method=GET Path=/api/v1/role/ SpendTime="0 ms" StatusCode=200 UserAgent=axios/1.6.5
time="2024-01-31 22:40:10" level=info func=new_demo/middleware.Logger.func1 file="F:/new_demo/middleware/logger.go:86" ClientIp="::1" DataSize=302 HostName=DESKTOP-HIPHS03 Method=GET Path=/api/v1/role/ SpendTime="0 ms" StatusCode=200 UserAgent=axios/1.6.5
time="2024-01-31 22:40:10" level=info func=new_demo/middleware.Logger.func1 file="F:/new_demo/middleware/logger.go:86" ClientIp="::1" DataSize=302 HostName=DESKTOP-HIPHS03 Method=GET Path=/api/v1/role/ SpendTime="0 ms" StatusCode=200 UserAgent=axios/1.6.5
time="2024-01-31 22:40:10" level=info func=new_demo/middleware.Logger.func1 file="F:/new_demo/middleware/logger.go:86" ClientIp="::1" DataSize=302 HostName=DESKTOP-HIPHS03 Method=GET Path=/api/v1/role/ SpendTime="0 ms" StatusCode=200 UserAgent=axios/1.6.5
time="2024-01-31 22:41:10" level=info func=new_demo/middleware.Logger.func1 file="F:/new_demo/middleware/logger.go:86" ClientIp="::1" DataSize=302 HostName=DESKTOP-HIPHS03 Method=GET Path=/api/v1/role/ SpendTime="0 ms" StatusCode=200 UserAgent=axios/1.6.5
time="2024-01-31 22:42:10" level=info func=new_demo/middleware.Logger.func1 file="F:/new_demo/middleware/logger.go:86" ClientIp="::1" DataSize=302 HostName=DESKTOP-HIPHS03 Method=GET Path=/api/v1/role/ SpendTime="1 ms" StatusCode=200 UserAgent=axios/1.6.5
time="2024-01-31 22:42:10" level=info func=new_demo/middleware.Logger.func1 file="F:/new_demo/middleware/logger.go:86" ClientIp="::1" DataSize=302 HostName=DESKTOP-HIPHS03 Method=GET Path=/api/v1/role/ SpendTime="0 ms" StatusCode=200 UserAgent=axios/1.6.5
time="2024-01-31 22:46:10" level=info func=new_demo/middleware.Logger.func1 file="F:/new_demo/middleware/logger.go:86" ClientIp="::1" DataSize=302 HostName=DESKTOP-HIPHS03 Method=GET Path=/api/v1/role/ SpendTime="0 ms" StatusCode=200 UserAgent=axios/1.6.5
time="2024-01-31 22:46:10" level=info func=new_demo/middleware.Logger.func1 file="F:/new_demo/middleware/logger.go:86" ClientIp="::1" DataSize=302 HostName=DESKTOP-HIPHS03 Method=GET Path=/api/v1/role/ SpendTime="0 ms" StatusCode=200 UserAgent=axios/1.6.5
time="2024-01-31 22:46:10" level=info func=new_demo/middleware.Logger.func1 file="F:/new_demo/middleware/logger.go:86" ClientIp="::1" DataSize=302 HostName=DESKTOP-HIPHS03 Method=GET Path=/api/v1/role/ SpendTime="0 ms" StatusCode=200 UserAgent=axios/1.6.5
time="2024-01-31 22:47:10" level=info func=new_demo/middleware.Logger.func1 file="F:/new_demo/middleware/logger.go:86" ClientIp="::1" DataSize=302 HostName=DESKTOP-HIPHS03 Method=GET Path=/api/v1/role/ SpendTime="1 ms" StatusCode=200 UserAgent=axios/1.6.5
time="2024-01-31 22:57:10" level=info func=new_demo/middleware.Logger.func1 file="F:/new_demo/middleware/logger.go:86" ClientIp="::1" DataSize=302 HostName=DESKTOP-HIPHS03 Method=GET Path=/api/v1/role/ SpendTime="1 ms" StatusCode=200 UserAgent=axios/1.6.5
time="2024-01-31 22:59:10" level=info func=new_demo/middleware.Logger.func1 file="F:/new_demo/middleware/logger.go:86" ClientIp="::1" DataSize=302 HostName=DESKTOP-HIPHS03 Method=GET Path=/api/v1/role/ SpendTime="0 ms" StatusCode=200 UserAgent=axios/1.6.5
time="2024-01-31 22:59:10" level=info func=new_demo/middleware.Logger.func1 file="F:/new_demo/middleware/logger.go:86" ClientIp="::1" DataSize=302 HostName=DESKTOP-HIPHS03 Method=GET Path=/api/v1/role/ SpendTime="0 ms" StatusCode=200 UserAgent=axios/1.6.5
time="2024-01-31 23:00:11" level=info func=new_demo/middleware.Logger.func1 file="F:/new_demo/middleware/logger.go:86" ClientIp="::1" DataSize=302 HostName=DESKTOP-HIPHS03 Method=GET Path=/api/v1/role/ SpendTime="0 ms" StatusCode=200 UserAgent=axios/1.6.5
time="2024-01-31 23:00:11" level=info func=new_demo/middleware.Logger.func1 file="F:/new_demo/middleware/logger.go:86" ClientIp="::1" DataSize=302 HostName=DESKTOP-HIPHS03 Method=GET Path=/api/v1/role/ SpendTime="6 ms" StatusCode=200 UserAgent=axios/1.6.5
time="2024-01-31 23:00:11" level=info func=new_demo/middleware.Logger.func1 file="F:/new_demo/middleware/logger.go:86" ClientIp="::1" DataSize=302 HostName=DESKTOP-HIPHS03 Method=GET Path=/api/v1/role/ SpendTime="0 ms" StatusCode=200 UserAgent=axios/1.6.5
time="2024-01-31 23:01:11" level=info func=new_demo/middleware.Logger.func1 file="F:/new_demo/middleware/logger.go:86" ClientIp="::1" DataSize=302 HostName=DESKTOP-HIPHS03 Method=GET Path=/api/v1/role/ SpendTime="0 ms" StatusCode=200 UserAgent=axios/1.6.5
time="2024-01-31 23:02:11" level=info func=new_demo/middleware.Logger.func1 file="F:/new_demo/middleware/logger.go:86" ClientIp="::1" DataSize=302 HostName=DESKTOP-HIPHS03 Method=GET Path=/api/v1/role/ SpendTime="0 ms" StatusCode=200 UserAgent=axios/1.6.5
time="2024-01-31 23:03:11" level=info func=new_demo/middleware.Logger.func1 file="F:/new_demo/middleware/logger.go:86" ClientIp="::1" DataSize=302 HostName=DESKTOP-HIPHS03 Method=GET Path=/api/v1/role/ SpendTime="0 ms" StatusCode=200 UserAgent=axios/1.6.5
time="2024-01-31 23:03:11" level=info func=new_demo/middleware.Logger.func1 file="F:/new_demo/middleware/logger.go:86" ClientIp="::1" DataSize=302 HostName=DESKTOP-HIPHS03 Method=GET Path=/api/v1/role/ SpendTime="0 ms" StatusCode=200 UserAgent=axios/1.6.5
time="2024-01-31 23:03:11" level=info func=new_demo/middleware.Logger.func1 file="F:/new_demo/middleware/logger.go:86" ClientIp="::1" DataSize=302 HostName=DESKTOP-HIPHS03 Method=GET Path=/api/v1/role/ SpendTime="0 ms" StatusCode=200 UserAgent=axios/1.6.5
time="2024-01-31 23:03:11" level=info func=new_demo/middleware.Logger.func1 file="F:/new_demo/middleware/logger.go:86" ClientIp="::1" DataSize=302 HostName=DESKTOP-HIPHS03 Method=GET Path=/api/v1/role/ SpendTime="0 ms" StatusCode=200 UserAgent=axios/1.6.5
time="2024-01-31 23:03:11" level=info func=new_demo/middleware.Logger.func1 file="F:/new_demo/middleware/logger.go:86" ClientIp="::1" DataSize=302 HostName=DESKTOP-HIPHS03 Method=GET Path=/api/v1/role/ SpendTime="0 ms" StatusCode=200 UserAgent=axios/1.6.5
time="2024-01-31 23:03:11" level=info func=new_demo/middleware.Logger.func1 file="F:/new_demo/middleware/logger.go:86" ClientIp="::1" DataSize=302 HostName=DESKTOP-HIPHS03 Method=GET Path=/api/v1/role/ SpendTime="0 ms" StatusCode=200 UserAgent=axios/1.6.5
time="2024-01-31 23:03:11" level=info func=new_demo/middleware.Logger.func1 file="F:/new_demo/middleware/logger.go:86" ClientIp="::1" DataSize=302 HostName=DESKTOP-HIPHS03 Method=GET Path=/api/v1/role/ SpendTime="0 ms" StatusCode=200 UserAgent=axios/1.6.5
time="2024-01-31 23:04:11" level=info func=new_demo/middleware.Logger.func1 file="F:/new_demo/middleware/logger.go:86" ClientIp="::1" DataSize=302 HostName=DESKTOP-HIPHS03 Method=GET Path=/api/v1/role/ SpendTime="0 ms" StatusCode=200 UserAgent=axios/1.6.5
time="2024-01-31 23:04:11" level=info func=new_demo/middleware.Logger.func1 file="F:/new_demo/middleware/logger.go:86" ClientIp="::1" DataSize=302 HostName=DESKTOP-HIPHS03 Method=GET Path=/api/v1/role/ SpendTime="0 ms" StatusCode=200 UserAgent=axios/1.6.5
time="2024-01-31 23:04:11" level=info func=new_demo/middleware.Logger.func1 file="F:/new_demo/middleware/logger.go:86" ClientIp="::1" DataSize=302 HostName=DESKTOP-HIPHS03 Method=GET Path=/api/v1/role/ SpendTime="0 ms" StatusCode=200 UserAgent=axios/1.6.5
time="2024-01-31 23:04:11" level=info func=new_demo/middleware.Logger.func1 file="F:/new_demo/middleware/logger.go:86" ClientIp="::1" DataSize=302 HostName=DESKTOP-HIPHS03 Method=GET Path=/api/v1/role/ SpendTime="0 ms" StatusCode=200 UserAgent=axios/1.6.5
time="2024-01-31 23:08:11" level=info func=new_demo/middleware.Logger.func1 file="F:/new_demo/middleware/logger.go:86" ClientIp="::1" DataSize=302 HostName=DESKTOP-HIPHS03 Method=GET Path=/api/v1/role/ SpendTime="0 ms" StatusCode=200 UserAgent=axios/1.6.5
time="2024-01-31 23:08:11" level=info func=new_demo/middleware.Logger.func1 file="F:/new_demo/middleware/logger.go:86" ClientIp="::1" DataSize=302 HostName=DESKTOP-HIPHS03 Method=GET Path=/api/v1/role/ SpendTime="0 ms" StatusCode=200 UserAgent=axios/1.6.5
time="2024-01-31 23:09:11" level=info func=new_demo/middleware.Logger.func1 file="F:/new_demo/middleware/logger.go:86" ClientIp="::1" DataSize=302 HostName=DESKTOP-HIPHS03 Method=GET Path=/api/v1/role/ SpendTime="0 ms" StatusCode=200 UserAgent=axios/1.6.5
time="2024-01-31 23:09:11" level=info func=new_demo/middleware.Logger.func1 file="F:/new_demo/middleware/logger.go:86" ClientIp="::1" DataSize=302 HostName=DESKTOP-HIPHS03 Method=GET Path=/api/v1/role/ SpendTime="1 ms" StatusCode=200 UserAgent=axios/1.6.5
time="2024-01-31 23:09:11" level=info func=new_demo/middleware.Logger.func1 file="F:/new_demo/middleware/logger.go:86" ClientIp="::1" DataSize=302 HostName=DESKTOP-HIPHS03 Method=GET Path=/api/v1/role/ SpendTime="0 ms" StatusCode=200 UserAgent=axios/1.6.5
time="2024-01-31 23:09:11" level=info func=new_demo/middleware.Logger.func1 file="F:/new_demo/middleware/logger.go:86" ClientIp="::1" DataSize=302 HostName=DESKTOP-HIPHS03 Method=GET Path=/api/v1/role/ SpendTime="0 ms" StatusCode=200 UserAgent=axios/1.6.5
time="2024-01-31 23:09:11" level=info func=new_demo/middleware.Logger.func1 file="F:/new_demo/middleware/logger.go:86" ClientIp="::1" DataSize=302 HostName=DESKTOP-HIPHS03 Method=GET Path=/api/v1/role/ SpendTime="0 ms" StatusCode=200 UserAgent=axios/1.6.5
time="2024-01-31 23:10:11" level=info func=new_demo/middleware.Logger.func1 file="F:/new_demo/middleware/logger.go:86" ClientIp="::1" DataSize=302 HostName=DESKTOP-HIPHS03 Method=GET Path=/api/v1/role/ SpendTime="0 ms" StatusCode=200 UserAgent=axios/1.6.5
time="2024-01-31 23:10:11" level=info func=new_demo/middleware.Logger.func1 file="F:/new_demo/middleware/logger.go:86" ClientIp="::1" DataSize=302 HostName=DESKTOP-HIPHS03 Method=GET Path=/api/v1/role/ SpendTime="0 ms" StatusCode=200 UserAgent=axios/1.6.5
time="2024-01-31 23:10:11" level=info func=new_demo/middleware.Logger.func1 file="F:/new_demo/middleware/logger.go:86" ClientIp="::1" DataSize=302 HostName=DESKTOP-HIPHS03 Method=GET Path=/api/v1/role/ SpendTime="0 ms" StatusCode=200 UserAgent=axios/1.6.5
time="2024-01-31 23:10:11" level=info func=new_demo/middleware.Logger.func1 file="F:/new_demo/middleware/logger.go:86" ClientIp="::1" DataSize=302 HostName=DESKTOP-HIPHS03 Method=GET Path=/api/v1/role/ SpendTime="0 ms" StatusCode=200 UserAgent=axios/1.6.5
time="2024-01-31 23:11:11" level=info func=new_demo/middleware.Logger.func1 file="F:/new_demo/middleware/logger.go:86" ClientIp="::1" DataSize=302 HostName=DESKTOP-HIPHS03 Method=GET Path=/api/v1/role/ SpendTime="0 ms" StatusCode=200 UserAgent=axios/1.6.5
time="2024-01-31 23:12:11" level=info func=new_demo/middleware.Logger.func1 file="F:/new_demo/middleware/logger.go:86" ClientIp="::1" DataSize=302 HostName=DESKTOP-HIPHS03 Method=GET Path=/api/v1/role/ SpendTime="0 ms" StatusCode=200 UserAgent=axios/1.6.5
time="2024-01-31 23:12:11" level=info func=new_demo/middleware.Logger.func1 file="F:/new_demo/middleware/logger.go:86" ClientIp="::1" DataSize=302 HostName=DESKTOP-HIPHS03 Method=GET Path=/api/v1/role/ SpendTime="0 ms" StatusCode=200 UserAgent=axios/1.6.5
time="2024-01-31 23:12:11" level=info func=new_demo/middleware.Logger.func1 file="F:/new_demo/middleware/logger.go:86" ClientIp="::1" DataSize=302 HostName=DESKTOP-HIPHS03 Method=GET Path=/api/v1/role/ SpendTime="0 ms" StatusCode=200 UserAgent=axios/1.6.5
time="2024-01-31 23:12:11" level=info func=new_demo/middleware.Logger.func1 file="F:/new_demo/middleware/logger.go:86" ClientIp="::1" DataSize=302 HostName=DESKTOP-HIPHS03 Method=GET Path=/api/v1/role/ SpendTime="0 ms" StatusCode=200 UserAgent=axios/1.6.5
time="2024-01-31 23:12:11" level=info func=new_demo/middleware.Logger.func1 file="F:/new_demo/middleware/logger.go:86" ClientIp="::1" DataSize=302 HostName=DESKTOP-HIPHS03 Method=GET Path=/api/v1/role/ SpendTime="0 ms" StatusCode=200 UserAgent=axios/1.6.5
time="2024-01-31 23:12:11" level=info func=new_demo/middleware.Logger.func1 file="F:/new_demo/middleware/logger.go:86" ClientIp="::1" DataSize=302 HostName=DESKTOP-HIPHS03 Method=GET Path=/api/v1/role/ SpendTime="0 ms" StatusCode=200 UserAgent=axios/1.6.5
time="2024-01-31 23:12:11" level=info func=new_demo/middleware.Logger.func1 file="F:/new_demo/middleware/logger.go:86" ClientIp="::1" DataSize=302 HostName=DESKTOP-HIPHS03 Method=GET Path=/api/v1/role/ SpendTime="0 ms" StatusCode=200 UserAgent=axios/1.6.5
time="2024-01-31 23:12:11" level=info func=new_demo/middleware.Logger.func1 file="F:/new_demo/middleware/logger.go:86" ClientIp="::1" DataSize=302 HostName=DESKTOP-HIPHS03 Method=GET Path=/api/v1/role/ SpendTime="0 ms" StatusCode=200 UserAgent=axios/1.6.5
time="2024-01-31 23:12:11" level=info func=new_demo/middleware.Logger.func1 file="F:/new_demo/middleware/logger.go:86" ClientIp="::1" DataSize=302 HostName=DESKTOP-HIPHS03 Method=GET Path=/api/v1/role/ SpendTime="0 ms" StatusCode=200 UserAgent=axios/1.6.5
time="2024-01-31 23:12:11" level=info func=new_demo/middleware.Logger.func1 file="F:/new_demo/middleware/logger.go:86" ClientIp="::1" DataSize=302 HostName=DESKTOP-HIPHS03 Method=GET Path=/api/v1/role/ SpendTime="0 ms" StatusCode=200 UserAgent=axios/1.6.5
time="2024-01-31 23:12:11" level=info func=new_demo/middleware.Logger.func1 file="F:/new_demo/middleware/logger.go:86" ClientIp="::1" DataSize=302 HostName=DESKTOP-HIPHS03 Method=GET Path=/api/v1/role/ SpendTime="0 ms" StatusCode=200 UserAgent=axios/1.6.5
time="2024-01-31 23:12:11" level=info func=new_demo/middleware.Logger.func1 file="F:/new_demo/middleware/logger.go:86" ClientIp="::1" DataSize=302 HostName=DESKTOP-HIPHS03 Method=GET Path=/api/v1/role/ SpendTime="0 ms" StatusCode=200 UserAgent=axios/1.6.5
time="2024-01-31 23:12:11" level=info func=new_demo/middleware.Logger.func1 file="F:/new_demo/middleware/logger.go:86" ClientIp="::1" DataSize=302 HostName=DESKTOP-HIPHS03 Method=GET Path=/api/v1/role/ SpendTime="0 ms" StatusCode=200 UserAgent=axios/1.6.5
time="2024-01-31 23:13:11" level=info func=new_demo/middleware.Logger.func1 file="F:/new_demo/middleware/logger.go:86" ClientIp="::1" DataSize=302 HostName=DESKTOP-HIPHS03 Method=GET Path=/api/v1/role/ SpendTime="0 ms" StatusCode=200 UserAgent=axios/1.6.5
time="2024-01-31 23:13:11" level=info func=new_demo/middleware.Logger.func1 file="F:/new_demo/middleware/logger.go:86" ClientIp="::1" DataSize=302 HostName=DESKTOP-HIPHS03 Method=GET Path=/api/v1/role/ SpendTime="0 ms" StatusCode=200 UserAgent=axios/1.6.5
time="2024-01-31 23:13:11" level=info func=new_demo/middleware.Logger.func1 file="F:/new_demo/middleware/logger.go:86" ClientIp="::1" DataSize=302 HostName=DESKTOP-HIPHS03 Method=GET Path=/api/v1/role/ SpendTime="0 ms" StatusCode=200 UserAgent=axios/1.6.5
time="2024-01-31 23:13:11" level=info func=new_demo/middleware.Logger.func1 file="F:/new_demo/middleware/logger.go:86" ClientIp="::1" DataSize=302 HostName=DESKTOP-HIPHS03 Method=GET Path=/api/v1/role/ SpendTime="0 ms" StatusCode=200 UserAgent=axios/1.6.5
time="2024-01-31 23:13:11" level=info func=new_demo/middleware.Logger.func1 file="F:/new_demo/middleware/logger.go:86" ClientIp="::1" DataSize=302 HostName=DESKTOP-HIPHS03 Method=GET Path=/api/v1/role/ SpendTime="1 ms" StatusCode=200 UserAgent=axios/1.6.5
time="2024-01-31 23:13:11" level=info func=new_demo/middleware.Logger.func1 file="F:/new_demo/middleware/logger.go:86" ClientIp="::1" DataSize=302 HostName=DESKTOP-HIPHS03 Method=GET Path=/api/v1/role/ SpendTime="0 ms" StatusCode=200 UserAgent=axios/1.6.5
time="2024-01-31 23:13:11" level=info func=new_demo/middleware.Logger.func1 file="F:/new_demo/middleware/logger.go:86" ClientIp="::1" DataSize=302 HostName=DESKTOP-HIPHS03 Method=GET Path=/api/v1/role/ SpendTime="0 ms" StatusCode=200 UserAgent=axios/1.6.5
time="2024-01-31 23:13:11" level=info func=new_demo/middleware.Logger.func1 file="F:/new_demo/middleware/logger.go:86" ClientIp="::1" DataSize=302 HostName=DESKTOP-HIPHS03 Method=GET Path=/api/v1/role/ SpendTime="0 ms" StatusCode=200 UserAgent=axios/1.6.5
time="2024-01-31 23:15:11" level=info func=new_demo/middleware.Logger.func1 file="F:/new_demo/middleware/logger.go:86" ClientIp="::1" DataSize=302 HostName=DESKTOP-HIPHS03 Method=GET Path=/api/v1/role/ SpendTime="0 ms" StatusCode=200 UserAgent=axios/1.6.5
time="2024-01-31 23:17:11" level=info func=new_demo/middleware.Logger.func1 file="F:/new_demo/middleware/logger.go:86" ClientIp="::1" DataSize=302 HostName=DESKTOP-HIPHS03 Method=GET Path=/api/v1/role/ SpendTime="0 ms" StatusCode=200 UserAgent=axios/1.6.5
time="2024-01-31 23:17:11" level=info func=new_demo/middleware.Logger.func1 file="F:/new_demo/middleware/logger.go:86" ClientIp="::1" DataSize=302 HostName=DESKTOP-HIPHS03 Method=GET Path=/api/v1/role/ SpendTime="0 ms" StatusCode=200 UserAgent=axios/1.6.5
time="2024-01-31 23:17:11" level=info func=new_demo/middleware.Logger.func1 file="F:/new_demo/middleware/logger.go:86" ClientIp="::1" DataSize=302 HostName=DESKTOP-HIPHS03 Method=GET Path=/api/v1/role/ SpendTime="0 ms" StatusCode=200 UserAgent=axios/1.6.5
time="2024-01-31 23:19:11" level=info func=new_demo/middleware.Logger.func1 file="F:/new_demo/middleware/logger.go:86" ClientIp="::1" DataSize=302 HostName=DESKTOP-HIPHS03 Method=GET Path=/api/v1/role/ SpendTime="0 ms" StatusCode=200 UserAgent=axios/1.6.5
time="2024-01-31 23:19:11" level=info func=new_demo/middleware.Logger.func1 file="F:/new_demo/middleware/logger.go:86" ClientIp="::1" DataSize=302 HostName=DESKTOP-HIPHS03 Method=GET Path=/api/v1/role/ SpendTime="0 ms" StatusCode=200 UserAgent=axios/1.6.5
time="2024-01-31 23:19:11" level=info func=new_demo/middleware.Logger.func1 file="F:/new_demo/middleware/logger.go:86" ClientIp="::1" DataSize=302 HostName=DESKTOP-HIPHS03 Method=GET Path=/api/v1/role/ SpendTime="0 ms" StatusCode=200 UserAgent=axios/1.6.5
time="2024-01-31 23:19:11" level=info func=new_demo/middleware.Logger.func1 file="F:/new_demo/middleware/logger.go:86" ClientIp="::1" DataSize=302 HostName=DESKTOP-HIPHS03 Method=GET Path=/api/v1/role/ SpendTime="0 ms" StatusCode=200 UserAgent=axios/1.6.5
time="2024-01-31 23:19:11" level=info func=new_demo/middleware.Logger.func1 file="F:/new_demo/middleware/logger.go:86" ClientIp="::1" DataSize=302 HostName=DESKTOP-HIPHS03 Method=GET Path=/api/v1/role/ SpendTime="0 ms" StatusCode=200 UserAgent=axios/1.6.5
time="2024-01-31 23:21:11" level=info func=new_demo/middleware.Logger.func1 file="F:/new_demo/middleware/logger.go:86" ClientIp="::1" DataSize=302 HostName=DESKTOP-HIPHS03 Method=GET Path=/api/v1/role/ SpendTime="0 ms" StatusCode=200 UserAgent=axios/1.6.5
time="2024-01-31 23:21:11" level=info func=new_demo/middleware.Logger.func1 file="F:/new_demo/middleware/logger.go:86" ClientIp="::1" DataSize=302 HostName=DESKTOP-HIPHS03 Method=GET Path=/api/v1/role/ SpendTime="0 ms" StatusCode=200 UserAgent=axios/1.6.5
time="2024-01-31 23:21:11" level=info func=new_demo/middleware.Logger.func1 file="F:/new_demo/middleware/logger.go:86" ClientIp="::1" DataSize=302 HostName=DESKTOP-HIPHS03 Method=GET Path=/api/v1/role/ SpendTime="0 ms" StatusCode=200 UserAgent=axios/1.6.5
time="2024-01-31 23:21:11" level=info func=new_demo/middleware.Logger.func1 file="F:/new_demo/middleware/logger.go:86" ClientIp="::1" DataSize=302 HostName=DESKTOP-HIPHS03 Method=GET Path=/api/v1/role/ SpendTime="0 ms" StatusCode=200 UserAgent=axios/1.6.5
time="2024-01-31 23:21:11" level=info func=new_demo/middleware.Logger.func1 file="F:/new_demo/middleware/logger.go:86" ClientIp="::1" DataSize=302 HostName=DESKTOP-HIPHS03 Method=GET Path=/api/v1/role/ SpendTime="0 ms" StatusCode=200 UserAgent=axios/1.6.5
time="2024-01-31 23:21:11" level=info func=new_demo/middleware.Logger.func1 file="F:/new_demo/middleware/logger.go:86" ClientIp="::1" DataSize=302 HostName=DESKTOP-HIPHS03 Method=GET Path=/api/v1/role/ SpendTime="0 ms" StatusCode=200 UserAgent=axios/1.6.5
time="2024-01-31 23:23:11" level=info func=new_demo/middleware.Logger.func1 file="F:/new_demo/middleware/logger.go:86" ClientIp="::1" DataSize=302 HostName=DESKTOP-HIPHS03 Method=GET Path=/api/v1/role/ SpendTime="0 ms" StatusCode=200 UserAgent=axios/1.6.5
time="2024-01-31 23:23:11" level=info func=new_demo/middleware.Logger.func1 file="F:/new_demo/middleware/logger.go:86" ClientIp="::1" DataSize=302 HostName=DESKTOP-HIPHS03 Method=GET Path=/api/v1/role/ SpendTime="0 ms" StatusCode=200 UserAgent=axios/1.6.5
time="2024-01-31 23:23:11" level=info func=new_demo/middleware.Logger.func1 file="F:/new_demo/middleware/logger.go:86" ClientIp="::1" DataSize=302 HostName=DESKTOP-HIPHS03 Method=GET Path=/api/v1/role/ SpendTime="0 ms" StatusCode=200 UserAgent=axios/1.6.5
time="2024-01-31 23:23:11" level=info func=new_demo/middleware.Logger.func1 file="F:/new_demo/middleware/logger.go:86" ClientIp="::1" DataSize=302 HostName=DESKTOP-HIPHS03 Method=GET Path=/api/v1/role/ SpendTime="1 ms" StatusCode=200 UserAgent=axios/1.6.5
time="2024-01-31 23:23:11" level=info func=new_demo/middleware.Logger.func1 file="F:/new_demo/middleware/logger.go:86" ClientIp="::1" DataSize=302 HostName=DESKTOP-HIPHS03 Method=GET Path=/api/v1/role/ SpendTime="0 ms" StatusCode=200 UserAgent=axios/1.6.5
time="2024-01-31 23:23:11" level=info func=new_demo/middleware.Logger.func1 file="F:/new_demo/middleware/logger.go:86" ClientIp="::1" DataSize=302 HostName=DESKTOP-HIPHS03 Method=GET Path=/api/v1/role/ SpendTime="0 ms" StatusCode=200 UserAgent=axios/1.6.5
time="2024-01-31 23:23:11" level=info func=new_demo/middleware.Logger.func1 file="F:/new_demo/middleware/logger.go:86" ClientIp="::1" DataSize=302 HostName=DESKTOP-HIPHS03 Method=GET Path=/api/v1/role/ SpendTime="0 ms" StatusCode=200 UserAgent=axios/1.6.5
time="2024-01-31 23:23:11" level=info func=new_demo/middleware.Logger.func1 file="F:/new_demo/middleware/logger.go:86" ClientIp="::1" DataSize=302 HostName=DESKTOP-HIPHS03 Method=GET Path=/api/v1/role/ SpendTime="0 ms" StatusCode=200 UserAgent=axios/1.6.5
time="2024-01-31 23:26:11" level=info func=new_demo/middleware.Logger.func1 file="F:/new_demo/middleware/logger.go:86" ClientIp="::1" DataSize=302 HostName=DESKTOP-HIPHS03 Method=GET Path=/api/v1/role/ SpendTime="0 ms" StatusCode=200 UserAgent=axios/1.6.5
time="2024-01-31 23:26:11" level=info func=new_demo/middleware.Logger.func1 file="F:/new_demo/middleware/logger.go:86" ClientIp="::1" DataSize=302 HostName=DESKTOP-HIPHS03 Method=GET Path=/api/v1/role/ SpendTime="0 ms" StatusCode=200 UserAgent=axios/1.6.5
time="2024-01-31 23:26:11" level=info func=new_demo/middleware.Logger.func1 file="F:/new_demo/middleware/logger.go:86" ClientIp="::1" DataSize=302 HostName=DESKTOP-HIPHS03 Method=GET Path=/api/v1/role/ SpendTime="0 ms" StatusCode=200 UserAgent=axios/1.6.5
time="2024-01-31 23:26:11" level=info func=new_demo/middleware.Logger.func1 file="F:/new_demo/middleware/logger.go:86" ClientIp="::1" DataSize=302 HostName=DESKTOP-HIPHS03 Method=GET Path=/api/v1/role/ SpendTime="0 ms" StatusCode=200 UserAgent=axios/1.6.5
time="2024-01-31 23:26:11" level=info func=new_demo/middleware.Logger.func1 file="F:/new_demo/middleware/logger.go:86" ClientIp="::1" DataSize=302 HostName=DESKTOP-HIPHS03 Method=GET Path=/api/v1/role/ SpendTime="0 ms" StatusCode=200 UserAgent=axios/1.6.5
time="2024-01-31 23:27:11" level=info func=new_demo/middleware.Logger.func1 file="F:/new_demo/middleware/logger.go:86" ClientIp="::1" DataSize=302 HostName=DESKTOP-HIPHS03 Method=GET Path=/api/v1/role/ SpendTime="0 ms" StatusCode=200 UserAgent=axios/1.6.5
time="2024-01-31 23:27:11" level=info func=new_demo/middleware.Logger.func1 file="F:/new_demo/middleware/logger.go:86" ClientIp="::1" DataSize=302 HostName=DESKTOP-HIPHS03 Method=GET Path=/api/v1/role/ SpendTime="0 ms" StatusCode=200 UserAgent=axios/1.6.5
time="2024-01-31 23:27:11" level=info func=new_demo/middleware.Logger.func1 file="F:/new_demo/middleware/logger.go:86" ClientIp="::1" DataSize=302 HostName=DESKTOP-HIPHS03 Method=GET Path=/api/v1/role/ SpendTime="0 ms" StatusCode=200 UserAgent=axios/1.6.5
time="2024-01-31 23:27:11" level=info func=new_demo/middleware.Logger.func1 file="F:/new_demo/middleware/logger.go:86" ClientIp="::1" DataSize=302 HostName=DESKTOP-HIPHS03 Method=GET Path=/api/v1/role/ SpendTime="0 ms" StatusCode=200 UserAgent=axios/1.6.5
time="2024-01-31 23:27:11" level=info func=new_demo/middleware.Logger.func1 file="F:/new_demo/middleware/logger.go:86" ClientIp="::1" DataSize=302 HostName=DESKTOP-HIPHS03 Method=GET Path=/api/v1/role/ SpendTime="0 ms" StatusCode=200 UserAgent=axios/1.6.5
time="2024-01-31 23:27:11" level=info func=new_demo/middleware.Logger.func1 file="F:/new_demo/middleware/logger.go:86" ClientIp="::1" DataSize=302 HostName=DESKTOP-HIPHS03 Method=GET Path=/api/v1/role/ SpendTime="0 ms" StatusCode=200 UserAgent=axios/1.6.5
time="2024-01-31 23:27:11" level=info func=new_demo/middleware.Logger.func1 file="F:/new_demo/middleware/logger.go:86" ClientIp="::1" DataSize=302 HostName=DESKTOP-HIPHS03 Method=GET Path=/api/v1/role/ SpendTime="0 ms" StatusCode=200 UserAgent=axios/1.6.5
time="2024-01-31 23:28:11" level=info func=new_demo/middleware.Logger.func1 file="F:/new_demo/middleware/logger.go:86" ClientIp="::1" DataSize=302 HostName=DESKTOP-HIPHS03 Method=GET Path=/api/v1/role/ SpendTime="0 ms" StatusCode=200 UserAgent=axios/1.6.5
time="2024-01-31 23:28:11" level=info func=new_demo/middleware.Logger.func1 file="F:/new_demo/middleware/logger.go:86" ClientIp="::1" DataSize=302 HostName=DESKTOP-HIPHS03 Method=GET Path=/api/v1/role/ SpendTime="0 ms" StatusCode=200 UserAgent=axios/1.6.5
time="2024-01-31 23:29:11" level=info func=new_demo/middleware.Logger.func1 file="F:/new_demo/middleware/logger.go:86" ClientIp="::1" DataSize=302 HostName=DESKTOP-HIPHS03 Method=GET Path=/api/v1/role/ SpendTime="0 ms" StatusCode=200 UserAgent=axios/1.6.5
time="2024-01-31 23:33:11" level=info func=new_demo/middleware.Logger.func1 file="F:/new_demo/middleware/logger.go:86" ClientIp="::1" DataSize=302 HostName=DESKTOP-HIPHS03 Method=GET Path=/api/v1/role/ SpendTime="0 ms" StatusCode=200 UserAgent=axios/1.6.5
time="2024-01-31 23:33:11" level=info func=new_demo/middleware.Logger.func1 file="F:/new_demo/middleware/logger.go:86" ClientIp="::1" DataSize=302 HostName=DESKTOP-HIPHS03 Method=GET Path=/api/v1/role/ SpendTime="0 ms" StatusCode=200 UserAgent=axios/1.6.5
time="2024-01-31 23:33:11" level=info func=new_demo/middleware.Logger.func1 file="F:/new_demo/middleware/logger.go:86" ClientIp="::1" DataSize=302 HostName=DESKTOP-HIPHS03 Method=GET Path=/api/v1/role/ SpendTime="0 ms" StatusCode=200 UserAgent=axios/1.6.5
time="2024-01-31 23:33:11" level=info func=new_demo/middleware.Logger.func1 file="F:/new_demo/middleware/logger.go:86" ClientIp="::1" DataSize=302 HostName=DESKTOP-HIPHS03 Method=GET Path=/api/v1/role/ SpendTime="0 ms" StatusCode=200 UserAgent=axios/1.6.5
time="2024-01-31 23:33:11" level=info func=new_demo/middleware.Logger.func1 file="F:/new_demo/middleware/logger.go:86" ClientIp="::1" DataSize=302 HostName=DESKTOP-HIPHS03 Method=GET Path=/api/v1/role/ SpendTime="0 ms" StatusCode=200 UserAgent=axios/1.6.5
time="2024-01-31 23:33:11" level=info func=new_demo/middleware.Logger.func1 file="F:/new_demo/middleware/logger.go:86" ClientIp="::1" DataSize=302 HostName=DESKTOP-HIPHS03 Method=GET Path=/api/v1/role/ SpendTime="0 ms" StatusCode=200 UserAgent=axios/1.6.5
time="2024-01-31 23:33:11" level=info func=new_demo/middleware.Logger.func1 file="F:/new_demo/middleware/logger.go:86" ClientIp="::1" DataSize=302 HostName=DESKTOP-HIPHS03 Method=GET Path=/api/v1/role/ SpendTime="0 ms" StatusCode=200 UserAgent=axios/1.6.5
time="2024-01-31 23:33:11" level=info func=new_demo/middleware.Logger.func1 file="F:/new_demo/middleware/logger.go:86" ClientIp="::1" DataSize=302 HostName=DESKTOP-HIPHS03 Method=GET Path=/api/v1/role/ SpendTime="0 ms" StatusCode=200 UserAgent=axios/1.6.5
time="2024-01-31 23:42:11" level=info func=new_demo/middleware.Logger.func1 file="F:/new_demo/middleware/logger.go:86" ClientIp="::1" DataSize=408 HostName=DESKTOP-HIPHS03 Method=GET Path=/api/v1/category/cateArtCount SpendTime="1 ms" StatusCode=200 UserAgent=axios/1.6.5
time="2024-01-31 23:42:11" level=info func=new_demo/middleware.Logger.func1 file="F:/new_demo/middleware/logger.go:86" ClientIp="::1" DataSize=302 HostName=DESKTOP-HIPHS03 Method=GET Path=/api/v1/role/ SpendTime="0 ms" StatusCode=200 UserAgent=axios/1.6.5
time="2024-01-31 23:42:11" level=info func=new_demo/middleware.Logger.func1 file="F:/new_demo/middleware/logger.go:86" ClientIp="::1" DataSize=302 HostName=DESKTOP-HIPHS03 Method=GET Path=/api/v1/role/ SpendTime="0 ms" StatusCode=200 UserAgent=axios/1.6.5
time="2024-01-31 23:43:11" level=info func=new_demo/middleware.Logger.func1 file="F:/new_demo/middleware/logger.go:86" ClientIp="::1" DataSize=302 HostName=DESKTOP-HIPHS03 Method=GET Path=/api/v1/role/ SpendTime="0 ms" StatusCode=200 UserAgent=axios/1.6.5
time="2024-01-31 23:43:11" level=info func=new_demo/middleware.Logger.func1 file="F:/new_demo/middleware/logger.go:86" ClientIp="::1" DataSize=302 HostName=DESKTOP-HIPHS03 Method=GET Path=/api/v1/role/ SpendTime="0 ms" StatusCode=200 UserAgent=axios/1.6.5
time="2024-01-31 23:44:11" level=info func=new_demo/middleware.Logger.func1 file="F:/new_demo/middleware/logger.go:86" ClientIp="::1" DataSize=302 HostName=DESKTOP-HIPHS03 Method=GET Path=/api/v1/role/ SpendTime="0 ms" StatusCode=200 UserAgent=axios/1.6.5
time="2024-01-31 23:44:11" level=info func=new_demo/middleware.Logger.func1 file="F:/new_demo/middleware/logger.go:86" ClientIp="::1" DataSize=302 HostName=DESKTOP-HIPHS03 Method=GET Path=/api/v1/role/ SpendTime="0 ms" StatusCode=200 UserAgent=axios/1.6.5
time="2024-01-31 23:45:11" level=info func=new_demo/middleware.Logger.func1 file="F:/new_demo/middleware/logger.go:86" ClientIp="::1" DataSize=302 HostName=DESKTOP-HIPHS03 Method=GET Path=/api/v1/role/ SpendTime="0 ms" StatusCode=200 UserAgent=axios/1.6.5
time="2024-01-31 23:45:11" level=info func=new_demo/middleware.Logger.func1 file="F:/new_demo/middleware/logger.go:86" ClientIp="::1" DataSize=39 HostName=DESKTOP-HIPHS03 Method=GET Path=/api/v1/access/module SpendTime="4 ms" StatusCode=200 UserAgent=axios/1.6.5
time="2024-01-31 23:45:11" level=info func=new_demo/middleware.Logger.func1 file="F:/new_demo/middleware/logger.go:86" ClientIp="::1" DataSize=302 HostName=DESKTOP-HIPHS03 Method=GET Path=/api/v1/role/ SpendTime="0 ms" StatusCode=200 UserAgent=axios/1.6.5
time="2024-01-31 23:47:11" level=info func=new_demo/middleware.Logger.func1 file="F:/new_demo/middleware/logger.go:86" ClientIp="::1" DataSize=302 HostName=DESKTOP-HIPHS03 Method=GET Path=/api/v1/role/ SpendTime="0 ms" StatusCode=200 UserAgent=axios/1.6.5
time="2024-01-31 23:48:11" level=info func=new_demo/middleware.Logger.func1 file="F:/new_demo/middleware/logger.go:86" ClientIp="::1" DataSize=302 HostName=DESKTOP-HIPHS03 Method=GET Path=/api/v1/role/ SpendTime="0 ms" StatusCode=200 UserAgent=axios/1.6.5
time="2024-01-31 23:48:11" level=info func=new_demo/middleware.Logger.func1 file="F:/new_demo/middleware/logger.go:86" ClientIp="::1" DataSize=302 HostName=DESKTOP-HIPHS03 Method=GET Path=/api/v1/role/ SpendTime="0 ms" StatusCode=200 UserAgent=axios/1.6.5
time="2024-01-31 23:48:11" level=info func=new_demo/middleware.Logger.func1 file="F:/new_demo/middleware/logger.go:86" ClientIp="::1" DataSize=302 HostName=DESKTOP-HIPHS03 Method=GET Path=/api/v1/role/ SpendTime="0 ms" StatusCode=200 UserAgent=axios/1.6.5
time="2024-01-31 23:48:11" level=info func=new_demo/middleware.Logger.func1 file="F:/new_demo/middleware/logger.go:86" ClientIp="::1" DataSize=302 HostName=DESKTOP-HIPHS03 Method=GET Path=/api/v1/role/ SpendTime="0 ms" StatusCode=200 UserAgent=axios/1.6.5
