time="2024-01-28 18:42:06" level=info func=new_demo/middleware.Logger.func1 file="F:/new_demo/middleware/logger.go:86" ClientIp="::1" DataSize=187 HostName=DESKTOP-HIPHS03 Method=POST Path=/login SpendTime="21 ms" StatusCode=200 UserAgent=axios/1.6.5
time="2024-01-28 18:42:06" level=info func=new_demo/middleware.Logger.func1 file="F:/new_demo/middleware/logger.go:86" ClientIp="::1" DataSize=37 HostName=DESKTOP-HIPHS03 Method=GET Path=/api/v1/article/cateArt SpendTime="2 ms" StatusCode=200 UserAgent=axios/1.6.5
time="2024-01-28 18:42:06" level=info func=new_demo/middleware.Logger.func1 file="F:/new_demo/middleware/logger.go:86" ClientIp="::1" DataSize=37 HostName=DESKTOP-HIPHS03 Method=GET Path=/api/v1/article/cateArt SpendTime="0 ms" StatusCode=200 UserAgent=axios/1.6.5
time="2024-01-28 18:42:06" level=info func=new_demo/middleware.Logger.func1 file="F:/new_demo/middleware/logger.go:86" ClientIp="::1" DataSize=3506 HostName=DESKTOP-HIPHS03 Method=GET Path=/api/v1/article/detail SpendTime="3 ms" StatusCode=200 UserAgent=axios/1.6.5
time="2024-01-28 18:42:06" level=info func=new_demo/middleware.Logger.func1 file="F:/new_demo/middleware/logger.go:86" ClientIp="::1" DataSize=1967 HostName=DESKTOP-HIPHS03 Method=GET Path="/api/v1/article/detail?pageSize=6&pageNum=1" SpendTime="0 ms" StatusCode=200 UserAgent=axios/1.6.5
time="2024-01-28 18:42:06" level=info func=new_demo/middleware.Logger.func1 file="F:/new_demo/middleware/logger.go:86" ClientIp="::1" DataSize=424 HostName=DESKTOP-HIPHS03 Method=GET Path=/api/v1/category/detail SpendTime="0 ms" StatusCode=200 UserAgent=axios/1.6.5
time="2024-01-28 18:42:06" level=info func=new_demo/middleware.Logger.func1 file="F:/new_demo/middleware/logger.go:86" ClientIp="::1" DataSize=37 HostName=DESKTOP-HIPHS03 Method=GET Path=/api/v1/article/cateArt SpendTime="0 ms" StatusCode=200 UserAgent=axios/1.6.5
time="2024-01-28 18:42:06" level=info func=new_demo/middleware.Logger.func1 file="F:/new_demo/middleware/logger.go:86" ClientIp="::1" DataSize=37 HostName=DESKTOP-HIPHS03 Method=GET Path=/api/v1/article/cateArt SpendTime="0 ms" StatusCode=200 UserAgent=axios/1.6.5
time="2024-01-28 18:42:06" level=info func=new_demo/middleware.Logger.func1 file="F:/new_demo/middleware/logger.go:86" ClientIp="::1" DataSize=3506 HostName=DESKTOP-HIPHS03 Method=GET Path=/api/v1/article/detail SpendTime="1 ms" StatusCode=200 UserAgent=axios/1.6.5
time="2024-01-28 18:42:06" level=info func=new_demo/middleware.Logger.func1 file="F:/new_demo/middleware/logger.go:86" ClientIp="::1" DataSize=1967 HostName=DESKTOP-HIPHS03 Method=GET Path="/api/v1/article/detail?pageSize=6&pageNum=1" SpendTime="1 ms" StatusCode=200 UserAgent=axios/1.6.5
time="2024-01-28 18:42:06" level=info func=new_demo/middleware.Logger.func1 file="F:/new_demo/middleware/logger.go:86" ClientIp="::1" DataSize=424 HostName=DESKTOP-HIPHS03 Method=GET Path=/api/v1/category/detail SpendTime="0 ms" StatusCode=200 UserAgent=axios/1.6.5
time="2024-01-28 18:42:06" level=info func=new_demo/middleware.Logger.func1 file="F:/new_demo/middleware/logger.go:86" ClientIp="::1" DataSize=302 HostName=DESKTOP-HIPHS03 Method=GET Path=/api/v1/role/ SpendTime="2 ms" StatusCode=200 UserAgent=axios/1.6.5
time="2024-01-28 18:42:06" level=info func=new_demo/middleware.Logger.func1 file="F:/new_demo/middleware/logger.go:86" ClientIp="::1" DataSize=302 HostName=DESKTOP-HIPHS03 Method=GET Path=/api/v1/role/ SpendTime="0 ms" StatusCode=200 UserAgent=axios/1.6.5
time="2024-01-28 18:42:06" level=info func=new_demo/middleware.Logger.func1 file="F:/new_demo/middleware/logger.go:86" ClientIp="::1" DataSize=302 HostName=DESKTOP-HIPHS03 Method=GET Path=/api/v1/role/ SpendTime="0 ms" StatusCode=200 UserAgent=axios/1.6.5
time="2024-01-28 18:44:06" level=info func=new_demo/middleware.Logger.func1 file="F:/new_demo/middleware/logger.go:86" ClientIp="::1" DataSize=302 HostName=DESKTOP-HIPHS03 Method=GET Path=/api/v1/role/ SpendTime="0 ms" StatusCode=200 UserAgent=axios/1.6.5
time="2024-01-28 18:44:06" level=info func=new_demo/middleware.Logger.func1 file="F:/new_demo/middleware/logger.go:86" ClientIp="::1" DataSize=302 HostName=DESKTOP-HIPHS03 Method=GET Path=/api/v1/role/ SpendTime="0 ms" StatusCode=200 UserAgent=axios/1.6.5
time="2024-01-28 18:45:06" level=info func=new_demo/middleware.Logger.func1 file="F:/new_demo/middleware/logger.go:86" ClientIp="::1" DataSize=302 HostName=DESKTOP-HIPHS03 Method=GET Path=/api/v1/role/ SpendTime="0 ms" StatusCode=200 UserAgent=axios/1.6.5
time="2024-01-28 18:45:06" level=info func=new_demo/middleware.Logger.func1 file="F:/new_demo/middleware/logger.go:86" ClientIp="::1" DataSize=302 HostName=DESKTOP-HIPHS03 Method=GET Path=/api/v1/role/ SpendTime="0 ms" StatusCode=200 UserAgent=axios/1.6.5
time="2024-01-28 18:45:06" level=info func=new_demo/middleware.Logger.func1 file="F:/new_demo/middleware/logger.go:86" ClientIp="::1" DataSize=302 HostName=DESKTOP-HIPHS03 Method=GET Path=/api/v1/role/ SpendTime="0 ms" StatusCode=200 UserAgent=axios/1.6.5
time="2024-01-28 18:45:06" level=info func=new_demo/middleware.Logger.func1 file="F:/new_demo/middleware/logger.go:86" ClientIp="::1" DataSize=302 HostName=DESKTOP-HIPHS03 Method=GET Path=/api/v1/role/ SpendTime="2 ms" StatusCode=200 UserAgent=axios/1.6.5
time="2024-01-28 18:45:06" level=info func=new_demo/middleware.Logger.func1 file="F:/new_demo/middleware/logger.go:86" ClientIp="::1" DataSize=774 HostName=DESKTOP-HIPHS03 Method=GET Path=/api/v1/manager/ SpendTime="0 ms" StatusCode=200 UserAgent=axios/1.6.5
time="2024-01-28 18:46:06" level=info func=new_demo/middleware.Logger.func1 file="F:/new_demo/middleware/logger.go:86" ClientIp="::1" DataSize=774 HostName=DESKTOP-HIPHS03 Method=GET Path=/api/v1/manager/ SpendTime="1 ms" StatusCode=200 UserAgent=axios/1.6.5
time="2024-01-28 18:47:06" level=info func=new_demo/middleware.Logger.func1 file="F:/new_demo/middleware/logger.go:86" ClientIp="::1" DataSize=774 HostName=DESKTOP-HIPHS03 Method=GET Path=/api/v1/manager/ SpendTime="1 ms" StatusCode=200 UserAgent=axios/1.6.5
time="2024-01-28 18:57:06" level=info func=new_demo/middleware.Logger.func1 file="F:/new_demo/middleware/logger.go:86" ClientIp="::1" DataSize=734 HostName=DESKTOP-HIPHS03 Method=GET Path=/api/v1/manager/ SpendTime="30 ms" StatusCode=200 UserAgent=axios/1.6.5
time="2024-01-28 18:58:06" level=info func=new_demo/middleware.Logger.func1 file="F:/new_demo/middleware/logger.go:86" ClientIp="::1" DataSize=734 HostName=DESKTOP-HIPHS03 Method=GET Path=/api/v1/manager/ SpendTime="0 ms" StatusCode=200 UserAgent=axios/1.6.5
time="2024-01-28 20:17:08" level=info func=new_demo/middleware.Logger.func1 file="F:/new_demo/middleware/logger.go:86" ClientIp="::1" DataSize=302 HostName=DESKTOP-HIPHS03 Method=GET Path=/api/v1/role/ SpendTime="1 ms" StatusCode=200 UserAgent=axios/1.6.5
time="2024-01-28 20:17:08" level=info func=new_demo/middleware.Logger.func1 file="F:/new_demo/middleware/logger.go:86" ClientIp="::1" DataSize=302 HostName=DESKTOP-HIPHS03 Method=GET Path=/api/v1/role/ SpendTime="0 ms" StatusCode=200 UserAgent=axios/1.6.5
time="2024-01-28 20:17:08" level=info func=new_demo/middleware.Logger.func1 file="F:/new_demo/middleware/logger.go:86" ClientIp="::1" DataSize=302 HostName=DESKTOP-HIPHS03 Method=GET Path=/api/v1/role/ SpendTime="0 ms" StatusCode=200 UserAgent=axios/1.6.5
time="2024-01-28 20:17:08" level=info func=new_demo/middleware.Logger.func1 file="F:/new_demo/middleware/logger.go:86" ClientIp="::1" DataSize=302 HostName=DESKTOP-HIPHS03 Method=GET Path=/api/v1/role/ SpendTime="0 ms" StatusCode=200 UserAgent=axios/1.6.5
time="2024-01-28 20:19:08" level=info func=new_demo/middleware.Logger.func1 file="F:/new_demo/middleware/logger.go:86" ClientIp="::1" DataSize=302 HostName=DESKTOP-HIPHS03 Method=GET Path=/api/v1/role/ SpendTime="1 ms" StatusCode=200 UserAgent=axios/1.6.5
time="2024-01-28 20:20:08" level=info func=new_demo/middleware.Logger.func1 file="F:/new_demo/middleware/logger.go:86" ClientIp="::1" DataSize=302 HostName=DESKTOP-HIPHS03 Method=GET Path=/api/v1/role/ SpendTime="0 ms" StatusCode=200 UserAgent=axios/1.6.5
time="2024-01-28 20:20:08" level=info func=new_demo/middleware.Logger.func1 file="F:/new_demo/middleware/logger.go:86" ClientIp="::1" DataSize=302 HostName=DESKTOP-HIPHS03 Method=GET Path=/api/v1/role/ SpendTime="0 ms" StatusCode=200 UserAgent=axios/1.6.5
time="2024-01-28 20:20:08" level=info func=new_demo/middleware.Logger.func1 file="F:/new_demo/middleware/logger.go:86" ClientIp="::1" DataSize=302 HostName=DESKTOP-HIPHS03 Method=GET Path=/api/v1/role/ SpendTime="0 ms" StatusCode=200 UserAgent=axios/1.6.5
time="2024-01-28 20:22:08" level=info func=new_demo/middleware.Logger.func1 file="F:/new_demo/middleware/logger.go:86" ClientIp="::1" DataSize=302 HostName=DESKTOP-HIPHS03 Method=GET Path=/api/v1/role/ SpendTime="0 ms" StatusCode=200 UserAgent=axios/1.6.5
time="2024-01-28 20:23:08" level=info func=new_demo/middleware.Logger.func1 file="F:/new_demo/middleware/logger.go:86" ClientIp="::1" DataSize=734 HostName=DESKTOP-HIPHS03 Method=GET Path=/api/v1/manager/ SpendTime="0 ms" StatusCode=200 UserAgent=axios/1.6.5
time="2024-01-28 20:25:08" level=info func=new_demo/middleware.Logger.func1 file="F:/new_demo/middleware/logger.go:86" ClientIp="::1" DataSize=734 HostName=DESKTOP-HIPHS03 Method=GET Path=/api/v1/manager/ SpendTime="1 ms" StatusCode=200 UserAgent=axios/1.6.5
time="2024-01-28 20:25:08" level=info func=new_demo/middleware.Logger.func1 file="F:/new_demo/middleware/logger.go:86" ClientIp="::1" DataSize=302 HostName=DESKTOP-HIPHS03 Method=GET Path=/api/v1/role/ SpendTime="0 ms" StatusCode=200 UserAgent=axios/1.6.5
time="2024-01-28 20:25:08" level=info func=new_demo/middleware.Logger.func1 file="F:/new_demo/middleware/logger.go:86" ClientIp="::1" DataSize=302 HostName=DESKTOP-HIPHS03 Method=GET Path=/api/v1/role/ SpendTime="0 ms" StatusCode=200 UserAgent=axios/1.6.5
time="2024-01-28 20:37:08" level=info func=new_demo/middleware.Logger.func1 file="F:/new_demo/middleware/logger.go:86" ClientIp="::1" DataSize=734 HostName=DESKTOP-HIPHS03 Method=GET Path=/api/v1/manager/ SpendTime="0 ms" StatusCode=200 UserAgent=axios/1.6.5
time="2024-01-28 20:37:08" level=info func=new_demo/middleware.Logger.func1 file="F:/new_demo/middleware/logger.go:86" ClientIp="::1" DataSize=734 HostName=DESKTOP-HIPHS03 Method=GET Path=/api/v1/manager/ SpendTime="0 ms" StatusCode=200 UserAgent=axios/1.6.5
time="2024-01-28 20:38:08" level=info func=new_demo/middleware.Logger.func1 file="F:/new_demo/middleware/logger.go:86" ClientIp="::1" DataSize=734 HostName=DESKTOP-HIPHS03 Method=GET Path=/api/v1/manager/ SpendTime="0 ms" StatusCode=200 UserAgent=axios/1.6.5
time="2024-01-28 20:38:08" level=info func=new_demo/middleware.Logger.func1 file="F:/new_demo/middleware/logger.go:86" ClientIp="::1" DataSize=734 HostName=DESKTOP-HIPHS03 Method=GET Path=/api/v1/manager/ SpendTime="0 ms" StatusCode=200 UserAgent=axios/1.6.5
time="2024-01-28 20:38:08" level=info func=new_demo/middleware.Logger.func1 file="F:/new_demo/middleware/logger.go:86" ClientIp="::1" DataSize=734 HostName=DESKTOP-HIPHS03 Method=GET Path=/api/v1/manager/ SpendTime="0 ms" StatusCode=200 UserAgent=axios/1.6.5
time="2024-01-28 20:38:08" level=info func=new_demo/middleware.Logger.func1 file="F:/new_demo/middleware/logger.go:86" ClientIp="::1" DataSize=734 HostName=DESKTOP-HIPHS03 Method=GET Path=/api/v1/manager/ SpendTime="0 ms" StatusCode=200 UserAgent=axios/1.6.5
time="2024-01-28 20:38:08" level=info func=new_demo/middleware.Logger.func1 file="F:/new_demo/middleware/logger.go:86" ClientIp="::1" DataSize=734 HostName=DESKTOP-HIPHS03 Method=GET Path=/api/v1/manager/ SpendTime="0 ms" StatusCode=200 UserAgent=axios/1.6.5
time="2024-01-28 20:53:08" level=info func=new_demo/middleware.Logger.func1 file="F:/new_demo/middleware/logger.go:86" ClientIp="::1" DataSize=734 HostName=DESKTOP-HIPHS03 Method=GET Path=/api/v1/manager/ SpendTime="1 ms" StatusCode=200 UserAgent=axios/1.6.5
time="2024-01-28 20:56:08" level=info func=new_demo/middleware.Logger.func1 file="F:/new_demo/middleware/logger.go:86" ClientIp="::1" DataSize=734 HostName=DESKTOP-HIPHS03 Method=GET Path=/api/v1/manager/ SpendTime="1 ms" StatusCode=200 UserAgent=axios/1.6.5
time="2024-01-28 20:56:08" level=info func=new_demo/middleware.Logger.func1 file="F:/new_demo/middleware/logger.go:86" ClientIp="::1" DataSize=734 HostName=DESKTOP-HIPHS03 Method=GET Path=/api/v1/manager/ SpendTime="0 ms" StatusCode=200 UserAgent=axios/1.6.5
time="2024-01-28 20:56:08" level=info func=new_demo/middleware.Logger.func1 file="F:/new_demo/middleware/logger.go:86" ClientIp="::1" DataSize=734 HostName=DESKTOP-HIPHS03 Method=GET Path=/api/v1/manager/ SpendTime="0 ms" StatusCode=200 UserAgent=axios/1.6.5
time="2024-01-28 20:57:08" level=info func=new_demo/middleware.Logger.func1 file="F:/new_demo/middleware/logger.go:86" ClientIp="::1" DataSize=734 HostName=DESKTOP-HIPHS03 Method=GET Path=/api/v1/manager/ SpendTime="1 ms" StatusCode=200 UserAgent=axios/1.6.5
time="2024-01-28 20:59:08" level=info func=new_demo/middleware.Logger.func1 file="F:/new_demo/middleware/logger.go:86" ClientIp="::1" DataSize=734 HostName=DESKTOP-HIPHS03 Method=GET Path=/api/v1/manager/ SpendTime="1 ms" StatusCode=200 UserAgent=axios/1.6.5
time="2024-01-28 20:59:08" level=info func=new_demo/middleware.Logger.func1 file="F:/new_demo/middleware/logger.go:86" ClientIp="::1" DataSize=734 HostName=DESKTOP-HIPHS03 Method=GET Path=/api/v1/manager/ SpendTime="1 ms" StatusCode=200 UserAgent=axios/1.6.5
time="2024-01-28 20:59:08" level=info func=new_demo/middleware.Logger.func1 file="F:/new_demo/middleware/logger.go:86" ClientIp="::1" DataSize=734 HostName=DESKTOP-HIPHS03 Method=GET Path=/api/v1/manager/ SpendTime="0 ms" StatusCode=200 UserAgent=axios/1.6.5
time="2024-01-28 20:59:08" level=info func=new_demo/middleware.Logger.func1 file="F:/new_demo/middleware/logger.go:86" ClientIp="::1" DataSize=734 HostName=DESKTOP-HIPHS03 Method=GET Path=/api/v1/manager/ SpendTime="0 ms" StatusCode=200 UserAgent=axios/1.6.5
time="2024-01-28 21:00:09" level=info func=new_demo/middleware.Logger.func1 file="F:/new_demo/middleware/logger.go:86" ClientIp="::1" DataSize=734 HostName=DESKTOP-HIPHS03 Method=GET Path=/api/v1/manager/ SpendTime="1 ms" StatusCode=200 UserAgent=axios/1.6.5
time="2024-01-28 21:00:09" level=info func=new_demo/middleware.Logger.func1 file="F:/new_demo/middleware/logger.go:86" ClientIp="::1" DataSize=302 HostName=DESKTOP-HIPHS03 Method=GET Path=/api/v1/role/ SpendTime="0 ms" StatusCode=200 UserAgent=axios/1.6.5
time="2024-01-28 21:00:09" level=info func=new_demo/middleware.Logger.func1 file="F:/new_demo/middleware/logger.go:86" ClientIp="::1" DataSize=302 HostName=DESKTOP-HIPHS03 Method=GET Path=/api/v1/role/ SpendTime="0 ms" StatusCode=200 UserAgent=axios/1.6.5
time="2024-01-28 21:01:09" level=info func=new_demo/middleware.Logger.func1 file="F:/new_demo/middleware/logger.go:86" ClientIp="::1" DataSize=734 HostName=DESKTOP-HIPHS03 Method=GET Path=/api/v1/manager/ SpendTime="0 ms" StatusCode=200 UserAgent=axios/1.6.5
time="2024-01-28 21:03:09" level=info func=new_demo/middleware.Logger.func1 file="F:/new_demo/middleware/logger.go:86" ClientIp="::1" DataSize=734 HostName=DESKTOP-HIPHS03 Method=GET Path=/api/v1/manager/ SpendTime="0 ms" StatusCode=200 UserAgent=axios/1.6.5
time="2024-01-28 21:03:09" level=info func=new_demo/middleware.Logger.func1 file="F:/new_demo/middleware/logger.go:86" ClientIp="::1" DataSize=734 HostName=DESKTOP-HIPHS03 Method=GET Path=/api/v1/manager/ SpendTime="1 ms" StatusCode=200 UserAgent=axios/1.6.5
time="2024-01-28 21:09:09" level=info func=new_demo/middleware.Logger.func1 file="F:/new_demo/middleware/logger.go:86" ClientIp="::1" DataSize=302 HostName=DESKTOP-HIPHS03 Method=GET Path=/api/v1/role/ SpendTime="16 ms" StatusCode=200 UserAgent=axios/1.6.5
time="2024-01-28 21:10:09" level=info func=new_demo/middleware.Logger.func1 file="F:/new_demo/middleware/logger.go:86" ClientIp="::1" DataSize=313 HostName=DESKTOP-HIPHS03 Method=POST Path=/api/v1/manager/ SpendTime="2 ms" StatusCode=200 UserAgent=axios/1.6.5
time="2024-01-28 21:10:09" level=info func=new_demo/middleware.Logger.func1 file="F:/new_demo/middleware/logger.go:86" ClientIp="::1" DataSize=1026 HostName=DESKTOP-HIPHS03 Method=GET Path=/api/v1/manager/ SpendTime="0 ms" StatusCode=200 UserAgent=axios/1.6.5
time="2024-01-28 21:10:09" level=info func=new_demo/middleware.Logger.func1 file="F:/new_demo/middleware/logger.go:86" ClientIp="::1" DataSize=1026 HostName=DESKTOP-HIPHS03 Method=GET Path=/api/v1/manager/ SpendTime="0 ms" StatusCode=200 UserAgent=axios/1.6.5
time="2024-01-28 21:11:09" level=info func=new_demo/middleware.Logger.func1 file="F:/new_demo/middleware/logger.go:86" ClientIp="::1" DataSize=1026 HostName=DESKTOP-HIPHS03 Method=GET Path=/api/v1/manager/ SpendTime="1 ms" StatusCode=200 UserAgent=axios/1.6.5
time="2024-01-28 21:11:09" level=info func=new_demo/middleware.Logger.func1 file="F:/new_demo/middleware/logger.go:86" ClientIp="::1" DataSize=1026 HostName=DESKTOP-HIPHS03 Method=GET Path=/api/v1/manager/ SpendTime="1 ms" StatusCode=200 UserAgent=axios/1.6.5
time="2024-01-28 21:11:09" level=info func=new_demo/middleware.Logger.func1 file="F:/new_demo/middleware/logger.go:86" ClientIp="::1" DataSize=1026 HostName=DESKTOP-HIPHS03 Method=GET Path=/api/v1/manager/ SpendTime="6 ms" StatusCode=200 UserAgent=axios/1.6.5
time="2024-01-28 21:16:09" level=info func=new_demo/middleware.Logger.func1 file="F:/new_demo/middleware/logger.go:86" ClientIp="::1" DataSize=302 HostName=DESKTOP-HIPHS03 Method=GET Path=/api/v1/role/ SpendTime="18 ms" StatusCode=200 UserAgent=axios/1.6.5
time="2024-01-28 21:17:09" level=info func=new_demo/middleware.Logger.func1 file="F:/new_demo/middleware/logger.go:86" ClientIp="::1" DataSize=317 HostName=DESKTOP-HIPHS03 Method=POST Path=/api/v1/manager/ SpendTime="2 ms" StatusCode=200 UserAgent=axios/1.6.5
time="2024-01-28 21:17:09" level=info func=new_demo/middleware.Logger.func1 file="F:/new_demo/middleware/logger.go:86" ClientIp="::1" DataSize=1354 HostName=DESKTOP-HIPHS03 Method=GET Path=/api/v1/manager/ SpendTime="1 ms" StatusCode=200 UserAgent=axios/1.6.5
time="2024-01-28 21:17:09" level=info func=new_demo/middleware.Logger.func1 file="F:/new_demo/middleware/logger.go:86" ClientIp="::1" DataSize=1354 HostName=DESKTOP-HIPHS03 Method=GET Path=/api/v1/manager/ SpendTime="0 ms" StatusCode=200 UserAgent=axios/1.6.5
time="2024-01-28 21:31:09" level=info func=new_demo/middleware.Logger.func1 file="F:/new_demo/middleware/logger.go:86" ClientIp="::1" DataSize=302 HostName=DESKTOP-HIPHS03 Method=GET Path=/api/v1/role/ SpendTime="30 ms" StatusCode=200 UserAgent=axios/1.6.5
time="2024-01-28 21:31:09" level=info func=new_demo/middleware.Logger.func1 file="F:/new_demo/middleware/logger.go:86" ClientIp="::1" DataSize=324 HostName=DESKTOP-HIPHS03 Method=POST Path=/api/v1/manager/ SpendTime="2 ms" StatusCode=200 UserAgent=axios/1.6.5
time="2024-01-28 21:31:09" level=info func=new_demo/middleware.Logger.func1 file="F:/new_demo/middleware/logger.go:86" ClientIp="::1" DataSize=1689 HostName=DESKTOP-HIPHS03 Method=GET Path=/api/v1/manager/ SpendTime="1 ms" StatusCode=200 UserAgent=axios/1.6.5
time="2024-01-28 21:31:09" level=info func=new_demo/middleware.Logger.func1 file="F:/new_demo/middleware/logger.go:86" ClientIp="::1" DataSize=1689 HostName=DESKTOP-HIPHS03 Method=GET Path=/api/v1/manager/ SpendTime="0 ms" StatusCode=200 UserAgent=axios/1.6.5
time="2024-01-28 21:36:09" level=info func=new_demo/middleware.Logger.func1 file="F:/new_demo/middleware/logger.go:86" ClientIp="::1" DataSize=1689 HostName=DESKTOP-HIPHS03 Method=GET Path=/api/v1/manager/ SpendTime="0 ms" StatusCode=200 UserAgent=axios/1.6.5
time="2024-01-28 21:38:09" level=info func=new_demo/middleware.Logger.func1 file="F:/new_demo/middleware/logger.go:86" ClientIp="::1" DataSize=1689 HostName=DESKTOP-HIPHS03 Method=GET Path=/api/v1/manager/ SpendTime="37 ms" StatusCode=200 UserAgent=axios/1.6.5
time="2024-01-28 21:38:09" level=info func=new_demo/middleware.Logger.func1 file="F:/new_demo/middleware/logger.go:86" ClientIp="::1" DataSize=1689 HostName=DESKTOP-HIPHS03 Method=GET Path=/api/v1/manager/ SpendTime="1 ms" StatusCode=200 UserAgent=axios/1.6.5
time="2024-01-28 21:39:09" level=info func=new_demo/middleware.Logger.func1 file="F:/new_demo/middleware/logger.go:86" ClientIp="::1" DataSize=1689 HostName=DESKTOP-HIPHS03 Method=GET Path=/api/v1/manager/ SpendTime="0 ms" StatusCode=200 UserAgent=axios/1.6.5
time="2024-01-28 21:39:09" level=info func=new_demo/middleware.Logger.func1 file="F:/new_demo/middleware/logger.go:86" ClientIp="::1" DataSize=1689 HostName=DESKTOP-HIPHS03 Method=GET Path=/api/v1/manager/ SpendTime="5 ms" StatusCode=200 UserAgent=axios/1.6.5
time="2024-01-28 21:41:09" level=info func=new_demo/middleware.Logger.func1 file="F:/new_demo/middleware/logger.go:86" ClientIp="::1" DataSize=1681 HostName=DESKTOP-HIPHS03 Method=GET Path=/api/v1/manager/ SpendTime="1 ms" StatusCode=200 UserAgent=axios/1.6.5
time="2024-01-28 21:41:09" level=info func=new_demo/middleware.Logger.func1 file="F:/new_demo/middleware/logger.go:86" ClientIp="::1" DataSize=1681 HostName=DESKTOP-HIPHS03 Method=GET Path=/api/v1/manager/ SpendTime="1 ms" StatusCode=200 UserAgent=axios/1.6.5
time="2024-01-28 21:41:09" level=info func=new_demo/middleware.Logger.func1 file="F:/new_demo/middleware/logger.go:86" ClientIp="::1" DataSize=302 HostName=DESKTOP-HIPHS03 Method=GET Path=/api/v1/role/ SpendTime="0 ms" StatusCode=200 UserAgent=axios/1.6.5
time="2024-01-28 21:42:09" level=info func=new_demo/middleware.Logger.func1 file="F:/new_demo/middleware/logger.go:86" ClientIp="::1" DataSize=1681 HostName=DESKTOP-HIPHS03 Method=GET Path=/api/v1/manager/ SpendTime="0 ms" StatusCode=200 UserAgent=axios/1.6.5
time="2024-01-28 21:42:09" level=info func=new_demo/middleware.Logger.func1 file="F:/new_demo/middleware/logger.go:86" ClientIp="::1" DataSize=1681 HostName=DESKTOP-HIPHS03 Method=GET Path=/api/v1/manager/ SpendTime="0 ms" StatusCode=200 UserAgent=axios/1.6.5
time="2024-01-28 21:43:09" level=info func=new_demo/middleware.Logger.func1 file="F:/new_demo/middleware/logger.go:86" ClientIp="::1" DataSize=1681 HostName=DESKTOP-HIPHS03 Method=GET Path=/api/v1/manager/ SpendTime="1 ms" StatusCode=200 UserAgent=axios/1.6.5
time="2024-01-28 21:43:09" level=info func=new_demo/middleware.Logger.func1 file="F:/new_demo/middleware/logger.go:86" ClientIp="::1" DataSize=1681 HostName=DESKTOP-HIPHS03 Method=GET Path=/api/v1/manager/ SpendTime="1 ms" StatusCode=200 UserAgent=axios/1.6.5
time="2024-01-28 21:43:09" level=info func=new_demo/middleware.Logger.func1 file="F:/new_demo/middleware/logger.go:86" ClientIp="::1" DataSize=1681 HostName=DESKTOP-HIPHS03 Method=GET Path=/api/v1/manager/ SpendTime="1 ms" StatusCode=200 UserAgent=axios/1.6.5
time="2024-01-28 21:43:09" level=info func=new_demo/middleware.Logger.func1 file="F:/new_demo/middleware/logger.go:86" ClientIp="::1" DataSize=302 HostName=DESKTOP-HIPHS03 Method=GET Path=/api/v1/role/ SpendTime="1 ms" StatusCode=200 UserAgent=axios/1.6.5
time="2024-01-28 21:44:09" level=info func=new_demo/middleware.Logger.func1 file="F:/new_demo/middleware/logger.go:86" ClientIp="::1" DataSize=1681 HostName=DESKTOP-HIPHS03 Method=GET Path=/api/v1/manager/ SpendTime="1 ms" StatusCode=200 UserAgent=axios/1.6.5
time="2024-01-28 21:44:09" level=info func=new_demo/middleware.Logger.func1 file="F:/new_demo/middleware/logger.go:86" ClientIp="::1" DataSize=1681 HostName=DESKTOP-HIPHS03 Method=GET Path=/api/v1/manager/ SpendTime="1 ms" StatusCode=200 UserAgent=axios/1.6.5
time="2024-01-28 21:44:09" level=info func=new_demo/middleware.Logger.func1 file="F:/new_demo/middleware/logger.go:86" ClientIp="::1" DataSize=1681 HostName=DESKTOP-HIPHS03 Method=GET Path=/api/v1/manager/ SpendTime="1 ms" StatusCode=200 UserAgent=axios/1.6.5
time="2024-01-28 21:45:09" level=info func=new_demo/middleware.Logger.func1 file="F:/new_demo/middleware/logger.go:86" ClientIp="::1" DataSize=1681 HostName=DESKTOP-HIPHS03 Method=GET Path=/api/v1/manager/ SpendTime="1 ms" StatusCode=200 UserAgent=axios/1.6.5
time="2024-01-28 21:45:09" level=info func=new_demo/middleware.Logger.func1 file="F:/new_demo/middleware/logger.go:86" ClientIp="::1" DataSize=1681 HostName=DESKTOP-HIPHS03 Method=GET Path=/api/v1/manager/ SpendTime="0 ms" StatusCode=200 UserAgent=axios/1.6.5
time="2024-01-28 21:45:09" level=info func=new_demo/middleware.Logger.func1 file="F:/new_demo/middleware/logger.go:86" ClientIp="::1" DataSize=1681 HostName=DESKTOP-HIPHS03 Method=GET Path=/api/v1/manager/ SpendTime="1 ms" StatusCode=200 UserAgent=axios/1.6.5
time="2024-01-28 21:46:09" level=info func=new_demo/middleware.Logger.func1 file="F:/new_demo/middleware/logger.go:86" ClientIp="::1" DataSize=1681 HostName=DESKTOP-HIPHS03 Method=GET Path=/api/v1/manager/ SpendTime="0 ms" StatusCode=200 UserAgent=axios/1.6.5
time="2024-01-28 21:46:09" level=info func=new_demo/middleware.Logger.func1 file="F:/new_demo/middleware/logger.go:86" ClientIp="::1" DataSize=1681 HostName=DESKTOP-HIPHS03 Method=GET Path=/api/v1/manager/ SpendTime="0 ms" StatusCode=200 UserAgent=axios/1.6.5
time="2024-01-28 21:46:09" level=info func=new_demo/middleware.Logger.func1 file="F:/new_demo/middleware/logger.go:86" ClientIp="::1" DataSize=1681 HostName=DESKTOP-HIPHS03 Method=GET Path=/api/v1/manager/ SpendTime="1 ms" StatusCode=200 UserAgent=axios/1.6.5
time="2024-01-28 21:46:09" level=info func=new_demo/middleware.Logger.func1 file="F:/new_demo/middleware/logger.go:86" ClientIp="::1" DataSize=302 HostName=DESKTOP-HIPHS03 Method=GET Path=/api/v1/role/ SpendTime="0 ms" StatusCode=200 UserAgent=axios/1.6.5
time="2024-01-28 21:46:09" level=info func=new_demo/middleware.Logger.func1 file="F:/new_demo/middleware/logger.go:86" ClientIp="::1" DataSize=1681 HostName=DESKTOP-HIPHS03 Method=GET Path=/api/v1/manager/ SpendTime="1 ms" StatusCode=200 UserAgent=axios/1.6.5
time="2024-01-28 21:47:09" level=info func=new_demo/middleware.Logger.func1 file="F:/new_demo/middleware/logger.go:86" ClientIp="::1" DataSize=1681 HostName=DESKTOP-HIPHS03 Method=GET Path=/api/v1/manager/ SpendTime="0 ms" StatusCode=200 UserAgent=axios/1.6.5
time="2024-01-28 21:47:09" level=info func=new_demo/middleware.Logger.func1 file="F:/new_demo/middleware/logger.go:86" ClientIp="::1" DataSize=1681 HostName=DESKTOP-HIPHS03 Method=GET Path=/api/v1/manager/ SpendTime="0 ms" StatusCode=200 UserAgent=axios/1.6.5
time="2024-01-28 21:47:09" level=info func=new_demo/middleware.Logger.func1 file="F:/new_demo/middleware/logger.go:86" ClientIp="::1" DataSize=1681 HostName=DESKTOP-HIPHS03 Method=GET Path=/api/v1/manager/ SpendTime="0 ms" StatusCode=200 UserAgent=axios/1.6.5
time="2024-01-28 21:47:09" level=info func=new_demo/middleware.Logger.func1 file="F:/new_demo/middleware/logger.go:86" ClientIp="::1" DataSize=1681 HostName=DESKTOP-HIPHS03 Method=GET Path=/api/v1/manager/ SpendTime="1 ms" StatusCode=200 UserAgent=axios/1.6.5
time="2024-01-28 21:47:09" level=info func=new_demo/middleware.Logger.func1 file="F:/new_demo/middleware/logger.go:86" ClientIp="::1" DataSize=1681 HostName=DESKTOP-HIPHS03 Method=GET Path=/api/v1/manager/ SpendTime="1 ms" StatusCode=200 UserAgent=axios/1.6.5
time="2024-01-28 21:48:09" level=info func=new_demo/middleware.Logger.func1 file="F:/new_demo/middleware/logger.go:86" ClientIp="::1" DataSize=1681 HostName=DESKTOP-HIPHS03 Method=GET Path=/api/v1/manager/ SpendTime="1 ms" StatusCode=200 UserAgent=axios/1.6.5
time="2024-01-28 21:48:09" level=info func=new_demo/middleware.Logger.func1 file="F:/new_demo/middleware/logger.go:86" ClientIp="::1" DataSize=1681 HostName=DESKTOP-HIPHS03 Method=GET Path=/api/v1/manager/ SpendTime="1 ms" StatusCode=200 UserAgent=axios/1.6.5
time="2024-01-28 21:48:09" level=info func=new_demo/middleware.Logger.func1 file="F:/new_demo/middleware/logger.go:86" ClientIp="::1" DataSize=1681 HostName=DESKTOP-HIPHS03 Method=GET Path=/api/v1/manager/ SpendTime="0 ms" StatusCode=200 UserAgent=axios/1.6.5
time="2024-01-28 21:48:09" level=info func=new_demo/middleware.Logger.func1 file="F:/new_demo/middleware/logger.go:86" ClientIp="::1" DataSize=1681 HostName=DESKTOP-HIPHS03 Method=GET Path=/api/v1/manager/ SpendTime="0 ms" StatusCode=200 UserAgent=axios/1.6.5
time="2024-01-28 21:48:09" level=info func=new_demo/middleware.Logger.func1 file="F:/new_demo/middleware/logger.go:86" ClientIp="::1" DataSize=1681 HostName=DESKTOP-HIPHS03 Method=GET Path=/api/v1/manager/ SpendTime="1 ms" StatusCode=200 UserAgent=axios/1.6.5
time="2024-01-28 21:49:09" level=info func=new_demo/middleware.Logger.func1 file="F:/new_demo/middleware/logger.go:86" ClientIp="::1" DataSize=302 HostName=DESKTOP-HIPHS03 Method=GET Path=/api/v1/role/ SpendTime="0 ms" StatusCode=200 UserAgent=axios/1.6.5
